2022-05-26 17:46:52.108 [main] INFO  com.tzl.msm.MsmApplication - The following profiles are active: dev
2022-05-26 17:46:53.176 [main] INFO  o.s.d.r.config.RepositoryConfigurationDelegate - Multiple Spring Data modules found, entering strict repository configuration mode!
2022-05-26 17:46:53.180 [main] INFO  o.s.d.r.config.RepositoryConfigurationDelegate - Bootstrapping Spring Data repositories in DEFAULT mode.
2022-05-26 17:46:53.215 [main] INFO  o.s.d.r.config.RepositoryConfigurationDelegate - Finished Spring Data repository scanning in 16ms. Found 0 repository interfaces.
2022-05-26 17:46:53.452 [main] INFO  o.springframework.cloud.context.scope.GenericScope - BeanFactory id=28cd6cab-1a0b-34ff-a7dc-7f24af85b85f
2022-05-26 17:46:53.570 [main] INFO  o.s.c.s.PostProcessorRegistrationDelegate$BeanPostProcessorChecker - Bean 'redisConfig' of type [com.tzl.config.RedisConfig$$EnhancerBySpringCGLIB$$1eea42c0] is not eligible for getting processed by all BeanPostProcessors (for example: not eligible for auto-proxying)
2022-05-26 17:46:53.609 [main] INFO  o.s.c.s.PostProcessorRegistrationDelegate$BeanPostProcessorChecker - Bean 'org.springframework.transaction.annotation.ProxyTransactionManagementConfiguration' of type [org.springframework.transaction.annotation.ProxyTransactionManagementConfiguration] is not eligible for getting processed by all BeanPostProcessors (for example: not eligible for auto-proxying)
2022-05-26 17:46:53.652 [main] INFO  o.s.c.s.PostProcessorRegistrationDelegate$BeanPostProcessorChecker - Bean 'org.springframework.cloud.autoconfigure.ConfigurationPropertiesRebinderAutoConfiguration' of type [org.springframework.cloud.autoconfigure.ConfigurationPropertiesRebinderAutoConfiguration] is not eligible for getting processed by all BeanPostProcessors (for example: not eligible for auto-proxying)
2022-05-26 17:46:53.966 [main] INFO  o.s.boot.web.embedded.tomcat.TomcatWebServer - Tomcat initialized with port(s): 8005 (http)
2022-05-26 17:46:53.980 [main] INFO  org.apache.coyote.http11.Http11NioProtocol - Initializing ProtocolHandler ["http-nio-8005"]
2022-05-26 17:46:53.981 [main] INFO  org.apache.catalina.core.StandardService - Starting service [Tomcat]
2022-05-26 17:46:53.981 [main] INFO  org.apache.catalina.core.StandardEngine - Starting Servlet engine: [Apache Tomcat/9.0.27]
2022-05-26 17:46:54.148 [main] INFO  o.a.c.core.ContainerBase.[Tomcat].[localhost].[/] - Initializing Spring embedded WebApplicationContext
2022-05-26 17:46:54.148 [main] INFO  org.springframework.web.context.ContextLoader - Root WebApplicationContext: initialization completed in 2018 ms
2022-05-26 17:46:55.065 [main] INFO  s.d.s.w.PropertySourcedRequestMappingHandlerMapping - Mapped URL path [/v2/api-docs] onto method [springfox.documentation.swagger2.web.Swagger2Controller#getDocumentation(String, HttpServletRequest)]
2022-05-26 17:46:55.092 [main] INFO  com.netflix.config.sources.URLConfigurationSource - To enable URLs as dynamic configuration sources, define System property archaius.configurationSource.additionalUrls or make config.properties available on classpath.
2022-05-26 17:46:55.099 [main] INFO  com.netflix.config.sources.URLConfigurationSource - To enable URLs as dynamic configuration sources, define System property archaius.configurationSource.additionalUrls or make config.properties available on classpath.
2022-05-26 17:46:55.239 [main] INFO  o.s.scheduling.concurrent.ThreadPoolTaskExecutor - Initializing ExecutorService 'applicationTaskExecutor'
2022-05-26 17:46:55.788 [main] INFO  o.s.scheduling.concurrent.ThreadPoolTaskScheduler - Initializing ExecutorService
2022-05-26 17:46:56.354 [main] INFO  s.d.s.web.plugins.DocumentationPluginsBootstrapper - Context refreshed
2022-05-26 17:46:56.420 [main] INFO  s.d.s.web.plugins.DocumentationPluginsBootstrapper - Found 1 custom documentation plugin(s)
2022-05-26 17:46:56.475 [main] INFO  s.d.spring.web.scanners.ApiListingReferenceScanner - Scanning for api listing references
2022-05-26 17:46:56.671 [main] INFO  org.apache.coyote.http11.Http11NioProtocol - Starting ProtocolHandler ["http-nio-8005"]
2022-05-26 17:46:56.697 [main] INFO  o.s.boot.web.embedded.tomcat.TomcatWebServer - Tomcat started on port(s): 8005 (http) with context path ''
2022-05-26 17:46:56.716 [main] INFO  o.s.c.alibaba.nacos.registry.NacosServiceRegistry - nacos registry, service-msm 192.168.1.8:8005 register finished
2022-05-26 17:46:56.930 [main] INFO  com.tzl.msm.MsmApplication - Started MsmApplication in 6.439 seconds (JVM running for 7.429)
2022-05-26 17:52:35.219 [http-nio-8005-exec-1] INFO  o.a.c.core.ContainerBase.[Tomcat].[localhost].[/] - Initializing Spring DispatcherServlet 'dispatcherServlet'
2022-05-26 17:52:35.219 [http-nio-8005-exec-1] INFO  org.springframework.web.servlet.DispatcherServlet - Initializing Servlet 'dispatcherServlet'
2022-05-26 17:52:35.228 [http-nio-8005-exec-1] INFO  org.springframework.web.servlet.DispatcherServlet - Completed initialization in 9 ms
2022-05-26 17:52:35.452 [http-nio-8005-exec-1] INFO  io.lettuce.core.EpollProvider - Starting without optional epoll library
2022-05-26 17:52:35.456 [http-nio-8005-exec-1] INFO  io.lettuce.core.KqueueProvider - Starting without optional kqueue library
2022-05-26 17:56:02.268 [main] INFO  com.tzl.msm.MsmApplication - The following profiles are active: dev
2022-05-26 17:56:03.326 [main] INFO  o.s.d.r.config.RepositoryConfigurationDelegate - Multiple Spring Data modules found, entering strict repository configuration mode!
2022-05-26 17:56:03.330 [main] INFO  o.s.d.r.config.RepositoryConfigurationDelegate - Bootstrapping Spring Data repositories in DEFAULT mode.
2022-05-26 17:56:03.367 [main] INFO  o.s.d.r.config.RepositoryConfigurationDelegate - Finished Spring Data repository scanning in 16ms. Found 0 repository interfaces.
2022-05-26 17:56:03.622 [main] INFO  o.springframework.cloud.context.scope.GenericScope - BeanFactory id=28cd6cab-1a0b-34ff-a7dc-7f24af85b85f
2022-05-26 17:56:03.739 [main] INFO  o.s.c.s.PostProcessorRegistrationDelegate$BeanPostProcessorChecker - Bean 'redisConfig' of type [com.tzl.config.RedisConfig$$EnhancerBySpringCGLIB$$bb66a736] is not eligible for getting processed by all BeanPostProcessors (for example: not eligible for auto-proxying)
2022-05-26 17:56:03.775 [main] INFO  o.s.c.s.PostProcessorRegistrationDelegate$BeanPostProcessorChecker - Bean 'org.springframework.transaction.annotation.ProxyTransactionManagementConfiguration' of type [org.springframework.transaction.annotation.ProxyTransactionManagementConfiguration] is not eligible for getting processed by all BeanPostProcessors (for example: not eligible for auto-proxying)
2022-05-26 17:56:03.817 [main] INFO  o.s.c.s.PostProcessorRegistrationDelegate$BeanPostProcessorChecker - Bean 'org.springframework.cloud.autoconfigure.ConfigurationPropertiesRebinderAutoConfiguration' of type [org.springframework.cloud.autoconfigure.ConfigurationPropertiesRebinderAutoConfiguration] is not eligible for getting processed by all BeanPostProcessors (for example: not eligible for auto-proxying)
2022-05-26 17:56:04.100 [main] INFO  o.s.boot.web.embedded.tomcat.TomcatWebServer - Tomcat initialized with port(s): 8005 (http)
2022-05-26 17:56:04.114 [main] INFO  org.apache.coyote.http11.Http11NioProtocol - Initializing ProtocolHandler ["http-nio-8005"]
2022-05-26 17:56:04.114 [main] INFO  org.apache.catalina.core.StandardService - Starting service [Tomcat]
2022-05-26 17:56:04.115 [main] INFO  org.apache.catalina.core.StandardEngine - Starting Servlet engine: [Apache Tomcat/9.0.27]
2022-05-26 17:56:04.299 [main] INFO  o.a.c.core.ContainerBase.[Tomcat].[localhost].[/] - Initializing Spring embedded WebApplicationContext
2022-05-26 17:56:04.300 [main] INFO  org.springframework.web.context.ContextLoader - Root WebApplicationContext: initialization completed in 2012 ms
2022-05-26 17:56:05.075 [main] INFO  s.d.s.w.PropertySourcedRequestMappingHandlerMapping - Mapped URL path [/v2/api-docs] onto method [springfox.documentation.swagger2.web.Swagger2Controller#getDocumentation(String, HttpServletRequest)]
2022-05-26 17:56:05.100 [main] INFO  com.netflix.config.sources.URLConfigurationSource - To enable URLs as dynamic configuration sources, define System property archaius.configurationSource.additionalUrls or make config.properties available on classpath.
2022-05-26 17:56:05.106 [main] INFO  com.netflix.config.sources.URLConfigurationSource - To enable URLs as dynamic configuration sources, define System property archaius.configurationSource.additionalUrls or make config.properties available on classpath.
2022-05-26 17:56:05.233 [main] INFO  o.s.scheduling.concurrent.ThreadPoolTaskExecutor - Initializing ExecutorService 'applicationTaskExecutor'
2022-05-26 17:56:05.779 [main] INFO  o.s.scheduling.concurrent.ThreadPoolTaskScheduler - Initializing ExecutorService
2022-05-26 17:56:06.359 [main] INFO  s.d.s.web.plugins.DocumentationPluginsBootstrapper - Context refreshed
2022-05-26 17:56:06.388 [main] INFO  s.d.s.web.plugins.DocumentationPluginsBootstrapper - Found 1 custom documentation plugin(s)
2022-05-26 17:56:06.439 [main] INFO  s.d.spring.web.scanners.ApiListingReferenceScanner - Scanning for api listing references
2022-05-26 17:56:06.621 [main] INFO  org.apache.coyote.http11.Http11NioProtocol - Starting ProtocolHandler ["http-nio-8005"]
2022-05-26 17:56:06.648 [main] INFO  o.s.boot.web.embedded.tomcat.TomcatWebServer - Tomcat started on port(s): 8005 (http) with context path ''
2022-05-26 17:56:06.659 [main] INFO  o.s.c.alibaba.nacos.registry.NacosServiceRegistry - nacos registry, service-msm 192.168.1.8:8005 register finished
2022-05-26 17:56:06.879 [main] INFO  com.tzl.msm.MsmApplication - Started MsmApplication in 6.064 seconds (JVM running for 6.984)
2022-05-26 17:56:13.580 [http-nio-8005-exec-1] INFO  o.a.c.core.ContainerBase.[Tomcat].[localhost].[/] - Initializing Spring DispatcherServlet 'dispatcherServlet'
2022-05-26 17:56:13.581 [http-nio-8005-exec-1] INFO  org.springframework.web.servlet.DispatcherServlet - Initializing Servlet 'dispatcherServlet'
2022-05-26 17:56:13.589 [http-nio-8005-exec-1] INFO  org.springframework.web.servlet.DispatcherServlet - Completed initialization in 8 ms
2022-05-26 17:56:13.755 [http-nio-8005-exec-1] INFO  io.lettuce.core.EpollProvider - Starting without optional epoll library
2022-05-26 17:56:13.759 [http-nio-8005-exec-1] INFO  io.lettuce.core.KqueueProvider - Starting without optional kqueue library
2022-05-26 19:17:10.039 [main] INFO  com.tzl.msm.MsmApplication - The following profiles are active: dev
2022-05-26 19:17:11.996 [main] INFO  o.s.d.r.config.RepositoryConfigurationDelegate - Multiple Spring Data modules found, entering strict repository configuration mode!
2022-05-26 19:17:12.003 [main] INFO  o.s.d.r.config.RepositoryConfigurationDelegate - Bootstrapping Spring Data repositories in DEFAULT mode.
2022-05-26 19:17:12.119 [main] INFO  o.s.d.r.config.RepositoryConfigurationDelegate - Finished Spring Data repository scanning in 33ms. Found 0 repository interfaces.
2022-05-26 19:17:12.778 [main] INFO  o.springframework.cloud.context.scope.GenericScope - BeanFactory id=28cd6cab-1a0b-34ff-a7dc-7f24af85b85f
2022-05-26 19:17:13.008 [main] INFO  o.s.c.s.PostProcessorRegistrationDelegate$BeanPostProcessorChecker - Bean 'redisConfig' of type [com.tzl.config.RedisConfig$$EnhancerBySpringCGLIB$$1] is not eligible for getting processed by all BeanPostProcessors (for example: not eligible for auto-proxying)
2022-05-26 19:17:13.087 [main] INFO  o.s.c.s.PostProcessorRegistrationDelegate$BeanPostProcessorChecker - Bean 'org.springframework.transaction.annotation.ProxyTransactionManagementConfiguration' of type [org.springframework.transaction.annotation.ProxyTransactionManagementConfiguration] is not eligible for getting processed by all BeanPostProcessors (for example: not eligible for auto-proxying)
2022-05-26 19:17:13.180 [main] INFO  o.s.c.s.PostProcessorRegistrationDelegate$BeanPostProcessorChecker - Bean 'org.springframework.cloud.autoconfigure.ConfigurationPropertiesRebinderAutoConfiguration' of type [org.springframework.cloud.autoconfigure.ConfigurationPropertiesRebinderAutoConfiguration] is not eligible for getting processed by all BeanPostProcessors (for example: not eligible for auto-proxying)
2022-05-26 19:17:13.866 [main] INFO  o.s.boot.web.embedded.tomcat.TomcatWebServer - Tomcat initialized with port(s): 8005 (http)
2022-05-26 19:17:13.927 [main] INFO  org.apache.coyote.http11.Http11NioProtocol - Initializing ProtocolHandler ["http-nio-8005"]
2022-05-26 19:17:13.928 [main] INFO  org.apache.catalina.core.StandardService - Starting service [Tomcat]
2022-05-26 19:17:13.928 [main] INFO  org.apache.catalina.core.StandardEngine - Starting Servlet engine: [Apache Tomcat/9.0.27]
2022-05-26 19:17:14.239 [main] INFO  o.a.c.core.ContainerBase.[Tomcat].[localhost].[/] - Initializing Spring embedded WebApplicationContext
2022-05-26 19:17:14.240 [main] INFO  org.springframework.web.context.ContextLoader - Root WebApplicationContext: initialization completed in 4164 ms
2022-05-26 19:17:15.696 [main] INFO  s.d.s.w.PropertySourcedRequestMappingHandlerMapping - Mapped URL path [/v2/api-docs] onto method [springfox.documentation.swagger2.web.Swagger2Controller#getDocumentation(String, HttpServletRequest)]
2022-05-26 19:17:15.742 [main] INFO  com.netflix.config.sources.URLConfigurationSource - To enable URLs as dynamic configuration sources, define System property archaius.configurationSource.additionalUrls or make config.properties available on classpath.
2022-05-26 19:17:15.752 [main] INFO  com.netflix.config.sources.URLConfigurationSource - To enable URLs as dynamic configuration sources, define System property archaius.configurationSource.additionalUrls or make config.properties available on classpath.
2022-05-26 19:17:15.963 [main] INFO  o.s.scheduling.concurrent.ThreadPoolTaskExecutor - Initializing ExecutorService 'applicationTaskExecutor'
2022-05-26 19:17:16.774 [main] INFO  o.s.scheduling.concurrent.ThreadPoolTaskScheduler - Initializing ExecutorService
2022-05-26 19:17:17.460 [main] INFO  s.d.s.web.plugins.DocumentationPluginsBootstrapper - Context refreshed
2022-05-26 19:17:17.510 [main] INFO  s.d.s.web.plugins.DocumentationPluginsBootstrapper - Found 1 custom documentation plugin(s)
2022-05-26 19:17:17.606 [main] INFO  s.d.spring.web.scanners.ApiListingReferenceScanner - Scanning for api listing references
2022-05-26 19:17:17.948 [main] INFO  org.apache.coyote.http11.Http11NioProtocol - Starting ProtocolHandler ["http-nio-8005"]
2022-05-26 19:17:17.994 [main] INFO  o.s.boot.web.embedded.tomcat.TomcatWebServer - Tomcat started on port(s): 8005 (http) with context path ''
2022-05-26 19:17:18.013 [main] INFO  o.s.c.alibaba.nacos.registry.NacosServiceRegistry - nacos registry, service-msm 192.168.1.8:8005 register finished
2022-05-26 19:17:18.249 [main] INFO  com.tzl.msm.MsmApplication - Started MsmApplication in 11.358 seconds (JVM running for 16.183)
2022-05-26 19:17:24.447 [http-nio-8005-exec-1] INFO  o.a.c.core.ContainerBase.[Tomcat].[localhost].[/] - Initializing Spring DispatcherServlet 'dispatcherServlet'
2022-05-26 19:17:24.448 [http-nio-8005-exec-1] INFO  org.springframework.web.servlet.DispatcherServlet - Initializing Servlet 'dispatcherServlet'
2022-05-26 19:17:24.464 [http-nio-8005-exec-1] INFO  org.springframework.web.servlet.DispatcherServlet - Completed initialization in 15 ms
2022-05-26 19:17:24.801 [http-nio-8005-exec-1] INFO  io.lettuce.core.EpollProvider - Starting without optional epoll library
2022-05-26 19:17:24.806 [http-nio-8005-exec-1] INFO  io.lettuce.core.KqueueProvider - Starting without optional kqueue library
2022-05-26 19:22:33.193 [http-nio-8005-exec-2] INFO  o.s.d.r.config.RepositoryConfigurationDelegate - Bootstrapping Spring Data repositories in DEFAULT mode.
2022-05-26 19:22:33.201 [http-nio-8005-exec-2] INFO  o.s.d.r.config.RepositoryConfigurationDelegate - Finished Spring Data repository scanning in 8ms. Found 0 repository interfaces.
2022-05-26 19:22:33.308 [http-nio-8005-exec-2] INFO  s.d.s.w.PropertySourcedRequestMappingHandlerMapping - Mapped URL path [/v2/api-docs] onto method [springfox.documentation.swagger2.web.Swagger2Controller#getDocumentation(String, HttpServletRequest)]
2022-05-27 19:11:21.313 [main] INFO  com.tzl.msm.MsmApplication - The following profiles are active: dev
2022-05-27 19:11:22.374 [main] INFO  o.s.d.r.config.RepositoryConfigurationDelegate - Multiple Spring Data modules found, entering strict repository configuration mode!
2022-05-27 19:11:22.378 [main] INFO  o.s.d.r.config.RepositoryConfigurationDelegate - Bootstrapping Spring Data repositories in DEFAULT mode.
2022-05-27 19:11:22.413 [main] INFO  o.s.d.r.config.RepositoryConfigurationDelegate - Finished Spring Data repository scanning in 17ms. Found 0 repository interfaces.
2022-05-27 19:11:22.683 [main] INFO  o.springframework.cloud.context.scope.GenericScope - BeanFactory id=28cd6cab-1a0b-34ff-a7dc-7f24af85b85f
2022-05-27 19:11:22.799 [main] INFO  o.s.c.s.PostProcessorRegistrationDelegate$BeanPostProcessorChecker - Bean 'redisConfig' of type [com.tzl.config.RedisConfig$$EnhancerBySpringCGLIB$$7ce621ec] is not eligible for getting processed by all BeanPostProcessors (for example: not eligible for auto-proxying)
2022-05-27 19:11:22.836 [main] INFO  o.s.c.s.PostProcessorRegistrationDelegate$BeanPostProcessorChecker - Bean 'org.springframework.transaction.annotation.ProxyTransactionManagementConfiguration' of type [org.springframework.transaction.annotation.ProxyTransactionManagementConfiguration] is not eligible for getting processed by all BeanPostProcessors (for example: not eligible for auto-proxying)
2022-05-27 19:11:22.883 [main] INFO  o.s.c.s.PostProcessorRegistrationDelegate$BeanPostProcessorChecker - Bean 'org.springframework.cloud.autoconfigure.ConfigurationPropertiesRebinderAutoConfiguration' of type [org.springframework.cloud.autoconfigure.ConfigurationPropertiesRebinderAutoConfiguration] is not eligible for getting processed by all BeanPostProcessors (for example: not eligible for auto-proxying)
2022-05-27 19:11:23.206 [main] INFO  o.s.boot.web.embedded.tomcat.TomcatWebServer - Tomcat initialized with port(s): 8005 (http)
2022-05-27 19:11:23.221 [main] INFO  org.apache.coyote.http11.Http11NioProtocol - Initializing ProtocolHandler ["http-nio-8005"]
2022-05-27 19:11:23.221 [main] INFO  org.apache.catalina.core.StandardService - Starting service [Tomcat]
2022-05-27 19:11:23.222 [main] INFO  org.apache.catalina.core.StandardEngine - Starting Servlet engine: [Apache Tomcat/9.0.27]
2022-05-27 19:11:23.397 [main] INFO  o.a.c.core.ContainerBase.[Tomcat].[localhost].[/] - Initializing Spring embedded WebApplicationContext
2022-05-27 19:11:23.398 [main] INFO  org.springframework.web.context.ContextLoader - Root WebApplicationContext: initialization completed in 2050 ms
2022-05-27 19:11:24.217 [main] INFO  s.d.s.w.PropertySourcedRequestMappingHandlerMapping - Mapped URL path [/v2/api-docs] onto method [springfox.documentation.swagger2.web.Swagger2Controller#getDocumentation(String, HttpServletRequest)]
2022-05-27 19:11:24.241 [main] INFO  com.netflix.config.sources.URLConfigurationSource - To enable URLs as dynamic configuration sources, define System property archaius.configurationSource.additionalUrls or make config.properties available on classpath.
2022-05-27 19:11:24.248 [main] INFO  com.netflix.config.sources.URLConfigurationSource - To enable URLs as dynamic configuration sources, define System property archaius.configurationSource.additionalUrls or make config.properties available on classpath.
2022-05-27 19:11:24.380 [main] INFO  o.s.scheduling.concurrent.ThreadPoolTaskExecutor - Initializing ExecutorService 'applicationTaskExecutor'
2022-05-27 19:11:24.965 [main] INFO  o.s.scheduling.concurrent.ThreadPoolTaskScheduler - Initializing ExecutorService
2022-05-27 19:11:25.602 [main] INFO  s.d.s.web.plugins.DocumentationPluginsBootstrapper - Context refreshed
2022-05-27 19:11:25.636 [main] INFO  s.d.s.web.plugins.DocumentationPluginsBootstrapper - Found 1 custom documentation plugin(s)
2022-05-27 19:11:25.689 [main] INFO  s.d.spring.web.scanners.ApiListingReferenceScanner - Scanning for api listing references
2022-05-27 19:11:25.886 [main] INFO  org.apache.coyote.http11.Http11NioProtocol - Starting ProtocolHandler ["http-nio-8005"]
2022-05-27 19:11:25.913 [main] INFO  o.s.boot.web.embedded.tomcat.TomcatWebServer - Tomcat started on port(s): 8005 (http) with context path ''
2022-05-27 19:11:25.928 [main] INFO  o.s.c.alibaba.nacos.registry.NacosServiceRegistry - nacos registry, service-msm 192.168.1.8:8005 register finished
2022-05-27 19:11:26.154 [main] INFO  com.tzl.msm.MsmApplication - Started MsmApplication in 6.363 seconds (JVM running for 7.375)
2022-05-27 19:13:09.546 [http-nio-8005-exec-1] INFO  o.a.c.core.ContainerBase.[Tomcat].[localhost].[/] - Initializing Spring DispatcherServlet 'dispatcherServlet'
2022-05-27 19:13:09.546 [http-nio-8005-exec-1] INFO  org.springframework.web.servlet.DispatcherServlet - Initializing Servlet 'dispatcherServlet'
2022-05-27 19:13:09.554 [http-nio-8005-exec-1] INFO  org.springframework.web.servlet.DispatcherServlet - Completed initialization in 7 ms
2022-05-27 19:13:09.717 [http-nio-8005-exec-1] INFO  io.lettuce.core.EpollProvider - Starting without optional epoll library
2022-05-27 19:13:09.719 [http-nio-8005-exec-1] INFO  io.lettuce.core.KqueueProvider - Starting without optional kqueue library
2022-06-02 20:01:04.674 [main] INFO  com.tzl.msm.MsmApplication - The following profiles are active: dev
2022-06-02 20:01:07.388 [main] INFO  o.s.d.r.config.RepositoryConfigurationDelegate - Multiple Spring Data modules found, entering strict repository configuration mode!
2022-06-02 20:01:07.398 [main] INFO  o.s.d.r.config.RepositoryConfigurationDelegate - Bootstrapping Spring Data repositories in DEFAULT mode.
2022-06-02 20:01:07.566 [main] INFO  o.s.d.r.config.RepositoryConfigurationDelegate - Finished Spring Data repository scanning in 50ms. Found 0 repository interfaces.
2022-06-02 20:01:08.537 [main] INFO  o.springframework.cloud.context.scope.GenericScope - BeanFactory id=28cd6cab-1a0b-34ff-a7dc-7f24af85b85f
2022-06-02 20:01:08.800 [main] INFO  o.s.c.s.PostProcessorRegistrationDelegate$BeanPostProcessorChecker - Bean 'redisConfig' of type [com.tzl.config.RedisConfig$$EnhancerBySpringCGLIB$$1] is not eligible for getting processed by all BeanPostProcessors (for example: not eligible for auto-proxying)
2022-06-02 20:01:08.895 [main] INFO  o.s.c.s.PostProcessorRegistrationDelegate$BeanPostProcessorChecker - Bean 'org.springframework.transaction.annotation.ProxyTransactionManagementConfiguration' of type [org.springframework.transaction.annotation.ProxyTransactionManagementConfiguration] is not eligible for getting processed by all BeanPostProcessors (for example: not eligible for auto-proxying)
2022-06-02 20:01:09.009 [main] INFO  o.s.c.s.PostProcessorRegistrationDelegate$BeanPostProcessorChecker - Bean 'org.springframework.cloud.autoconfigure.ConfigurationPropertiesRebinderAutoConfiguration' of type [org.springframework.cloud.autoconfigure.ConfigurationPropertiesRebinderAutoConfiguration] is not eligible for getting processed by all BeanPostProcessors (for example: not eligible for auto-proxying)
2022-06-02 20:01:10.103 [main] INFO  o.s.boot.web.embedded.tomcat.TomcatWebServer - Tomcat initialized with port(s): 8005 (http)
2022-06-02 20:01:10.189 [main] INFO  org.apache.coyote.http11.Http11NioProtocol - Initializing ProtocolHandler ["http-nio-8005"]
2022-06-02 20:01:10.190 [main] INFO  org.apache.catalina.core.StandardService - Starting service [Tomcat]
2022-06-02 20:01:10.191 [main] INFO  org.apache.catalina.core.StandardEngine - Starting Servlet engine: [Apache Tomcat/9.0.27]
2022-06-02 20:01:10.570 [main] INFO  o.a.c.core.ContainerBase.[Tomcat].[localhost].[/] - Initializing Spring embedded WebApplicationContext
2022-06-02 20:01:10.572 [main] INFO  org.springframework.web.context.ContextLoader - Root WebApplicationContext: initialization completed in 5842 ms
2022-06-02 20:01:12.773 [main] INFO  s.d.s.w.PropertySourcedRequestMappingHandlerMapping - Mapped URL path [/v2/api-docs] onto method [springfox.documentation.swagger2.web.Swagger2Controller#getDocumentation(String, HttpServletRequest)]
2022-06-02 20:01:12.826 [main] INFO  com.netflix.config.sources.URLConfigurationSource - To enable URLs as dynamic configuration sources, define System property archaius.configurationSource.additionalUrls or make config.properties available on classpath.
2022-06-02 20:01:12.839 [main] INFO  com.netflix.config.sources.URLConfigurationSource - To enable URLs as dynamic configuration sources, define System property archaius.configurationSource.additionalUrls or make config.properties available on classpath.
2022-06-02 20:01:13.112 [main] INFO  o.s.scheduling.concurrent.ThreadPoolTaskExecutor - Initializing ExecutorService 'applicationTaskExecutor'
2022-06-02 20:01:14.046 [main] INFO  o.s.scheduling.concurrent.ThreadPoolTaskScheduler - Initializing ExecutorService
2022-06-02 20:01:14.806 [main] INFO  s.d.s.web.plugins.DocumentationPluginsBootstrapper - Context refreshed
2022-06-02 20:01:14.872 [main] INFO  s.d.s.web.plugins.DocumentationPluginsBootstrapper - Found 1 custom documentation plugin(s)
2022-06-02 20:01:15.043 [main] INFO  s.d.spring.web.scanners.ApiListingReferenceScanner - Scanning for api listing references
2022-06-02 20:01:15.569 [main] INFO  org.apache.coyote.http11.Http11NioProtocol - Starting ProtocolHandler ["http-nio-8005"]
2022-06-02 20:01:15.623 [main] INFO  o.s.boot.web.embedded.tomcat.TomcatWebServer - Tomcat started on port(s): 8005 (http) with context path ''
2022-06-02 20:01:15.649 [main] INFO  o.s.c.alibaba.nacos.registry.NacosServiceRegistry - nacos registry, service-msm 192.168.1.8:8005 register finished
2022-06-02 20:01:15.950 [main] INFO  com.tzl.msm.MsmApplication - Started MsmApplication in 15.883 seconds (JVM running for 22.076)
2022-06-08 14:57:46.333 [main] INFO  com.tzl.msm.MsmApplication - The following profiles are active: dev
2022-06-08 14:57:47.514 [main] INFO  o.s.d.r.config.RepositoryConfigurationDelegate - Multiple Spring Data modules found, entering strict repository configuration mode!
2022-06-08 14:57:47.517 [main] INFO  o.s.d.r.config.RepositoryConfigurationDelegate - Bootstrapping Spring Data repositories in DEFAULT mode.
2022-06-08 14:57:47.554 [main] INFO  o.s.d.r.config.RepositoryConfigurationDelegate - Finished Spring Data repository scanning in 20ms. Found 0 repository interfaces.
2022-06-08 14:57:47.812 [main] INFO  o.springframework.cloud.context.scope.GenericScope - BeanFactory id=3a920115-3100-3890-b71c-c57700525506
2022-06-08 14:57:47.948 [main] INFO  o.s.c.s.PostProcessorRegistrationDelegate$BeanPostProcessorChecker - Bean 'redisConfig' of type [com.tzl.config.RedisConfig$$EnhancerBySpringCGLIB$$16a95c7] is not eligible for getting processed by all BeanPostProcessors (for example: not eligible for auto-proxying)
2022-06-08 14:57:47.986 [main] INFO  o.s.c.s.PostProcessorRegistrationDelegate$BeanPostProcessorChecker - Bean 'org.springframework.transaction.annotation.ProxyTransactionManagementConfiguration' of type [org.springframework.transaction.annotation.ProxyTransactionManagementConfiguration] is not eligible for getting processed by all BeanPostProcessors (for example: not eligible for auto-proxying)
2022-06-08 14:57:48.032 [main] INFO  o.s.c.s.PostProcessorRegistrationDelegate$BeanPostProcessorChecker - Bean 'org.springframework.cloud.autoconfigure.ConfigurationPropertiesRebinderAutoConfiguration' of type [org.springframework.cloud.autoconfigure.ConfigurationPropertiesRebinderAutoConfiguration] is not eligible for getting processed by all BeanPostProcessors (for example: not eligible for auto-proxying)
2022-06-08 14:57:48.401 [main] INFO  o.s.boot.web.embedded.tomcat.TomcatWebServer - Tomcat initialized with port(s): 8005 (http)
2022-06-08 14:57:48.415 [main] INFO  org.apache.coyote.http11.Http11NioProtocol - Initializing ProtocolHandler ["http-nio-8005"]
2022-06-08 14:57:48.415 [main] INFO  org.apache.catalina.core.StandardService - Starting service [Tomcat]
2022-06-08 14:57:48.415 [main] INFO  org.apache.catalina.core.StandardEngine - Starting Servlet engine: [Apache Tomcat/9.0.27]
2022-06-08 14:57:48.666 [main] INFO  o.a.c.core.ContainerBase.[Tomcat].[localhost].[/] - Initializing Spring embedded WebApplicationContext
2022-06-08 14:57:48.667 [main] INFO  org.springframework.web.context.ContextLoader - Root WebApplicationContext: initialization completed in 2294 ms
2022-06-08 14:57:49.469 [main] INFO  s.d.s.w.PropertySourcedRequestMappingHandlerMapping - Mapped URL path [/v2/api-docs] onto method [springfox.documentation.swagger2.web.Swagger2Controller#getDocumentation(String, HttpServletRequest)]
2022-06-08 14:57:49.496 [main] INFO  com.netflix.config.sources.URLConfigurationSource - To enable URLs as dynamic configuration sources, define System property archaius.configurationSource.additionalUrls or make config.properties available on classpath.
2022-06-08 14:57:49.501 [main] INFO  com.netflix.config.sources.URLConfigurationSource - To enable URLs as dynamic configuration sources, define System property archaius.configurationSource.additionalUrls or make config.properties available on classpath.
2022-06-08 14:57:49.641 [main] INFO  o.s.scheduling.concurrent.ThreadPoolTaskExecutor - Initializing ExecutorService 'applicationTaskExecutor'
2022-06-08 14:57:50.410 [main] INFO  o.s.scheduling.concurrent.ThreadPoolTaskScheduler - Initializing ExecutorService
2022-06-08 14:57:51.385 [main] INFO  s.d.s.web.plugins.DocumentationPluginsBootstrapper - Context refreshed
2022-06-08 14:57:51.413 [main] INFO  s.d.s.web.plugins.DocumentationPluginsBootstrapper - Found 1 custom documentation plugin(s)
2022-06-08 14:57:51.473 [main] INFO  s.d.spring.web.scanners.ApiListingReferenceScanner - Scanning for api listing references
2022-06-08 14:57:51.681 [main] INFO  org.apache.coyote.http11.Http11NioProtocol - Starting ProtocolHandler ["http-nio-8005"]
2022-06-08 14:57:51.713 [main] INFO  o.s.boot.web.embedded.tomcat.TomcatWebServer - Tomcat started on port(s): 8005 (http) with context path ''
2022-06-08 14:57:51.725 [main] INFO  o.s.c.alibaba.nacos.registry.NacosServiceRegistry - nacos registry, service-msm 192.168.1.159:8005 register finished
2022-06-08 14:57:52.115 [main] INFO  com.tzl.msm.MsmApplication - Started MsmApplication in 7.97 seconds (JVM running for 9.116)
2022-06-08 15:14:34.099 [main] INFO  com.tzl.msm.MsmApplication - The following profiles are active: dev
2022-06-08 15:14:35.226 [main] INFO  o.s.d.r.config.RepositoryConfigurationDelegate - Multiple Spring Data modules found, entering strict repository configuration mode!
2022-06-08 15:14:35.230 [main] INFO  o.s.d.r.config.RepositoryConfigurationDelegate - Bootstrapping Spring Data repositories in DEFAULT mode.
2022-06-08 15:14:35.264 [main] INFO  o.s.d.r.config.RepositoryConfigurationDelegate - Finished Spring Data repository scanning in 17ms. Found 0 repository interfaces.
2022-06-08 15:14:35.600 [main] INFO  o.springframework.cloud.context.scope.GenericScope - BeanFactory id=28cd6cab-1a0b-34ff-a7dc-7f24af85b85f
2022-06-08 15:14:35.729 [main] INFO  o.s.c.s.PostProcessorRegistrationDelegate$BeanPostProcessorChecker - Bean 'redisConfig' of type [com.tzl.config.RedisConfig$$EnhancerBySpringCGLIB$$8c42731f] is not eligible for getting processed by all BeanPostProcessors (for example: not eligible for auto-proxying)
2022-06-08 15:14:35.769 [main] INFO  o.s.c.s.PostProcessorRegistrationDelegate$BeanPostProcessorChecker - Bean 'org.springframework.transaction.annotation.ProxyTransactionManagementConfiguration' of type [org.springframework.transaction.annotation.ProxyTransactionManagementConfiguration] is not eligible for getting processed by all BeanPostProcessors (for example: not eligible for auto-proxying)
2022-06-08 15:14:35.809 [main] INFO  o.s.c.s.PostProcessorRegistrationDelegate$BeanPostProcessorChecker - Bean 'org.springframework.cloud.autoconfigure.ConfigurationPropertiesRebinderAutoConfiguration' of type [org.springframework.cloud.autoconfigure.ConfigurationPropertiesRebinderAutoConfiguration] is not eligible for getting processed by all BeanPostProcessors (for example: not eligible for auto-proxying)
2022-06-08 15:14:36.122 [main] INFO  o.s.boot.web.embedded.tomcat.TomcatWebServer - Tomcat initialized with port(s): 8005 (http)
2022-06-08 15:14:36.138 [main] INFO  org.apache.coyote.http11.Http11NioProtocol - Initializing ProtocolHandler ["http-nio-8005"]
2022-06-08 15:14:36.139 [main] INFO  org.apache.catalina.core.StandardService - Starting service [Tomcat]
2022-06-08 15:14:36.140 [main] INFO  org.apache.catalina.core.StandardEngine - Starting Servlet engine: [Apache Tomcat/9.0.27]
2022-06-08 15:14:36.349 [main] INFO  o.a.c.core.ContainerBase.[Tomcat].[localhost].[/] - Initializing Spring embedded WebApplicationContext
2022-06-08 15:14:36.349 [main] INFO  org.springframework.web.context.ContextLoader - Root WebApplicationContext: initialization completed in 2225 ms
2022-06-08 15:14:37.539 [main] INFO  s.d.s.w.PropertySourcedRequestMappingHandlerMapping - Mapped URL path [/v2/api-docs] onto method [springfox.documentation.swagger2.web.Swagger2Controller#getDocumentation(String, HttpServletRequest)]
2022-06-08 15:14:37.574 [main] INFO  com.netflix.config.sources.URLConfigurationSource - To enable URLs as dynamic configuration sources, define System property archaius.configurationSource.additionalUrls or make config.properties available on classpath.
2022-06-08 15:14:37.581 [main] INFO  com.netflix.config.sources.URLConfigurationSource - To enable URLs as dynamic configuration sources, define System property archaius.configurationSource.additionalUrls or make config.properties available on classpath.
2022-06-08 15:14:37.745 [main] INFO  o.s.scheduling.concurrent.ThreadPoolTaskExecutor - Initializing ExecutorService 'applicationTaskExecutor'
2022-06-08 15:14:38.715 [main] INFO  o.s.scheduling.concurrent.ThreadPoolTaskScheduler - Initializing ExecutorService
2022-06-08 15:14:40.185 [main] INFO  s.d.s.web.plugins.DocumentationPluginsBootstrapper - Context refreshed
2022-06-08 15:14:40.256 [main] INFO  s.d.s.web.plugins.DocumentationPluginsBootstrapper - Found 1 custom documentation plugin(s)
2022-06-08 15:14:40.344 [main] INFO  s.d.spring.web.scanners.ApiListingReferenceScanner - Scanning for api listing references
2022-06-08 15:14:40.770 [main] INFO  org.apache.coyote.http11.Http11NioProtocol - Starting ProtocolHandler ["http-nio-8005"]
2022-06-08 15:14:40.811 [main] INFO  o.s.boot.web.embedded.tomcat.TomcatWebServer - Tomcat started on port(s): 8005 (http) with context path ''
2022-06-08 15:14:40.826 [main] INFO  o.s.c.alibaba.nacos.registry.NacosServiceRegistry - nacos registry, service-msm 192.168.1.159:8005 register finished
2022-06-08 15:14:41.549 [main] INFO  com.tzl.msm.MsmApplication - Started MsmApplication in 9.542 seconds (JVM running for 10.742)
2022-06-08 15:17:29.787 [http-nio-8005-exec-2] INFO  o.a.c.core.ContainerBase.[Tomcat].[localhost].[/] - Initializing Spring DispatcherServlet 'dispatcherServlet'
2022-06-08 15:17:29.787 [http-nio-8005-exec-2] INFO  org.springframework.web.servlet.DispatcherServlet - Initializing Servlet 'dispatcherServlet'
2022-06-08 15:17:29.794 [http-nio-8005-exec-2] INFO  org.springframework.web.servlet.DispatcherServlet - Completed initialization in 6 ms
2022-06-08 15:17:29.953 [http-nio-8005-exec-2] INFO  io.lettuce.core.EpollProvider - Starting without optional epoll library
2022-06-08 15:17:29.955 [http-nio-8005-exec-2] INFO  io.lettuce.core.KqueueProvider - Starting without optional kqueue library
2022-06-08 15:27:26.523 [main] INFO  com.tzl.msm.MsmApplication - The following profiles are active: dev
2022-06-08 15:27:28.093 [main] INFO  o.s.d.r.config.RepositoryConfigurationDelegate - Multiple Spring Data modules found, entering strict repository configuration mode!
2022-06-08 15:27:28.096 [main] INFO  o.s.d.r.config.RepositoryConfigurationDelegate - Bootstrapping Spring Data repositories in DEFAULT mode.
2022-06-08 15:27:28.155 [main] INFO  o.s.d.r.config.RepositoryConfigurationDelegate - Finished Spring Data repository scanning in 31ms. Found 0 repository interfaces.
2022-06-08 15:27:28.606 [main] INFO  o.springframework.cloud.context.scope.GenericScope - BeanFactory id=28cd6cab-1a0b-34ff-a7dc-7f24af85b85f
2022-06-08 15:27:28.808 [main] INFO  o.s.c.s.PostProcessorRegistrationDelegate$BeanPostProcessorChecker - Bean 'redisConfig' of type [com.tzl.config.RedisConfig$$EnhancerBySpringCGLIB$$1] is not eligible for getting processed by all BeanPostProcessors (for example: not eligible for auto-proxying)
2022-06-08 15:27:29.099 [main] INFO  o.s.c.s.PostProcessorRegistrationDelegate$BeanPostProcessorChecker - Bean 'org.springframework.transaction.annotation.ProxyTransactionManagementConfiguration' of type [org.springframework.transaction.annotation.ProxyTransactionManagementConfiguration] is not eligible for getting processed by all BeanPostProcessors (for example: not eligible for auto-proxying)
2022-06-08 15:27:29.175 [main] INFO  o.s.c.s.PostProcessorRegistrationDelegate$BeanPostProcessorChecker - Bean 'org.springframework.cloud.autoconfigure.ConfigurationPropertiesRebinderAutoConfiguration' of type [org.springframework.cloud.autoconfigure.ConfigurationPropertiesRebinderAutoConfiguration] is not eligible for getting processed by all BeanPostProcessors (for example: not eligible for auto-proxying)
2022-06-08 15:27:29.724 [main] INFO  o.s.boot.web.embedded.tomcat.TomcatWebServer - Tomcat initialized with port(s): 8005 (http)
2022-06-08 15:27:29.752 [main] INFO  org.apache.coyote.http11.Http11NioProtocol - Initializing ProtocolHandler ["http-nio-8005"]
2022-06-08 15:27:29.753 [main] INFO  org.apache.catalina.core.StandardService - Starting service [Tomcat]
2022-06-08 15:27:29.753 [main] INFO  org.apache.catalina.core.StandardEngine - Starting Servlet engine: [Apache Tomcat/9.0.27]
2022-06-08 15:27:29.996 [main] INFO  o.a.c.core.ContainerBase.[Tomcat].[localhost].[/] - Initializing Spring embedded WebApplicationContext
2022-06-08 15:27:29.996 [main] INFO  org.springframework.web.context.ContextLoader - Root WebApplicationContext: initialization completed in 3429 ms
2022-06-08 15:27:31.226 [main] INFO  s.d.s.w.PropertySourcedRequestMappingHandlerMapping - Mapped URL path [/v2/api-docs] onto method [springfox.documentation.swagger2.web.Swagger2Controller#getDocumentation(String, HttpServletRequest)]
2022-06-08 15:27:31.272 [main] INFO  com.netflix.config.sources.URLConfigurationSource - To enable URLs as dynamic configuration sources, define System property archaius.configurationSource.additionalUrls or make config.properties available on classpath.
2022-06-08 15:27:31.295 [main] INFO  com.netflix.config.sources.URLConfigurationSource - To enable URLs as dynamic configuration sources, define System property archaius.configurationSource.additionalUrls or make config.properties available on classpath.
2022-06-08 15:27:31.496 [main] INFO  o.s.scheduling.concurrent.ThreadPoolTaskExecutor - Initializing ExecutorService 'applicationTaskExecutor'
2022-06-08 15:27:32.439 [main] INFO  o.s.scheduling.concurrent.ThreadPoolTaskScheduler - Initializing ExecutorService
2022-06-08 15:27:33.529 [main] INFO  s.d.s.web.plugins.DocumentationPluginsBootstrapper - Context refreshed
2022-06-08 15:27:33.564 [main] INFO  s.d.s.web.plugins.DocumentationPluginsBootstrapper - Found 1 custom documentation plugin(s)
2022-06-08 15:27:33.642 [main] INFO  s.d.spring.web.scanners.ApiListingReferenceScanner - Scanning for api listing references
2022-06-08 15:27:33.935 [main] INFO  org.apache.coyote.http11.Http11NioProtocol - Starting ProtocolHandler ["http-nio-8005"]
2022-06-08 15:27:33.981 [main] INFO  o.s.boot.web.embedded.tomcat.TomcatWebServer - Tomcat started on port(s): 8005 (http) with context path ''
2022-06-08 15:27:34.034 [main] INFO  o.s.c.alibaba.nacos.registry.NacosServiceRegistry - nacos registry, service-msm 192.168.1.159:8005 register finished
2022-06-08 15:27:34.468 [main] INFO  com.tzl.msm.MsmApplication - Started MsmApplication in 10.64 seconds (JVM running for 15.413)
2022-06-08 15:28:09.203 [http-nio-8005-exec-1] INFO  o.a.c.core.ContainerBase.[Tomcat].[localhost].[/] - Initializing Spring DispatcherServlet 'dispatcherServlet'
2022-06-08 15:28:09.203 [http-nio-8005-exec-1] INFO  org.springframework.web.servlet.DispatcherServlet - Initializing Servlet 'dispatcherServlet'
2022-06-08 15:28:09.216 [http-nio-8005-exec-1] INFO  org.springframework.web.servlet.DispatcherServlet - Completed initialization in 12 ms
2022-06-08 15:30:12.232 [http-nio-8005-exec-4] INFO  o.s.d.r.config.RepositoryConfigurationDelegate - Bootstrapping Spring Data repositories in DEFAULT mode.
2022-06-08 15:30:12.247 [http-nio-8005-exec-4] INFO  o.s.d.r.config.RepositoryConfigurationDelegate - Finished Spring Data repository scanning in 14ms. Found 0 repository interfaces.
2022-06-08 15:30:12.351 [http-nio-8005-exec-4] INFO  s.d.s.w.PropertySourcedRequestMappingHandlerMapping - Mapped URL path [/v2/api-docs] onto method [springfox.documentation.swagger2.web.Swagger2Controller#getDocumentation(String, HttpServletRequest)]
2022-06-08 15:30:12.773 [http-nio-8005-exec-4] INFO  io.lettuce.core.EpollProvider - Starting without optional epoll library
2022-06-08 15:30:12.782 [http-nio-8005-exec-4] INFO  io.lettuce.core.KqueueProvider - Starting without optional kqueue library
2022-06-08 17:21:40.162 [main] INFO  com.tzl.msm.MsmApplication - The following profiles are active: dev
2022-06-08 17:21:41.335 [main] INFO  o.s.d.r.config.RepositoryConfigurationDelegate - Multiple Spring Data modules found, entering strict repository configuration mode!
2022-06-08 17:21:41.339 [main] INFO  o.s.d.r.config.RepositoryConfigurationDelegate - Bootstrapping Spring Data repositories in DEFAULT mode.
2022-06-08 17:21:41.384 [main] INFO  o.s.d.r.config.RepositoryConfigurationDelegate - Finished Spring Data repository scanning in 23ms. Found 0 repository interfaces.
2022-06-08 17:21:41.655 [main] INFO  o.springframework.cloud.context.scope.GenericScope - BeanFactory id=49cca7fa-35c0-323e-b79f-19b56e2ff8fe
2022-06-08 17:21:41.794 [main] INFO  o.s.c.s.PostProcessorRegistrationDelegate$BeanPostProcessorChecker - Bean 'redisConfig' of type [com.tzl.config.RedisConfig$$EnhancerBySpringCGLIB$$15b91029] is not eligible for getting processed by all BeanPostProcessors (for example: not eligible for auto-proxying)
2022-06-08 17:21:41.838 [main] INFO  o.s.c.s.PostProcessorRegistrationDelegate$BeanPostProcessorChecker - Bean 'org.springframework.transaction.annotation.ProxyTransactionManagementConfiguration' of type [org.springframework.transaction.annotation.ProxyTransactionManagementConfiguration] is not eligible for getting processed by all BeanPostProcessors (for example: not eligible for auto-proxying)
2022-06-08 17:21:41.885 [main] INFO  o.s.c.s.PostProcessorRegistrationDelegate$BeanPostProcessorChecker - Bean 'org.springframework.cloud.autoconfigure.ConfigurationPropertiesRebinderAutoConfiguration' of type [org.springframework.cloud.autoconfigure.ConfigurationPropertiesRebinderAutoConfiguration] is not eligible for getting processed by all BeanPostProcessors (for example: not eligible for auto-proxying)
2022-06-08 17:21:42.244 [main] INFO  o.s.boot.web.embedded.tomcat.TomcatWebServer - Tomcat initialized with port(s): 8005 (http)
2022-06-08 17:21:42.268 [main] INFO  org.apache.coyote.http11.Http11NioProtocol - Initializing ProtocolHandler ["http-nio-8005"]
2022-06-08 17:21:42.268 [main] INFO  org.apache.catalina.core.StandardService - Starting service [Tomcat]
2022-06-08 17:21:42.269 [main] INFO  org.apache.catalina.core.StandardEngine - Starting Servlet engine: [Apache Tomcat/9.0.27]
2022-06-08 17:21:42.531 [main] INFO  o.a.c.core.ContainerBase.[Tomcat].[localhost].[/] - Initializing Spring embedded WebApplicationContext
2022-06-08 17:21:42.533 [main] INFO  org.springframework.web.context.ContextLoader - Root WebApplicationContext: initialization completed in 2351 ms
2022-06-08 17:21:43.536 [main] INFO  s.d.s.w.PropertySourcedRequestMappingHandlerMapping - Mapped URL path [/v2/api-docs] onto method [springfox.documentation.swagger2.web.Swagger2Controller#getDocumentation(String, HttpServletRequest)]
2022-06-08 17:21:43.571 [main] INFO  com.netflix.config.sources.URLConfigurationSource - To enable URLs as dynamic configuration sources, define System property archaius.configurationSource.additionalUrls or make config.properties available on classpath.
2022-06-08 17:21:43.578 [main] INFO  com.netflix.config.sources.URLConfigurationSource - To enable URLs as dynamic configuration sources, define System property archaius.configurationSource.additionalUrls or make config.properties available on classpath.
2022-06-08 17:21:43.734 [main] INFO  o.s.scheduling.concurrent.ThreadPoolTaskExecutor - Initializing ExecutorService 'applicationTaskExecutor'
2022-06-08 17:21:44.711 [main] INFO  o.s.scheduling.concurrent.ThreadPoolTaskScheduler - Initializing ExecutorService
2022-06-08 17:21:46.038 [main] INFO  s.d.s.web.plugins.DocumentationPluginsBootstrapper - Context refreshed
2022-06-08 17:21:46.076 [main] INFO  s.d.s.web.plugins.DocumentationPluginsBootstrapper - Found 1 custom documentation plugin(s)
2022-06-08 17:21:46.146 [main] INFO  s.d.spring.web.scanners.ApiListingReferenceScanner - Scanning for api listing references
2022-06-08 17:21:46.477 [main] INFO  org.apache.coyote.http11.Http11NioProtocol - Starting ProtocolHandler ["http-nio-8005"]
2022-06-08 17:21:46.518 [main] INFO  o.s.boot.web.embedded.tomcat.TomcatWebServer - Tomcat started on port(s): 8005 (http) with context path ''
2022-06-08 17:21:46.537 [main] INFO  o.s.c.alibaba.nacos.registry.NacosServiceRegistry - nacos registry, service-msm 192.168.1.159:8005 register finished
2022-06-08 17:21:47.056 [main] INFO  com.tzl.msm.MsmApplication - Started MsmApplication in 9.137 seconds (JVM running for 10.429)
2022-06-09 09:26:09.603 [main] INFO  com.tzl.msm.MsmApplication - The following profiles are active: dev
2022-06-09 09:26:12.333 [main] INFO  o.s.d.r.config.RepositoryConfigurationDelegate - Multiple Spring Data modules found, entering strict repository configuration mode!
2022-06-09 09:26:12.343 [main] INFO  o.s.d.r.config.RepositoryConfigurationDelegate - Bootstrapping Spring Data repositories in DEFAULT mode.
2022-06-09 09:26:12.475 [main] INFO  o.s.d.r.config.RepositoryConfigurationDelegate - Finished Spring Data repository scanning in 42ms. Found 0 repository interfaces.
2022-06-09 09:26:13.278 [main] INFO  o.springframework.cloud.context.scope.GenericScope - BeanFactory id=28cd6cab-1a0b-34ff-a7dc-7f24af85b85f
2022-06-09 09:26:13.665 [main] INFO  o.s.c.s.PostProcessorRegistrationDelegate$BeanPostProcessorChecker - Bean 'redisConfig' of type [com.tzl.config.RedisConfig$$EnhancerBySpringCGLIB$$1] is not eligible for getting processed by all BeanPostProcessors (for example: not eligible for auto-proxying)
2022-06-09 09:26:13.824 [main] INFO  o.s.c.s.PostProcessorRegistrationDelegate$BeanPostProcessorChecker - Bean 'org.springframework.transaction.annotation.ProxyTransactionManagementConfiguration' of type [org.springframework.transaction.annotation.ProxyTransactionManagementConfiguration] is not eligible for getting processed by all BeanPostProcessors (for example: not eligible for auto-proxying)
2022-06-09 09:26:13.982 [main] INFO  o.s.c.s.PostProcessorRegistrationDelegate$BeanPostProcessorChecker - Bean 'org.springframework.cloud.autoconfigure.ConfigurationPropertiesRebinderAutoConfiguration' of type [org.springframework.cloud.autoconfigure.ConfigurationPropertiesRebinderAutoConfiguration] is not eligible for getting processed by all BeanPostProcessors (for example: not eligible for auto-proxying)
2022-06-09 09:26:14.857 [main] INFO  o.s.boot.web.embedded.tomcat.TomcatWebServer - Tomcat initialized with port(s): 8005 (http)
2022-06-09 09:26:14.939 [main] INFO  org.apache.coyote.http11.Http11NioProtocol - Initializing ProtocolHandler ["http-nio-8005"]
2022-06-09 09:26:14.940 [main] INFO  org.apache.catalina.core.StandardService - Starting service [Tomcat]
2022-06-09 09:26:14.940 [main] INFO  org.apache.catalina.core.StandardEngine - Starting Servlet engine: [Apache Tomcat/9.0.27]
2022-06-09 09:26:15.331 [main] INFO  o.a.c.core.ContainerBase.[Tomcat].[localhost].[/] - Initializing Spring embedded WebApplicationContext
2022-06-09 09:26:15.332 [main] INFO  org.springframework.web.context.ContextLoader - Root WebApplicationContext: initialization completed in 5603 ms
2022-06-09 09:26:18.040 [main] INFO  s.d.s.w.PropertySourcedRequestMappingHandlerMapping - Mapped URL path [/v2/api-docs] onto method [springfox.documentation.swagger2.web.Swagger2Controller#getDocumentation(String, HttpServletRequest)]
2022-06-09 09:26:18.123 [main] INFO  com.netflix.config.sources.URLConfigurationSource - To enable URLs as dynamic configuration sources, define System property archaius.configurationSource.additionalUrls or make config.properties available on classpath.
2022-06-09 09:26:18.159 [main] INFO  com.netflix.config.sources.URLConfigurationSource - To enable URLs as dynamic configuration sources, define System property archaius.configurationSource.additionalUrls or make config.properties available on classpath.
2022-06-09 09:26:18.685 [main] INFO  o.s.scheduling.concurrent.ThreadPoolTaskExecutor - Initializing ExecutorService 'applicationTaskExecutor'
2022-06-09 09:26:20.760 [main] INFO  o.s.scheduling.concurrent.ThreadPoolTaskScheduler - Initializing ExecutorService
2022-06-09 09:26:22.871 [main] INFO  s.d.s.web.plugins.DocumentationPluginsBootstrapper - Context refreshed
2022-06-09 09:26:22.943 [main] INFO  s.d.s.web.plugins.DocumentationPluginsBootstrapper - Found 1 custom documentation plugin(s)
2022-06-09 09:26:23.104 [main] INFO  s.d.spring.web.scanners.ApiListingReferenceScanner - Scanning for api listing references
2022-06-09 09:26:23.602 [main] INFO  org.apache.coyote.http11.Http11NioProtocol - Starting ProtocolHandler ["http-nio-8005"]
2022-06-09 09:26:23.685 [main] INFO  o.s.boot.web.embedded.tomcat.TomcatWebServer - Tomcat started on port(s): 8005 (http) with context path ''
2022-06-09 09:26:23.749 [main] INFO  o.s.c.alibaba.nacos.registry.NacosServiceRegistry - nacos registry, service-msm 192.168.1.159:8005 register finished
2022-06-09 09:26:24.838 [main] INFO  com.tzl.msm.MsmApplication - Started MsmApplication in 20.411 seconds (JVM running for 26.322)
2022-06-09 09:44:35.364 [http-nio-8005-exec-2] INFO  o.s.d.r.config.RepositoryConfigurationDelegate - Bootstrapping Spring Data repositories in DEFAULT mode.
2022-06-09 09:44:35.376 [http-nio-8005-exec-2] INFO  o.s.d.r.config.RepositoryConfigurationDelegate - Finished Spring Data repository scanning in 10ms. Found 0 repository interfaces.
2022-06-09 09:44:35.477 [http-nio-8005-exec-2] INFO  o.a.c.core.ContainerBase.[Tomcat].[localhost].[/] - Initializing Spring DispatcherServlet 'dispatcherServlet'
2022-06-09 09:44:35.477 [http-nio-8005-exec-2] INFO  org.springframework.web.servlet.DispatcherServlet - Initializing Servlet 'dispatcherServlet'
2022-06-09 09:44:35.500 [http-nio-8005-exec-2] INFO  org.springframework.web.servlet.DispatcherServlet - Completed initialization in 21 ms
2022-06-09 09:44:36.166 [http-nio-8005-exec-2] INFO  io.lettuce.core.EpollProvider - Starting without optional epoll library
2022-06-09 09:44:36.172 [http-nio-8005-exec-2] INFO  io.lettuce.core.KqueueProvider - Starting without optional kqueue library
