2022-05-31 17:58:36.065 [main] INFO  com.tzl.order.OrderApplication - The following profiles are active: dev
2022-05-31 17:58:37.115 [main] INFO  o.s.d.r.config.RepositoryConfigurationDelegate - Multiple Spring Data modules found, entering strict repository configuration mode!
2022-05-31 17:58:37.119 [main] INFO  o.s.d.r.config.RepositoryConfigurationDelegate - Bootstrapping Spring Data repositories in DEFAULT mode.
2022-05-31 17:58:37.151 [main] INFO  o.s.d.r.config.RepositoryConfigurationDelegate - Finished Spring Data repository scanning in 13ms. Found 0 repository interfaces.
2022-05-31 17:58:37.405 [main] INFO  o.springframework.cloud.context.scope.GenericScope - BeanFactory id=6859863c-d031-379a-b09d-8422b884b4ea
2022-05-31 17:58:37.557 [main] INFO  o.s.c.s.PostProcessorRegistrationDelegate$BeanPostProcessorChecker - Bean 'redisConfig' of type [com.tzl.config.RedisConfig$$EnhancerBySpringCGLIB$$70d77e02] is not eligible for getting processed by all BeanPostProcessors (for example: not eligible for auto-proxying)
2022-05-31 17:58:37.596 [main] INFO  o.s.c.s.PostProcessorRegistrationDelegate$BeanPostProcessorChecker - Bean 'org.springframework.transaction.annotation.ProxyTransactionManagementConfiguration' of type [org.springframework.transaction.annotation.ProxyTransactionManagementConfiguration] is not eligible for getting processed by all BeanPostProcessors (for example: not eligible for auto-proxying)
2022-05-31 17:58:37.638 [main] INFO  o.s.c.s.PostProcessorRegistrationDelegate$BeanPostProcessorChecker - Bean 'org.springframework.cloud.autoconfigure.ConfigurationPropertiesRebinderAutoConfiguration' of type [org.springframework.cloud.autoconfigure.ConfigurationPropertiesRebinderAutoConfiguration] is not eligible for getting processed by all BeanPostProcessors (for example: not eligible for auto-proxying)
2022-05-31 17:58:37.963 [main] INFO  o.s.boot.web.embedded.tomcat.TomcatWebServer - Tomcat initialized with port(s): 8006 (http)
2022-05-31 17:58:37.979 [main] INFO  org.apache.coyote.http11.Http11NioProtocol - Initializing ProtocolHandler ["http-nio-8006"]
2022-05-31 17:58:37.980 [main] INFO  org.apache.catalina.core.StandardService - Starting service [Tomcat]
2022-05-31 17:58:37.980 [main] INFO  org.apache.catalina.core.StandardEngine - Starting Servlet engine: [Apache Tomcat/9.0.27]
2022-05-31 17:58:38.139 [main] INFO  o.a.c.core.ContainerBase.[Tomcat].[localhost].[/] - Initializing Spring embedded WebApplicationContext
2022-05-31 17:58:38.139 [main] INFO  org.springframework.web.context.ContextLoader - Root WebApplicationContext: initialization completed in 2051 ms
2022-05-31 17:58:38.482 [main] INFO  com.zaxxer.hikari.HikariDataSource - GuliHikariPool - Starting...
2022-05-31 17:58:39.023 [main] INFO  com.zaxxer.hikari.HikariDataSource - GuliHikariPool - Start completed.
2022-05-31 17:58:39.938 [main] INFO  s.d.s.w.PropertySourcedRequestMappingHandlerMapping - Mapped URL path [/v2/api-docs] onto method [springfox.documentation.swagger2.web.Swagger2Controller#getDocumentation(String, HttpServletRequest)]
2022-05-31 17:58:39.961 [main] INFO  com.netflix.config.sources.URLConfigurationSource - To enable URLs as dynamic configuration sources, define System property archaius.configurationSource.additionalUrls or make config.properties available on classpath.
2022-05-31 17:58:39.966 [main] INFO  com.netflix.config.sources.URLConfigurationSource - To enable URLs as dynamic configuration sources, define System property archaius.configurationSource.additionalUrls or make config.properties available on classpath.
2022-05-31 17:58:40.088 [main] INFO  o.s.scheduling.concurrent.ThreadPoolTaskExecutor - Initializing ExecutorService 'applicationTaskExecutor'
2022-05-31 17:58:40.661 [main] INFO  o.s.scheduling.concurrent.ThreadPoolTaskScheduler - Initializing ExecutorService
2022-05-31 17:58:41.250 [main] INFO  s.d.s.web.plugins.DocumentationPluginsBootstrapper - Context refreshed
2022-05-31 17:58:41.275 [main] INFO  s.d.s.web.plugins.DocumentationPluginsBootstrapper - Found 1 custom documentation plugin(s)
2022-05-31 17:58:41.320 [main] INFO  s.d.spring.web.scanners.ApiListingReferenceScanner - Scanning for api listing references
2022-05-31 17:58:41.418 [main] INFO  org.apache.coyote.http11.Http11NioProtocol - Starting ProtocolHandler ["http-nio-8006"]
2022-05-31 17:58:41.444 [main] INFO  o.s.boot.web.embedded.tomcat.TomcatWebServer - Tomcat started on port(s): 8006 (http) with context path ''
2022-05-31 17:58:41.501 [main] INFO  o.s.c.alibaba.nacos.registry.NacosServiceRegistry - nacos registry, service-order 192.168.1.8:8006 register finished
2022-05-31 17:58:41.733 [main] INFO  com.tzl.order.OrderApplication - Started OrderApplication in 7.241 seconds (JVM running for 8.465)
2022-05-31 17:59:19.135 [http-nio-8006-exec-1] INFO  o.a.c.core.ContainerBase.[Tomcat].[localhost].[/] - Initializing Spring DispatcherServlet 'dispatcherServlet'
2022-05-31 17:59:19.136 [http-nio-8006-exec-1] INFO  org.springframework.web.servlet.DispatcherServlet - Initializing Servlet 'dispatcherServlet'
2022-05-31 17:59:19.144 [http-nio-8006-exec-1] INFO  org.springframework.web.servlet.DispatcherServlet - Completed initialization in 7 ms
2022-05-31 18:00:00.156 [main] INFO  com.tzl.order.OrderApplication - The following profiles are active: dev
2022-05-31 18:00:01.093 [main] INFO  o.s.d.r.config.RepositoryConfigurationDelegate - Multiple Spring Data modules found, entering strict repository configuration mode!
2022-05-31 18:00:01.096 [main] INFO  o.s.d.r.config.RepositoryConfigurationDelegate - Bootstrapping Spring Data repositories in DEFAULT mode.
2022-05-31 18:00:01.125 [main] INFO  o.s.d.r.config.RepositoryConfigurationDelegate - Finished Spring Data repository scanning in 14ms. Found 0 repository interfaces.
2022-05-31 18:00:01.372 [main] INFO  o.springframework.cloud.context.scope.GenericScope - BeanFactory id=6859863c-d031-379a-b09d-8422b884b4ea
2022-05-31 18:00:01.507 [main] INFO  o.s.c.s.PostProcessorRegistrationDelegate$BeanPostProcessorChecker - Bean 'redisConfig' of type [com.tzl.config.RedisConfig$$EnhancerBySpringCGLIB$$4418692c] is not eligible for getting processed by all BeanPostProcessors (for example: not eligible for auto-proxying)
2022-05-31 18:00:01.544 [main] INFO  o.s.c.s.PostProcessorRegistrationDelegate$BeanPostProcessorChecker - Bean 'org.springframework.transaction.annotation.ProxyTransactionManagementConfiguration' of type [org.springframework.transaction.annotation.ProxyTransactionManagementConfiguration] is not eligible for getting processed by all BeanPostProcessors (for example: not eligible for auto-proxying)
2022-05-31 18:00:01.585 [main] INFO  o.s.c.s.PostProcessorRegistrationDelegate$BeanPostProcessorChecker - Bean 'org.springframework.cloud.autoconfigure.ConfigurationPropertiesRebinderAutoConfiguration' of type [org.springframework.cloud.autoconfigure.ConfigurationPropertiesRebinderAutoConfiguration] is not eligible for getting processed by all BeanPostProcessors (for example: not eligible for auto-proxying)
2022-05-31 18:00:01.873 [main] INFO  o.s.boot.web.embedded.tomcat.TomcatWebServer - Tomcat initialized with port(s): 8006 (http)
2022-05-31 18:00:01.886 [main] INFO  org.apache.coyote.http11.Http11NioProtocol - Initializing ProtocolHandler ["http-nio-8006"]
2022-05-31 18:00:01.886 [main] INFO  org.apache.catalina.core.StandardService - Starting service [Tomcat]
2022-05-31 18:00:01.887 [main] INFO  org.apache.catalina.core.StandardEngine - Starting Servlet engine: [Apache Tomcat/9.0.27]
2022-05-31 18:00:02.039 [main] INFO  o.a.c.core.ContainerBase.[Tomcat].[localhost].[/] - Initializing Spring embedded WebApplicationContext
2022-05-31 18:00:02.039 [main] INFO  org.springframework.web.context.ContextLoader - Root WebApplicationContext: initialization completed in 1863 ms
2022-05-31 18:00:02.328 [main] INFO  com.zaxxer.hikari.HikariDataSource - GuliHikariPool - Starting...
2022-05-31 18:00:02.893 [main] INFO  com.zaxxer.hikari.HikariDataSource - GuliHikariPool - Start completed.
2022-05-31 18:00:03.996 [main] INFO  s.d.s.w.PropertySourcedRequestMappingHandlerMapping - Mapped URL path [/v2/api-docs] onto method [springfox.documentation.swagger2.web.Swagger2Controller#getDocumentation(String, HttpServletRequest)]
2022-05-31 18:00:04.048 [main] INFO  com.netflix.config.sources.URLConfigurationSource - To enable URLs as dynamic configuration sources, define System property archaius.configurationSource.additionalUrls or make config.properties available on classpath.
2022-05-31 18:00:04.055 [main] INFO  com.netflix.config.sources.URLConfigurationSource - To enable URLs as dynamic configuration sources, define System property archaius.configurationSource.additionalUrls or make config.properties available on classpath.
2022-05-31 18:00:04.195 [main] INFO  o.s.scheduling.concurrent.ThreadPoolTaskExecutor - Initializing ExecutorService 'applicationTaskExecutor'
2022-05-31 18:00:04.871 [main] INFO  o.s.scheduling.concurrent.ThreadPoolTaskScheduler - Initializing ExecutorService
2022-05-31 18:00:05.617 [main] INFO  s.d.s.web.plugins.DocumentationPluginsBootstrapper - Context refreshed
2022-05-31 18:00:05.644 [main] INFO  s.d.s.web.plugins.DocumentationPluginsBootstrapper - Found 1 custom documentation plugin(s)
2022-05-31 18:00:05.690 [main] INFO  s.d.spring.web.scanners.ApiListingReferenceScanner - Scanning for api listing references
2022-05-31 18:00:05.797 [main] INFO  org.apache.coyote.http11.Http11NioProtocol - Starting ProtocolHandler ["http-nio-8006"]
2022-05-31 18:00:05.822 [main] INFO  o.s.boot.web.embedded.tomcat.TomcatWebServer - Tomcat started on port(s): 8006 (http) with context path ''
2022-05-31 18:00:05.834 [main] INFO  o.s.c.alibaba.nacos.registry.NacosServiceRegistry - nacos registry, service-order 192.168.1.8:8006 register finished
2022-05-31 18:00:06.073 [main] INFO  com.tzl.order.OrderApplication - Started OrderApplication in 7.359 seconds (JVM running for 8.271)
2022-05-31 18:00:13.012 [http-nio-8006-exec-1] INFO  o.a.c.core.ContainerBase.[Tomcat].[localhost].[/] - Initializing Spring DispatcherServlet 'dispatcherServlet'
2022-05-31 18:00:13.054 [http-nio-8006-exec-1] INFO  org.springframework.web.servlet.DispatcherServlet - Initializing Servlet 'dispatcherServlet'
2022-05-31 18:00:13.061 [http-nio-8006-exec-1] INFO  org.springframework.web.servlet.DispatcherServlet - Completed initialization in 6 ms
2022-05-31 18:02:16.575 [main] INFO  com.tzl.order.OrderApplication - The following profiles are active: dev
2022-05-31 18:02:18.131 [main] INFO  o.s.d.r.config.RepositoryConfigurationDelegate - Multiple Spring Data modules found, entering strict repository configuration mode!
2022-05-31 18:02:18.138 [main] INFO  o.s.d.r.config.RepositoryConfigurationDelegate - Bootstrapping Spring Data repositories in DEFAULT mode.
2022-05-31 18:02:18.189 [main] INFO  o.s.d.r.config.RepositoryConfigurationDelegate - Finished Spring Data repository scanning in 19ms. Found 0 repository interfaces.
2022-05-31 18:02:18.587 [main] INFO  o.springframework.cloud.context.scope.GenericScope - BeanFactory id=6859863c-d031-379a-b09d-8422b884b4ea
2022-05-31 18:02:18.800 [main] INFO  o.s.c.s.PostProcessorRegistrationDelegate$BeanPostProcessorChecker - Bean 'redisConfig' of type [com.tzl.config.RedisConfig$$EnhancerBySpringCGLIB$$1] is not eligible for getting processed by all BeanPostProcessors (for example: not eligible for auto-proxying)
2022-05-31 18:02:19.014 [main] INFO  o.s.c.s.PostProcessorRegistrationDelegate$BeanPostProcessorChecker - Bean 'org.springframework.transaction.annotation.ProxyTransactionManagementConfiguration' of type [org.springframework.transaction.annotation.ProxyTransactionManagementConfiguration] is not eligible for getting processed by all BeanPostProcessors (for example: not eligible for auto-proxying)
2022-05-31 18:02:19.073 [main] INFO  o.s.c.s.PostProcessorRegistrationDelegate$BeanPostProcessorChecker - Bean 'org.springframework.cloud.autoconfigure.ConfigurationPropertiesRebinderAutoConfiguration' of type [org.springframework.cloud.autoconfigure.ConfigurationPropertiesRebinderAutoConfiguration] is not eligible for getting processed by all BeanPostProcessors (for example: not eligible for auto-proxying)
2022-05-31 18:02:19.566 [main] INFO  o.s.boot.web.embedded.tomcat.TomcatWebServer - Tomcat initialized with port(s): 8006 (http)
2022-05-31 18:02:19.585 [main] INFO  org.apache.coyote.http11.Http11NioProtocol - Initializing ProtocolHandler ["http-nio-8006"]
2022-05-31 18:02:19.586 [main] INFO  org.apache.catalina.core.StandardService - Starting service [Tomcat]
2022-05-31 18:02:19.586 [main] INFO  org.apache.catalina.core.StandardEngine - Starting Servlet engine: [Apache Tomcat/9.0.27]
2022-05-31 18:02:19.809 [main] INFO  o.a.c.core.ContainerBase.[Tomcat].[localhost].[/] - Initializing Spring embedded WebApplicationContext
2022-05-31 18:02:19.810 [main] INFO  org.springframework.web.context.ContextLoader - Root WebApplicationContext: initialization completed in 3204 ms
2022-05-31 18:02:20.218 [main] INFO  com.zaxxer.hikari.HikariDataSource - GuliHikariPool - Starting...
2022-05-31 18:02:20.494 [main] INFO  com.zaxxer.hikari.HikariDataSource - GuliHikariPool - Start completed.
2022-05-31 18:02:21.907 [main] INFO  s.d.s.w.PropertySourcedRequestMappingHandlerMapping - Mapped URL path [/v2/api-docs] onto method [springfox.documentation.swagger2.web.Swagger2Controller#getDocumentation(String, HttpServletRequest)]
2022-05-31 18:02:21.949 [main] INFO  com.netflix.config.sources.URLConfigurationSource - To enable URLs as dynamic configuration sources, define System property archaius.configurationSource.additionalUrls or make config.properties available on classpath.
2022-05-31 18:02:21.959 [main] INFO  com.netflix.config.sources.URLConfigurationSource - To enable URLs as dynamic configuration sources, define System property archaius.configurationSource.additionalUrls or make config.properties available on classpath.
2022-05-31 18:02:22.162 [main] INFO  o.s.scheduling.concurrent.ThreadPoolTaskExecutor - Initializing ExecutorService 'applicationTaskExecutor'
2022-05-31 18:02:23.259 [main] INFO  o.s.scheduling.concurrent.ThreadPoolTaskScheduler - Initializing ExecutorService
2022-05-31 18:02:24.040 [main] INFO  s.d.s.web.plugins.DocumentationPluginsBootstrapper - Context refreshed
2022-05-31 18:02:24.089 [main] INFO  s.d.s.web.plugins.DocumentationPluginsBootstrapper - Found 1 custom documentation plugin(s)
2022-05-31 18:02:24.162 [main] INFO  s.d.spring.web.scanners.ApiListingReferenceScanner - Scanning for api listing references
2022-05-31 18:02:24.401 [main] INFO  org.apache.coyote.http11.Http11NioProtocol - Starting ProtocolHandler ["http-nio-8006"]
2022-05-31 18:02:24.443 [main] INFO  o.s.boot.web.embedded.tomcat.TomcatWebServer - Tomcat started on port(s): 8006 (http) with context path ''
2022-05-31 18:02:24.471 [main] INFO  o.s.c.alibaba.nacos.registry.NacosServiceRegistry - nacos registry, service-order 192.168.1.8:8006 register finished
2022-05-31 18:02:24.744 [main] INFO  com.tzl.order.OrderApplication - Started OrderApplication in 10.098 seconds (JVM running for 14.244)
2022-05-31 18:02:45.742 [http-nio-8006-exec-1] INFO  o.a.c.core.ContainerBase.[Tomcat].[localhost].[/] - Initializing Spring DispatcherServlet 'dispatcherServlet'
2022-05-31 18:02:45.743 [http-nio-8006-exec-1] INFO  org.springframework.web.servlet.DispatcherServlet - Initializing Servlet 'dispatcherServlet'
2022-05-31 18:02:45.754 [http-nio-8006-exec-1] INFO  org.springframework.web.servlet.DispatcherServlet - Completed initialization in 11 ms
2022-05-31 18:06:05.143 [main] INFO  com.tzl.order.OrderApplication - The following profiles are active: dev
2022-05-31 18:06:06.442 [main] INFO  o.s.d.r.config.RepositoryConfigurationDelegate - Multiple Spring Data modules found, entering strict repository configuration mode!
2022-05-31 18:06:06.446 [main] INFO  o.s.d.r.config.RepositoryConfigurationDelegate - Bootstrapping Spring Data repositories in DEFAULT mode.
2022-05-31 18:06:06.486 [main] INFO  o.s.d.r.config.RepositoryConfigurationDelegate - Finished Spring Data repository scanning in 16ms. Found 0 repository interfaces.
2022-05-31 18:06:06.859 [main] INFO  o.springframework.cloud.context.scope.GenericScope - BeanFactory id=6859863c-d031-379a-b09d-8422b884b4ea
2022-05-31 18:06:07.042 [main] INFO  o.s.c.s.PostProcessorRegistrationDelegate$BeanPostProcessorChecker - Bean 'redisConfig' of type [com.tzl.config.RedisConfig$$EnhancerBySpringCGLIB$$1] is not eligible for getting processed by all BeanPostProcessors (for example: not eligible for auto-proxying)
2022-05-31 18:06:07.236 [main] INFO  o.s.c.s.PostProcessorRegistrationDelegate$BeanPostProcessorChecker - Bean 'org.springframework.transaction.annotation.ProxyTransactionManagementConfiguration' of type [org.springframework.transaction.annotation.ProxyTransactionManagementConfiguration] is not eligible for getting processed by all BeanPostProcessors (for example: not eligible for auto-proxying)
2022-05-31 18:06:07.287 [main] INFO  o.s.c.s.PostProcessorRegistrationDelegate$BeanPostProcessorChecker - Bean 'org.springframework.cloud.autoconfigure.ConfigurationPropertiesRebinderAutoConfiguration' of type [org.springframework.cloud.autoconfigure.ConfigurationPropertiesRebinderAutoConfiguration] is not eligible for getting processed by all BeanPostProcessors (for example: not eligible for auto-proxying)
2022-05-31 18:06:07.738 [main] INFO  o.s.boot.web.embedded.tomcat.TomcatWebServer - Tomcat initialized with port(s): 8006 (http)
2022-05-31 18:06:07.757 [main] INFO  org.apache.coyote.http11.Http11NioProtocol - Initializing ProtocolHandler ["http-nio-8006"]
2022-05-31 18:06:07.758 [main] INFO  org.apache.catalina.core.StandardService - Starting service [Tomcat]
2022-05-31 18:06:07.759 [main] INFO  org.apache.catalina.core.StandardEngine - Starting Servlet engine: [Apache Tomcat/9.0.27]
2022-05-31 18:06:07.958 [main] INFO  o.a.c.core.ContainerBase.[Tomcat].[localhost].[/] - Initializing Spring embedded WebApplicationContext
2022-05-31 18:06:07.958 [main] INFO  org.springframework.web.context.ContextLoader - Root WebApplicationContext: initialization completed in 2786 ms
2022-05-31 18:06:08.337 [main] INFO  com.zaxxer.hikari.HikariDataSource - GuliHikariPool - Starting...
2022-05-31 18:06:08.573 [main] INFO  com.zaxxer.hikari.HikariDataSource - GuliHikariPool - Start completed.
2022-05-31 18:06:09.801 [main] INFO  s.d.s.w.PropertySourcedRequestMappingHandlerMapping - Mapped URL path [/v2/api-docs] onto method [springfox.documentation.swagger2.web.Swagger2Controller#getDocumentation(String, HttpServletRequest)]
2022-05-31 18:06:09.881 [main] INFO  com.netflix.config.sources.URLConfigurationSource - To enable URLs as dynamic configuration sources, define System property archaius.configurationSource.additionalUrls or make config.properties available on classpath.
2022-05-31 18:06:09.887 [main] INFO  com.netflix.config.sources.URLConfigurationSource - To enable URLs as dynamic configuration sources, define System property archaius.configurationSource.additionalUrls or make config.properties available on classpath.
2022-05-31 18:06:10.061 [main] INFO  o.s.scheduling.concurrent.ThreadPoolTaskExecutor - Initializing ExecutorService 'applicationTaskExecutor'
2022-05-31 18:06:10.776 [main] INFO  o.s.scheduling.concurrent.ThreadPoolTaskScheduler - Initializing ExecutorService
2022-05-31 18:06:11.395 [main] INFO  s.d.s.web.plugins.DocumentationPluginsBootstrapper - Context refreshed
2022-05-31 18:06:11.429 [main] INFO  s.d.s.web.plugins.DocumentationPluginsBootstrapper - Found 1 custom documentation plugin(s)
2022-05-31 18:06:11.486 [main] INFO  s.d.spring.web.scanners.ApiListingReferenceScanner - Scanning for api listing references
2022-05-31 18:06:11.690 [main] INFO  org.apache.coyote.http11.Http11NioProtocol - Starting ProtocolHandler ["http-nio-8006"]
2022-05-31 18:06:11.727 [main] INFO  o.s.boot.web.embedded.tomcat.TomcatWebServer - Tomcat started on port(s): 8006 (http) with context path ''
2022-05-31 18:06:11.744 [main] INFO  o.s.c.alibaba.nacos.registry.NacosServiceRegistry - nacos registry, service-order 192.168.1.8:8006 register finished
2022-05-31 18:06:11.963 [main] INFO  com.tzl.order.OrderApplication - Started OrderApplication in 8.525 seconds (JVM running for 12.189)
2022-05-31 18:06:41.268 [http-nio-8006-exec-1] INFO  o.a.c.core.ContainerBase.[Tomcat].[localhost].[/] - Initializing Spring DispatcherServlet 'dispatcherServlet'
2022-05-31 18:06:41.269 [http-nio-8006-exec-1] INFO  org.springframework.web.servlet.DispatcherServlet - Initializing Servlet 'dispatcherServlet'
2022-05-31 18:06:41.279 [http-nio-8006-exec-1] INFO  org.springframework.web.servlet.DispatcherServlet - Completed initialization in 10 ms
2022-06-01 12:57:57.603 [main] INFO  com.tzl.order.OrderApplication - The following profiles are active: dev
2022-06-01 12:57:59.441 [main] INFO  o.s.d.r.config.RepositoryConfigurationDelegate - Multiple Spring Data modules found, entering strict repository configuration mode!
2022-06-01 12:57:59.447 [main] INFO  o.s.d.r.config.RepositoryConfigurationDelegate - Bootstrapping Spring Data repositories in DEFAULT mode.
2022-06-01 12:57:59.494 [main] INFO  o.s.d.r.config.RepositoryConfigurationDelegate - Finished Spring Data repository scanning in 20ms. Found 0 repository interfaces.
2022-06-01 12:57:59.918 [main] INFO  o.springframework.cloud.context.scope.GenericScope - BeanFactory id=a2baf67d-7f5a-3413-8d87-d5d79ab5276b
2022-06-01 12:58:00.282 [main] INFO  o.s.c.s.PostProcessorRegistrationDelegate$BeanPostProcessorChecker - Bean 'redisConfig' of type [com.tzl.config.RedisConfig$$EnhancerBySpringCGLIB$$1] is not eligible for getting processed by all BeanPostProcessors (for example: not eligible for auto-proxying)
2022-06-01 12:58:00.365 [main] INFO  o.s.c.s.PostProcessorRegistrationDelegate$BeanPostProcessorChecker - Bean 'org.springframework.transaction.annotation.ProxyTransactionManagementConfiguration' of type [org.springframework.transaction.annotation.ProxyTransactionManagementConfiguration] is not eligible for getting processed by all BeanPostProcessors (for example: not eligible for auto-proxying)
2022-06-01 12:58:00.432 [main] INFO  o.s.c.s.PostProcessorRegistrationDelegate$BeanPostProcessorChecker - Bean 'org.springframework.cloud.autoconfigure.ConfigurationPropertiesRebinderAutoConfiguration' of type [org.springframework.cloud.autoconfigure.ConfigurationPropertiesRebinderAutoConfiguration] is not eligible for getting processed by all BeanPostProcessors (for example: not eligible for auto-proxying)
2022-06-01 12:58:00.946 [main] INFO  o.s.boot.web.embedded.tomcat.TomcatWebServer - Tomcat initialized with port(s): 8006 (http)
2022-06-01 12:58:00.970 [main] INFO  org.apache.coyote.http11.Http11NioProtocol - Initializing ProtocolHandler ["http-nio-8006"]
2022-06-01 12:58:00.972 [main] INFO  org.apache.catalina.core.StandardService - Starting service [Tomcat]
2022-06-01 12:58:00.972 [main] INFO  org.apache.catalina.core.StandardEngine - Starting Servlet engine: [Apache Tomcat/9.0.27]
2022-06-01 12:58:01.206 [main] INFO  o.a.c.core.ContainerBase.[Tomcat].[localhost].[/] - Initializing Spring embedded WebApplicationContext
2022-06-01 12:58:01.207 [main] INFO  org.springframework.web.context.ContextLoader - Root WebApplicationContext: initialization completed in 3546 ms
2022-06-01 12:58:01.664 [main] INFO  com.zaxxer.hikari.HikariDataSource - GuliHikariPool - Starting...
2022-06-01 12:58:01.963 [main] INFO  com.zaxxer.hikari.HikariDataSource - GuliHikariPool - Start completed.
2022-06-01 12:58:03.619 [main] INFO  s.d.s.w.PropertySourcedRequestMappingHandlerMapping - Mapped URL path [/v2/api-docs] onto method [springfox.documentation.swagger2.web.Swagger2Controller#getDocumentation(String, HttpServletRequest)]
2022-06-01 12:58:03.654 [main] INFO  com.netflix.config.sources.URLConfigurationSource - To enable URLs as dynamic configuration sources, define System property archaius.configurationSource.additionalUrls or make config.properties available on classpath.
2022-06-01 12:58:03.663 [main] INFO  com.netflix.config.sources.URLConfigurationSource - To enable URLs as dynamic configuration sources, define System property archaius.configurationSource.additionalUrls or make config.properties available on classpath.
2022-06-01 12:58:03.854 [main] INFO  o.s.scheduling.concurrent.ThreadPoolTaskExecutor - Initializing ExecutorService 'applicationTaskExecutor'
2022-06-01 12:58:04.638 [main] INFO  o.s.scheduling.concurrent.ThreadPoolTaskScheduler - Initializing ExecutorService
2022-06-01 12:58:05.416 [main] INFO  s.d.s.web.plugins.DocumentationPluginsBootstrapper - Context refreshed
2022-06-01 12:58:05.455 [main] INFO  s.d.s.web.plugins.DocumentationPluginsBootstrapper - Found 1 custom documentation plugin(s)
2022-06-01 12:58:05.525 [main] INFO  s.d.spring.web.scanners.ApiListingReferenceScanner - Scanning for api listing references
2022-06-01 12:58:05.796 [main] INFO  org.apache.coyote.http11.Http11NioProtocol - Starting ProtocolHandler ["http-nio-8006"]
2022-06-01 12:58:05.841 [main] INFO  o.s.boot.web.embedded.tomcat.TomcatWebServer - Tomcat started on port(s): 8006 (http) with context path ''
2022-06-01 12:58:08.307 [main] INFO  com.tzl.order.OrderApplication - Started OrderApplication in 13.197 seconds (JVM running for 17.474)
2022-06-01 12:58:28.313 [main] INFO  com.tzl.order.OrderApplication - The following profiles are active: dev
2022-06-01 12:58:29.831 [main] INFO  o.s.d.r.config.RepositoryConfigurationDelegate - Multiple Spring Data modules found, entering strict repository configuration mode!
2022-06-01 12:58:29.837 [main] INFO  o.s.d.r.config.RepositoryConfigurationDelegate - Bootstrapping Spring Data repositories in DEFAULT mode.
2022-06-01 12:58:29.896 [main] INFO  o.s.d.r.config.RepositoryConfigurationDelegate - Finished Spring Data repository scanning in 27ms. Found 0 repository interfaces.
2022-06-01 12:58:30.322 [main] INFO  o.springframework.cloud.context.scope.GenericScope - BeanFactory id=a2baf67d-7f5a-3413-8d87-d5d79ab5276b
2022-06-01 12:58:30.580 [main] INFO  o.s.c.s.PostProcessorRegistrationDelegate$BeanPostProcessorChecker - Bean 'redisConfig' of type [com.tzl.config.RedisConfig$$EnhancerBySpringCGLIB$$1] is not eligible for getting processed by all BeanPostProcessors (for example: not eligible for auto-proxying)
2022-06-01 12:58:30.879 [main] INFO  o.s.c.s.PostProcessorRegistrationDelegate$BeanPostProcessorChecker - Bean 'org.springframework.transaction.annotation.ProxyTransactionManagementConfiguration' of type [org.springframework.transaction.annotation.ProxyTransactionManagementConfiguration] is not eligible for getting processed by all BeanPostProcessors (for example: not eligible for auto-proxying)
2022-06-01 12:58:30.943 [main] INFO  o.s.c.s.PostProcessorRegistrationDelegate$BeanPostProcessorChecker - Bean 'org.springframework.cloud.autoconfigure.ConfigurationPropertiesRebinderAutoConfiguration' of type [org.springframework.cloud.autoconfigure.ConfigurationPropertiesRebinderAutoConfiguration] is not eligible for getting processed by all BeanPostProcessors (for example: not eligible for auto-proxying)
2022-06-01 12:58:31.515 [main] INFO  o.s.boot.web.embedded.tomcat.TomcatWebServer - Tomcat initialized with port(s): 8006 (http)
2022-06-01 12:58:31.565 [main] INFO  org.apache.coyote.http11.Http11NioProtocol - Initializing ProtocolHandler ["http-nio-8006"]
2022-06-01 12:58:31.566 [main] INFO  org.apache.catalina.core.StandardService - Starting service [Tomcat]
2022-06-01 12:58:31.567 [main] INFO  org.apache.catalina.core.StandardEngine - Starting Servlet engine: [Apache Tomcat/9.0.27]
2022-06-01 12:58:31.877 [main] INFO  o.a.c.core.ContainerBase.[Tomcat].[localhost].[/] - Initializing Spring embedded WebApplicationContext
2022-06-01 12:58:31.878 [main] INFO  org.springframework.web.context.ContextLoader - Root WebApplicationContext: initialization completed in 3529 ms
2022-06-01 12:58:32.361 [main] INFO  com.zaxxer.hikari.HikariDataSource - GuliHikariPool - Starting...
2022-06-01 12:58:32.634 [main] INFO  com.zaxxer.hikari.HikariDataSource - GuliHikariPool - Start completed.
2022-06-01 12:58:34.585 [main] INFO  s.d.s.w.PropertySourcedRequestMappingHandlerMapping - Mapped URL path [/v2/api-docs] onto method [springfox.documentation.swagger2.web.Swagger2Controller#getDocumentation(String, HttpServletRequest)]
2022-06-01 12:58:34.628 [main] INFO  com.netflix.config.sources.URLConfigurationSource - To enable URLs as dynamic configuration sources, define System property archaius.configurationSource.additionalUrls or make config.properties available on classpath.
2022-06-01 12:58:34.637 [main] INFO  com.netflix.config.sources.URLConfigurationSource - To enable URLs as dynamic configuration sources, define System property archaius.configurationSource.additionalUrls or make config.properties available on classpath.
2022-06-01 12:58:34.874 [main] INFO  o.s.scheduling.concurrent.ThreadPoolTaskExecutor - Initializing ExecutorService 'applicationTaskExecutor'
2022-06-01 12:58:35.854 [main] INFO  o.s.scheduling.concurrent.ThreadPoolTaskScheduler - Initializing ExecutorService
2022-06-01 12:58:36.606 [main] INFO  s.d.s.web.plugins.DocumentationPluginsBootstrapper - Context refreshed
2022-06-01 12:58:36.640 [main] INFO  s.d.s.web.plugins.DocumentationPluginsBootstrapper - Found 1 custom documentation plugin(s)
2022-06-01 12:58:36.715 [main] INFO  s.d.spring.web.scanners.ApiListingReferenceScanner - Scanning for api listing references
2022-06-01 12:58:36.978 [main] INFO  org.apache.coyote.http11.Http11NioProtocol - Starting ProtocolHandler ["http-nio-8006"]
2022-06-01 12:58:37.019 [main] INFO  o.s.boot.web.embedded.tomcat.TomcatWebServer - Tomcat started on port(s): 8006 (http) with context path ''
2022-06-01 12:58:37.039 [main] INFO  o.s.c.alibaba.nacos.registry.NacosServiceRegistry - nacos registry, service-order 192.168.1.8:8006 register finished
2022-06-01 12:58:37.331 [main] INFO  com.tzl.order.OrderApplication - Started OrderApplication in 11.139 seconds (JVM running for 14.935)
2022-06-01 13:00:49.775 [http-nio-8006-exec-1] INFO  o.a.c.core.ContainerBase.[Tomcat].[localhost].[/] - Initializing Spring DispatcherServlet 'dispatcherServlet'
2022-06-01 13:00:49.776 [http-nio-8006-exec-1] INFO  org.springframework.web.servlet.DispatcherServlet - Initializing Servlet 'dispatcherServlet'
2022-06-01 13:00:49.794 [http-nio-8006-exec-1] INFO  org.springframework.web.servlet.DispatcherServlet - Completed initialization in 18 ms
2022-06-01 13:01:01.742 [hystrix-service-user-1] INFO  com.netflix.config.ChainedDynamicProperty - Flipping property: service-user.ribbon.ActiveConnectionsLimit to use NEXT property: niws.loadbalancer.availabilityFilteringRule.activeConnectionsLimit = 2147483647
2022-06-01 13:01:01.770 [hystrix-service-user-1] INFO  com.netflix.loadbalancer.BaseLoadBalancer - Client: service-user instantiated a LoadBalancer: DynamicServerListLoadBalancer:{NFLoadBalancer:name=service-user,current list of Servers=[],Load balancer stats=Zone stats: {},Server stats: []}ServerList:null
2022-06-01 13:01:01.784 [hystrix-service-user-1] INFO  c.n.loadbalancer.DynamicServerListLoadBalancer - Using serverListUpdater PollingServerListUpdater
2022-06-01 13:01:01.810 [hystrix-service-user-1] INFO  com.netflix.config.ChainedDynamicProperty - Flipping property: service-user.ribbon.ActiveConnectionsLimit to use NEXT property: niws.loadbalancer.availabilityFilteringRule.activeConnectionsLimit = 2147483647
2022-06-01 13:01:01.813 [hystrix-service-user-1] INFO  c.n.loadbalancer.DynamicServerListLoadBalancer - DynamicServerListLoadBalancer for client service-user initialized: DynamicServerListLoadBalancer:{NFLoadBalancer:name=service-user,current list of Servers=[192.168.1.8:8160],Load balancer stats=Zone stats: {unknown=[Zone:unknown;	Instance count:1;	Active connections count: 0;	Circuit breaker tripped count: 0;	Active connections per server: 0.0;]
},Server stats: [[Server:192.168.1.8:8160;	Zone:UNKNOWN;	Total Requests:0;	Successive connection failure:0;	Total blackout seconds:0;	Last connection made:Thu Jan 01 08:00:00 CST 1970;	First connection made: Thu Jan 01 08:00:00 CST 1970;	Active Connections:0;	total failure count in last (1000) msecs:0;	average resp time:0.0;	90 percentile resp time:0.0;	95 percentile resp time:0.0;	min resp time:0.0;	max resp time:0.0;	stddev resp time:0.0]
]}ServerList:org.springframework.cloud.alibaba.nacos.ribbon.NacosServerList@2e632e2d
2022-06-01 13:01:02.430 [hystrix-service-edu-1] INFO  com.netflix.config.ChainedDynamicProperty - Flipping property: service-edu.ribbon.ActiveConnectionsLimit to use NEXT property: niws.loadbalancer.availabilityFilteringRule.activeConnectionsLimit = 2147483647
2022-06-01 13:01:02.432 [hystrix-service-edu-1] INFO  com.netflix.loadbalancer.BaseLoadBalancer - Client: service-edu instantiated a LoadBalancer: DynamicServerListLoadBalancer:{NFLoadBalancer:name=service-edu,current list of Servers=[],Load balancer stats=Zone stats: {},Server stats: []}ServerList:null
2022-06-01 13:01:02.433 [hystrix-service-edu-1] INFO  c.n.loadbalancer.DynamicServerListLoadBalancer - Using serverListUpdater PollingServerListUpdater
2022-06-01 13:01:02.435 [hystrix-service-edu-1] INFO  com.netflix.config.ChainedDynamicProperty - Flipping property: service-edu.ribbon.ActiveConnectionsLimit to use NEXT property: niws.loadbalancer.availabilityFilteringRule.activeConnectionsLimit = 2147483647
2022-06-01 13:01:02.436 [hystrix-service-edu-1] INFO  c.n.loadbalancer.DynamicServerListLoadBalancer - DynamicServerListLoadBalancer for client service-edu initialized: DynamicServerListLoadBalancer:{NFLoadBalancer:name=service-edu,current list of Servers=[192.168.1.8:8001],Load balancer stats=Zone stats: {unknown=[Zone:unknown;	Instance count:1;	Active connections count: 0;	Circuit breaker tripped count: 0;	Active connections per server: 0.0;]
},Server stats: [[Server:192.168.1.8:8001;	Zone:UNKNOWN;	Total Requests:0;	Successive connection failure:0;	Total blackout seconds:0;	Last connection made:Thu Jan 01 08:00:00 CST 1970;	First connection made: Thu Jan 01 08:00:00 CST 1970;	Active Connections:0;	total failure count in last (1000) msecs:0;	average resp time:0.0;	90 percentile resp time:0.0;	95 percentile resp time:0.0;	min resp time:0.0;	max resp time:0.0;	stddev resp time:0.0]
]}ServerList:org.springframework.cloud.alibaba.nacos.ribbon.NacosServerList@64f7f14
2022-06-01 13:01:02.807 [PollingServerListUpdater-0] INFO  com.netflix.config.ChainedDynamicProperty - Flipping property: service-user.ribbon.ActiveConnectionsLimit to use NEXT property: niws.loadbalancer.availabilityFilteringRule.activeConnectionsLimit = 2147483647
2022-06-01 13:01:03.439 [PollingServerListUpdater-1] INFO  com.netflix.config.ChainedDynamicProperty - Flipping property: service-edu.ribbon.ActiveConnectionsLimit to use NEXT property: niws.loadbalancer.availabilityFilteringRule.activeConnectionsLimit = 2147483647
2022-06-01 13:02:12.224 [http-nio-8006-exec-2] INFO  o.s.d.r.config.RepositoryConfigurationDelegate - Bootstrapping Spring Data repositories in DEFAULT mode.
2022-06-01 13:02:12.241 [http-nio-8006-exec-2] INFO  o.s.d.r.config.RepositoryConfigurationDelegate - Finished Spring Data repository scanning in 15ms. Found 0 repository interfaces.
2022-06-01 13:02:24.784 [main] INFO  com.tzl.order.OrderApplication - The following profiles are active: dev
2022-06-01 13:02:26.150 [main] INFO  o.s.d.r.config.RepositoryConfigurationDelegate - Multiple Spring Data modules found, entering strict repository configuration mode!
2022-06-01 13:02:26.155 [main] INFO  o.s.d.r.config.RepositoryConfigurationDelegate - Bootstrapping Spring Data repositories in DEFAULT mode.
2022-06-01 13:02:26.200 [main] INFO  o.s.d.r.config.RepositoryConfigurationDelegate - Finished Spring Data repository scanning in 20ms. Found 0 repository interfaces.
2022-06-01 13:02:26.598 [main] INFO  o.springframework.cloud.context.scope.GenericScope - BeanFactory id=a2baf67d-7f5a-3413-8d87-d5d79ab5276b
2022-06-01 13:02:26.956 [main] INFO  o.s.c.s.PostProcessorRegistrationDelegate$BeanPostProcessorChecker - Bean 'redisConfig' of type [com.tzl.config.RedisConfig$$EnhancerBySpringCGLIB$$1] is not eligible for getting processed by all BeanPostProcessors (for example: not eligible for auto-proxying)
2022-06-01 13:02:27.023 [main] INFO  o.s.c.s.PostProcessorRegistrationDelegate$BeanPostProcessorChecker - Bean 'org.springframework.transaction.annotation.ProxyTransactionManagementConfiguration' of type [org.springframework.transaction.annotation.ProxyTransactionManagementConfiguration] is not eligible for getting processed by all BeanPostProcessors (for example: not eligible for auto-proxying)
2022-06-01 13:02:27.079 [main] INFO  o.s.c.s.PostProcessorRegistrationDelegate$BeanPostProcessorChecker - Bean 'org.springframework.cloud.autoconfigure.ConfigurationPropertiesRebinderAutoConfiguration' of type [org.springframework.cloud.autoconfigure.ConfigurationPropertiesRebinderAutoConfiguration] is not eligible for getting processed by all BeanPostProcessors (for example: not eligible for auto-proxying)
2022-06-01 13:02:27.502 [main] INFO  o.s.boot.web.embedded.tomcat.TomcatWebServer - Tomcat initialized with port(s): 8006 (http)
2022-06-01 13:02:27.525 [main] INFO  org.apache.coyote.http11.Http11NioProtocol - Initializing ProtocolHandler ["http-nio-8006"]
2022-06-01 13:02:27.526 [main] INFO  org.apache.catalina.core.StandardService - Starting service [Tomcat]
2022-06-01 13:02:27.527 [main] INFO  org.apache.catalina.core.StandardEngine - Starting Servlet engine: [Apache Tomcat/9.0.27]
2022-06-01 13:02:27.727 [main] INFO  o.a.c.core.ContainerBase.[Tomcat].[localhost].[/] - Initializing Spring embedded WebApplicationContext
2022-06-01 13:02:27.727 [main] INFO  org.springframework.web.context.ContextLoader - Root WebApplicationContext: initialization completed in 2908 ms
2022-06-01 13:02:28.090 [main] INFO  com.zaxxer.hikari.HikariDataSource - GuliHikariPool - Starting...
2022-06-01 13:02:28.337 [main] INFO  com.zaxxer.hikari.HikariDataSource - GuliHikariPool - Start completed.
2022-06-01 13:02:29.784 [main] INFO  s.d.s.w.PropertySourcedRequestMappingHandlerMapping - Mapped URL path [/v2/api-docs] onto method [springfox.documentation.swagger2.web.Swagger2Controller#getDocumentation(String, HttpServletRequest)]
2022-06-01 13:02:29.819 [main] INFO  com.netflix.config.sources.URLConfigurationSource - To enable URLs as dynamic configuration sources, define System property archaius.configurationSource.additionalUrls or make config.properties available on classpath.
2022-06-01 13:02:29.825 [main] INFO  com.netflix.config.sources.URLConfigurationSource - To enable URLs as dynamic configuration sources, define System property archaius.configurationSource.additionalUrls or make config.properties available on classpath.
2022-06-01 13:02:29.995 [main] INFO  o.s.scheduling.concurrent.ThreadPoolTaskExecutor - Initializing ExecutorService 'applicationTaskExecutor'
2022-06-01 13:02:30.750 [main] INFO  o.s.scheduling.concurrent.ThreadPoolTaskScheduler - Initializing ExecutorService
2022-06-01 13:02:31.339 [main] INFO  s.d.s.web.plugins.DocumentationPluginsBootstrapper - Context refreshed
2022-06-01 13:02:31.373 [main] INFO  s.d.s.web.plugins.DocumentationPluginsBootstrapper - Found 1 custom documentation plugin(s)
2022-06-01 13:02:31.451 [main] INFO  s.d.spring.web.scanners.ApiListingReferenceScanner - Scanning for api listing references
2022-06-01 13:02:31.675 [main] INFO  org.apache.coyote.http11.Http11NioProtocol - Starting ProtocolHandler ["http-nio-8006"]
2022-06-01 13:02:31.712 [main] INFO  o.s.boot.web.embedded.tomcat.TomcatWebServer - Tomcat started on port(s): 8006 (http) with context path ''
2022-06-01 13:02:31.759 [main] INFO  o.s.c.alibaba.nacos.registry.NacosServiceRegistry - nacos registry, service-order 192.168.1.8:8006 register finished
2022-06-01 13:02:31.977 [main] INFO  com.tzl.order.OrderApplication - Started OrderApplication in 9.029 seconds (JVM running for 12.893)
2022-06-01 13:02:36.991 [http-nio-8006-exec-1] INFO  o.a.c.core.ContainerBase.[Tomcat].[localhost].[/] - Initializing Spring DispatcherServlet 'dispatcherServlet'
2022-06-01 13:02:36.991 [http-nio-8006-exec-1] INFO  org.springframework.web.servlet.DispatcherServlet - Initializing Servlet 'dispatcherServlet'
2022-06-01 13:02:37.003 [http-nio-8006-exec-1] INFO  org.springframework.web.servlet.DispatcherServlet - Completed initialization in 11 ms
2022-06-01 13:02:37.783 [hystrix-service-user-1] INFO  com.netflix.config.ChainedDynamicProperty - Flipping property: service-user.ribbon.ActiveConnectionsLimit to use NEXT property: niws.loadbalancer.availabilityFilteringRule.activeConnectionsLimit = 2147483647
2022-06-01 13:02:37.802 [hystrix-service-user-1] INFO  com.netflix.loadbalancer.BaseLoadBalancer - Client: service-user instantiated a LoadBalancer: DynamicServerListLoadBalancer:{NFLoadBalancer:name=service-user,current list of Servers=[],Load balancer stats=Zone stats: {},Server stats: []}ServerList:null
2022-06-01 13:02:37.812 [hystrix-service-user-1] INFO  c.n.loadbalancer.DynamicServerListLoadBalancer - Using serverListUpdater PollingServerListUpdater
2022-06-01 13:02:37.828 [hystrix-service-user-1] INFO  com.netflix.config.ChainedDynamicProperty - Flipping property: service-user.ribbon.ActiveConnectionsLimit to use NEXT property: niws.loadbalancer.availabilityFilteringRule.activeConnectionsLimit = 2147483647
2022-06-01 13:02:37.830 [hystrix-service-user-1] INFO  c.n.loadbalancer.DynamicServerListLoadBalancer - DynamicServerListLoadBalancer for client service-user initialized: DynamicServerListLoadBalancer:{NFLoadBalancer:name=service-user,current list of Servers=[192.168.1.8:8160],Load balancer stats=Zone stats: {unknown=[Zone:unknown;	Instance count:1;	Active connections count: 0;	Circuit breaker tripped count: 0;	Active connections per server: 0.0;]
},Server stats: [[Server:192.168.1.8:8160;	Zone:UNKNOWN;	Total Requests:0;	Successive connection failure:0;	Total blackout seconds:0;	Last connection made:Thu Jan 01 08:00:00 CST 1970;	First connection made: Thu Jan 01 08:00:00 CST 1970;	Active Connections:0;	total failure count in last (1000) msecs:0;	average resp time:0.0;	90 percentile resp time:0.0;	95 percentile resp time:0.0;	min resp time:0.0;	max resp time:0.0;	stddev resp time:0.0]
]}ServerList:org.springframework.cloud.alibaba.nacos.ribbon.NacosServerList@e94922c
2022-06-01 13:02:38.011 [hystrix-service-edu-1] INFO  com.netflix.config.ChainedDynamicProperty - Flipping property: service-edu.ribbon.ActiveConnectionsLimit to use NEXT property: niws.loadbalancer.availabilityFilteringRule.activeConnectionsLimit = 2147483647
2022-06-01 13:02:38.012 [hystrix-service-edu-1] INFO  com.netflix.loadbalancer.BaseLoadBalancer - Client: service-edu instantiated a LoadBalancer: DynamicServerListLoadBalancer:{NFLoadBalancer:name=service-edu,current list of Servers=[],Load balancer stats=Zone stats: {},Server stats: []}ServerList:null
2022-06-01 13:02:38.013 [hystrix-service-edu-1] INFO  c.n.loadbalancer.DynamicServerListLoadBalancer - Using serverListUpdater PollingServerListUpdater
2022-06-01 13:02:38.016 [hystrix-service-edu-1] INFO  com.netflix.config.ChainedDynamicProperty - Flipping property: service-edu.ribbon.ActiveConnectionsLimit to use NEXT property: niws.loadbalancer.availabilityFilteringRule.activeConnectionsLimit = 2147483647
2022-06-01 13:02:38.017 [hystrix-service-edu-1] INFO  c.n.loadbalancer.DynamicServerListLoadBalancer - DynamicServerListLoadBalancer for client service-edu initialized: DynamicServerListLoadBalancer:{NFLoadBalancer:name=service-edu,current list of Servers=[192.168.1.8:8001],Load balancer stats=Zone stats: {unknown=[Zone:unknown;	Instance count:1;	Active connections count: 0;	Circuit breaker tripped count: 0;	Active connections per server: 0.0;]
},Server stats: [[Server:192.168.1.8:8001;	Zone:UNKNOWN;	Total Requests:0;	Successive connection failure:0;	Total blackout seconds:0;	Last connection made:Thu Jan 01 08:00:00 CST 1970;	First connection made: Thu Jan 01 08:00:00 CST 1970;	Active Connections:0;	total failure count in last (1000) msecs:0;	average resp time:0.0;	90 percentile resp time:0.0;	95 percentile resp time:0.0;	min resp time:0.0;	max resp time:0.0;	stddev resp time:0.0]
]}ServerList:org.springframework.cloud.alibaba.nacos.ribbon.NacosServerList@1280d6fa
2022-06-01 13:02:38.820 [PollingServerListUpdater-0] INFO  com.netflix.config.ChainedDynamicProperty - Flipping property: service-user.ribbon.ActiveConnectionsLimit to use NEXT property: niws.loadbalancer.availabilityFilteringRule.activeConnectionsLimit = 2147483647
2022-06-01 13:02:39.025 [PollingServerListUpdater-1] INFO  com.netflix.config.ChainedDynamicProperty - Flipping property: service-edu.ribbon.ActiveConnectionsLimit to use NEXT property: niws.loadbalancer.availabilityFilteringRule.activeConnectionsLimit = 2147483647
2022-06-01 13:24:52.107 [http-nio-8006-exec-4] INFO  o.s.d.r.config.RepositoryConfigurationDelegate - Bootstrapping Spring Data repositories in DEFAULT mode.
2022-06-01 13:24:52.128 [http-nio-8006-exec-4] INFO  o.s.d.r.config.RepositoryConfigurationDelegate - Finished Spring Data repository scanning in 20ms. Found 0 repository interfaces.
2022-06-01 13:25:23.145 [main] INFO  com.tzl.order.OrderApplication - The following profiles are active: dev
2022-06-01 13:25:24.589 [main] INFO  o.s.d.r.config.RepositoryConfigurationDelegate - Multiple Spring Data modules found, entering strict repository configuration mode!
2022-06-01 13:25:24.593 [main] INFO  o.s.d.r.config.RepositoryConfigurationDelegate - Bootstrapping Spring Data repositories in DEFAULT mode.
2022-06-01 13:25:24.637 [main] INFO  o.s.d.r.config.RepositoryConfigurationDelegate - Finished Spring Data repository scanning in 22ms. Found 0 repository interfaces.
2022-06-01 13:25:25.059 [main] INFO  o.springframework.cloud.context.scope.GenericScope - BeanFactory id=a2baf67d-7f5a-3413-8d87-d5d79ab5276b
2022-06-01 13:25:25.384 [main] INFO  o.s.c.s.PostProcessorRegistrationDelegate$BeanPostProcessorChecker - Bean 'redisConfig' of type [com.tzl.config.RedisConfig$$EnhancerBySpringCGLIB$$1] is not eligible for getting processed by all BeanPostProcessors (for example: not eligible for auto-proxying)
2022-06-01 13:25:25.452 [main] INFO  o.s.c.s.PostProcessorRegistrationDelegate$BeanPostProcessorChecker - Bean 'org.springframework.transaction.annotation.ProxyTransactionManagementConfiguration' of type [org.springframework.transaction.annotation.ProxyTransactionManagementConfiguration] is not eligible for getting processed by all BeanPostProcessors (for example: not eligible for auto-proxying)
2022-06-01 13:25:25.510 [main] INFO  o.s.c.s.PostProcessorRegistrationDelegate$BeanPostProcessorChecker - Bean 'org.springframework.cloud.autoconfigure.ConfigurationPropertiesRebinderAutoConfiguration' of type [org.springframework.cloud.autoconfigure.ConfigurationPropertiesRebinderAutoConfiguration] is not eligible for getting processed by all BeanPostProcessors (for example: not eligible for auto-proxying)
2022-06-01 13:25:25.952 [main] INFO  o.s.boot.web.embedded.tomcat.TomcatWebServer - Tomcat initialized with port(s): 8006 (http)
2022-06-01 13:25:25.972 [main] INFO  org.apache.coyote.http11.Http11NioProtocol - Initializing ProtocolHandler ["http-nio-8006"]
2022-06-01 13:25:25.973 [main] INFO  org.apache.catalina.core.StandardService - Starting service [Tomcat]
2022-06-01 13:25:25.973 [main] INFO  org.apache.catalina.core.StandardEngine - Starting Servlet engine: [Apache Tomcat/9.0.27]
2022-06-01 13:25:26.232 [main] INFO  o.a.c.core.ContainerBase.[Tomcat].[localhost].[/] - Initializing Spring embedded WebApplicationContext
2022-06-01 13:25:26.233 [main] INFO  org.springframework.web.context.ContextLoader - Root WebApplicationContext: initialization completed in 3051 ms
2022-06-01 13:25:26.651 [main] INFO  com.zaxxer.hikari.HikariDataSource - GuliHikariPool - Starting...
2022-06-01 13:25:26.900 [main] INFO  com.zaxxer.hikari.HikariDataSource - GuliHikariPool - Start completed.
2022-06-01 13:25:28.538 [main] INFO  s.d.s.w.PropertySourcedRequestMappingHandlerMapping - Mapped URL path [/v2/api-docs] onto method [springfox.documentation.swagger2.web.Swagger2Controller#getDocumentation(String, HttpServletRequest)]
2022-06-01 13:25:28.572 [main] INFO  com.netflix.config.sources.URLConfigurationSource - To enable URLs as dynamic configuration sources, define System property archaius.configurationSource.additionalUrls or make config.properties available on classpath.
2022-06-01 13:25:28.578 [main] INFO  com.netflix.config.sources.URLConfigurationSource - To enable URLs as dynamic configuration sources, define System property archaius.configurationSource.additionalUrls or make config.properties available on classpath.
2022-06-01 13:25:28.752 [main] INFO  o.s.scheduling.concurrent.ThreadPoolTaskExecutor - Initializing ExecutorService 'applicationTaskExecutor'
2022-06-01 13:25:29.500 [main] INFO  o.s.scheduling.concurrent.ThreadPoolTaskScheduler - Initializing ExecutorService
2022-06-01 13:25:30.184 [main] INFO  s.d.s.web.plugins.DocumentationPluginsBootstrapper - Context refreshed
2022-06-01 13:25:30.218 [main] INFO  s.d.s.web.plugins.DocumentationPluginsBootstrapper - Found 1 custom documentation plugin(s)
2022-06-01 13:25:30.312 [main] INFO  s.d.spring.web.scanners.ApiListingReferenceScanner - Scanning for api listing references
2022-06-01 13:25:30.594 [main] INFO  org.apache.coyote.http11.Http11NioProtocol - Starting ProtocolHandler ["http-nio-8006"]
2022-06-01 13:25:30.635 [main] INFO  o.s.boot.web.embedded.tomcat.TomcatWebServer - Tomcat started on port(s): 8006 (http) with context path ''
2022-06-01 13:25:30.677 [main] INFO  o.s.c.alibaba.nacos.registry.NacosServiceRegistry - nacos registry, service-order 192.168.1.8:8006 register finished
2022-06-01 13:25:30.937 [main] INFO  com.tzl.order.OrderApplication - Started OrderApplication in 9.73 seconds (JVM running for 13.568)
2022-06-01 13:25:49.780 [rebel-change-detector-thread] INFO  o.s.d.r.config.RepositoryConfigurationDelegate - Bootstrapping Spring Data repositories in DEFAULT mode.
2022-06-01 13:25:49.795 [rebel-change-detector-thread] INFO  o.s.d.r.config.RepositoryConfigurationDelegate - Finished Spring Data repository scanning in 14ms. Found 0 repository interfaces.
2022-06-01 13:26:15.483 [main] INFO  com.tzl.order.OrderApplication - The following profiles are active: dev
2022-06-01 13:26:16.955 [main] INFO  o.s.d.r.config.RepositoryConfigurationDelegate - Multiple Spring Data modules found, entering strict repository configuration mode!
2022-06-01 13:26:16.959 [main] INFO  o.s.d.r.config.RepositoryConfigurationDelegate - Bootstrapping Spring Data repositories in DEFAULT mode.
2022-06-01 13:26:17.008 [main] INFO  o.s.d.r.config.RepositoryConfigurationDelegate - Finished Spring Data repository scanning in 22ms. Found 0 repository interfaces.
2022-06-01 13:26:17.375 [main] INFO  o.springframework.cloud.context.scope.GenericScope - BeanFactory id=a2baf67d-7f5a-3413-8d87-d5d79ab5276b
2022-06-01 13:26:17.704 [main] INFO  o.s.c.s.PostProcessorRegistrationDelegate$BeanPostProcessorChecker - Bean 'redisConfig' of type [com.tzl.config.RedisConfig$$EnhancerBySpringCGLIB$$1] is not eligible for getting processed by all BeanPostProcessors (for example: not eligible for auto-proxying)
2022-06-01 13:26:17.798 [main] INFO  o.s.c.s.PostProcessorRegistrationDelegate$BeanPostProcessorChecker - Bean 'org.springframework.transaction.annotation.ProxyTransactionManagementConfiguration' of type [org.springframework.transaction.annotation.ProxyTransactionManagementConfiguration] is not eligible for getting processed by all BeanPostProcessors (for example: not eligible for auto-proxying)
2022-06-01 13:26:17.855 [main] INFO  o.s.c.s.PostProcessorRegistrationDelegate$BeanPostProcessorChecker - Bean 'org.springframework.cloud.autoconfigure.ConfigurationPropertiesRebinderAutoConfiguration' of type [org.springframework.cloud.autoconfigure.ConfigurationPropertiesRebinderAutoConfiguration] is not eligible for getting processed by all BeanPostProcessors (for example: not eligible for auto-proxying)
2022-06-01 13:26:18.305 [main] INFO  o.s.boot.web.embedded.tomcat.TomcatWebServer - Tomcat initialized with port(s): 8006 (http)
2022-06-01 13:26:18.324 [main] INFO  org.apache.coyote.http11.Http11NioProtocol - Initializing ProtocolHandler ["http-nio-8006"]
2022-06-01 13:26:18.325 [main] INFO  org.apache.catalina.core.StandardService - Starting service [Tomcat]
2022-06-01 13:26:18.325 [main] INFO  org.apache.catalina.core.StandardEngine - Starting Servlet engine: [Apache Tomcat/9.0.27]
2022-06-01 13:26:18.558 [main] INFO  o.a.c.core.ContainerBase.[Tomcat].[localhost].[/] - Initializing Spring embedded WebApplicationContext
2022-06-01 13:26:18.558 [main] INFO  org.springframework.web.context.ContextLoader - Root WebApplicationContext: initialization completed in 3038 ms
2022-06-01 13:26:18.938 [main] INFO  com.zaxxer.hikari.HikariDataSource - GuliHikariPool - Starting...
2022-06-01 13:26:19.194 [main] INFO  com.zaxxer.hikari.HikariDataSource - GuliHikariPool - Start completed.
2022-06-01 13:26:20.763 [main] INFO  s.d.s.w.PropertySourcedRequestMappingHandlerMapping - Mapped URL path [/v2/api-docs] onto method [springfox.documentation.swagger2.web.Swagger2Controller#getDocumentation(String, HttpServletRequest)]
2022-06-01 13:26:20.796 [main] INFO  com.netflix.config.sources.URLConfigurationSource - To enable URLs as dynamic configuration sources, define System property archaius.configurationSource.additionalUrls or make config.properties available on classpath.
2022-06-01 13:26:20.805 [main] INFO  com.netflix.config.sources.URLConfigurationSource - To enable URLs as dynamic configuration sources, define System property archaius.configurationSource.additionalUrls or make config.properties available on classpath.
2022-06-01 13:26:20.972 [main] INFO  o.s.scheduling.concurrent.ThreadPoolTaskExecutor - Initializing ExecutorService 'applicationTaskExecutor'
2022-06-01 13:26:21.672 [main] INFO  o.s.scheduling.concurrent.ThreadPoolTaskScheduler - Initializing ExecutorService
2022-06-01 13:26:22.297 [main] INFO  s.d.s.web.plugins.DocumentationPluginsBootstrapper - Context refreshed
2022-06-01 13:26:22.332 [main] INFO  s.d.s.web.plugins.DocumentationPluginsBootstrapper - Found 1 custom documentation plugin(s)
2022-06-01 13:26:22.394 [main] INFO  s.d.spring.web.scanners.ApiListingReferenceScanner - Scanning for api listing references
2022-06-01 13:26:22.661 [main] INFO  org.apache.coyote.http11.Http11NioProtocol - Starting ProtocolHandler ["http-nio-8006"]
2022-06-01 13:26:22.700 [main] INFO  o.s.boot.web.embedded.tomcat.TomcatWebServer - Tomcat started on port(s): 8006 (http) with context path ''
2022-06-01 13:26:22.715 [main] INFO  o.s.c.alibaba.nacos.registry.NacosServiceRegistry - nacos registry, service-order 192.168.1.8:8006 register finished
2022-06-01 13:26:22.939 [main] INFO  com.tzl.order.OrderApplication - Started OrderApplication in 9.324 seconds (JVM running for 13.084)
2022-06-01 13:26:33.999 [http-nio-8006-exec-4] INFO  o.a.c.core.ContainerBase.[Tomcat].[localhost].[/] - Initializing Spring DispatcherServlet 'dispatcherServlet'
2022-06-01 13:26:34.000 [http-nio-8006-exec-4] INFO  org.springframework.web.servlet.DispatcherServlet - Initializing Servlet 'dispatcherServlet'
2022-06-01 13:26:34.013 [http-nio-8006-exec-4] INFO  org.springframework.web.servlet.DispatcherServlet - Completed initialization in 12 ms
2022-06-01 13:26:34.891 [hystrix-service-user-1] INFO  com.netflix.config.ChainedDynamicProperty - Flipping property: service-user.ribbon.ActiveConnectionsLimit to use NEXT property: niws.loadbalancer.availabilityFilteringRule.activeConnectionsLimit = 2147483647
2022-06-01 13:26:34.912 [hystrix-service-user-1] INFO  com.netflix.loadbalancer.BaseLoadBalancer - Client: service-user instantiated a LoadBalancer: DynamicServerListLoadBalancer:{NFLoadBalancer:name=service-user,current list of Servers=[],Load balancer stats=Zone stats: {},Server stats: []}ServerList:null
2022-06-01 13:26:34.920 [hystrix-service-user-1] INFO  c.n.loadbalancer.DynamicServerListLoadBalancer - Using serverListUpdater PollingServerListUpdater
2022-06-01 13:26:34.938 [hystrix-service-user-1] INFO  com.netflix.config.ChainedDynamicProperty - Flipping property: service-user.ribbon.ActiveConnectionsLimit to use NEXT property: niws.loadbalancer.availabilityFilteringRule.activeConnectionsLimit = 2147483647
2022-06-01 13:26:34.941 [hystrix-service-user-1] INFO  c.n.loadbalancer.DynamicServerListLoadBalancer - DynamicServerListLoadBalancer for client service-user initialized: DynamicServerListLoadBalancer:{NFLoadBalancer:name=service-user,current list of Servers=[192.168.1.8:8160],Load balancer stats=Zone stats: {unknown=[Zone:unknown;	Instance count:1;	Active connections count: 0;	Circuit breaker tripped count: 0;	Active connections per server: 0.0;]
},Server stats: [[Server:192.168.1.8:8160;	Zone:UNKNOWN;	Total Requests:0;	Successive connection failure:0;	Total blackout seconds:0;	Last connection made:Thu Jan 01 08:00:00 CST 1970;	First connection made: Thu Jan 01 08:00:00 CST 1970;	Active Connections:0;	total failure count in last (1000) msecs:0;	average resp time:0.0;	90 percentile resp time:0.0;	95 percentile resp time:0.0;	min resp time:0.0;	max resp time:0.0;	stddev resp time:0.0]
]}ServerList:org.springframework.cloud.alibaba.nacos.ribbon.NacosServerList@134100b9
2022-06-01 13:26:35.095 [hystrix-service-edu-1] INFO  com.netflix.config.ChainedDynamicProperty - Flipping property: service-edu.ribbon.ActiveConnectionsLimit to use NEXT property: niws.loadbalancer.availabilityFilteringRule.activeConnectionsLimit = 2147483647
2022-06-01 13:26:35.097 [hystrix-service-edu-1] INFO  com.netflix.loadbalancer.BaseLoadBalancer - Client: service-edu instantiated a LoadBalancer: DynamicServerListLoadBalancer:{NFLoadBalancer:name=service-edu,current list of Servers=[],Load balancer stats=Zone stats: {},Server stats: []}ServerList:null
2022-06-01 13:26:35.098 [hystrix-service-edu-1] INFO  c.n.loadbalancer.DynamicServerListLoadBalancer - Using serverListUpdater PollingServerListUpdater
2022-06-01 13:26:35.100 [hystrix-service-edu-1] INFO  com.netflix.config.ChainedDynamicProperty - Flipping property: service-edu.ribbon.ActiveConnectionsLimit to use NEXT property: niws.loadbalancer.availabilityFilteringRule.activeConnectionsLimit = 2147483647
2022-06-01 13:26:35.101 [hystrix-service-edu-1] INFO  c.n.loadbalancer.DynamicServerListLoadBalancer - DynamicServerListLoadBalancer for client service-edu initialized: DynamicServerListLoadBalancer:{NFLoadBalancer:name=service-edu,current list of Servers=[192.168.1.8:8001],Load balancer stats=Zone stats: {unknown=[Zone:unknown;	Instance count:1;	Active connections count: 0;	Circuit breaker tripped count: 0;	Active connections per server: 0.0;]
},Server stats: [[Server:192.168.1.8:8001;	Zone:UNKNOWN;	Total Requests:0;	Successive connection failure:0;	Total blackout seconds:0;	Last connection made:Thu Jan 01 08:00:00 CST 1970;	First connection made: Thu Jan 01 08:00:00 CST 1970;	Active Connections:0;	total failure count in last (1000) msecs:0;	average resp time:0.0;	90 percentile resp time:0.0;	95 percentile resp time:0.0;	min resp time:0.0;	max resp time:0.0;	stddev resp time:0.0]
]}ServerList:org.springframework.cloud.alibaba.nacos.ribbon.NacosServerList@3a226bad
2022-06-01 13:26:35.928 [PollingServerListUpdater-0] INFO  com.netflix.config.ChainedDynamicProperty - Flipping property: service-user.ribbon.ActiveConnectionsLimit to use NEXT property: niws.loadbalancer.availabilityFilteringRule.activeConnectionsLimit = 2147483647
2022-06-01 13:26:36.101 [PollingServerListUpdater-1] INFO  com.netflix.config.ChainedDynamicProperty - Flipping property: service-edu.ribbon.ActiveConnectionsLimit to use NEXT property: niws.loadbalancer.availabilityFilteringRule.activeConnectionsLimit = 2147483647
2022-06-01 13:30:01.615 [main] INFO  com.tzl.order.OrderApplication - The following profiles are active: dev
2022-06-01 13:30:03.019 [main] INFO  o.s.d.r.config.RepositoryConfigurationDelegate - Multiple Spring Data modules found, entering strict repository configuration mode!
2022-06-01 13:30:03.023 [main] INFO  o.s.d.r.config.RepositoryConfigurationDelegate - Bootstrapping Spring Data repositories in DEFAULT mode.
2022-06-01 13:30:03.066 [main] INFO  o.s.d.r.config.RepositoryConfigurationDelegate - Finished Spring Data repository scanning in 19ms. Found 0 repository interfaces.
2022-06-01 13:30:03.412 [main] INFO  o.springframework.cloud.context.scope.GenericScope - BeanFactory id=a2baf67d-7f5a-3413-8d87-d5d79ab5276b
2022-06-01 13:30:03.735 [main] INFO  o.s.c.s.PostProcessorRegistrationDelegate$BeanPostProcessorChecker - Bean 'redisConfig' of type [com.tzl.config.RedisConfig$$EnhancerBySpringCGLIB$$1] is not eligible for getting processed by all BeanPostProcessors (for example: not eligible for auto-proxying)
2022-06-01 13:30:03.842 [main] INFO  o.s.c.s.PostProcessorRegistrationDelegate$BeanPostProcessorChecker - Bean 'org.springframework.transaction.annotation.ProxyTransactionManagementConfiguration' of type [org.springframework.transaction.annotation.ProxyTransactionManagementConfiguration] is not eligible for getting processed by all BeanPostProcessors (for example: not eligible for auto-proxying)
2022-06-01 13:30:03.897 [main] INFO  o.s.c.s.PostProcessorRegistrationDelegate$BeanPostProcessorChecker - Bean 'org.springframework.cloud.autoconfigure.ConfigurationPropertiesRebinderAutoConfiguration' of type [org.springframework.cloud.autoconfigure.ConfigurationPropertiesRebinderAutoConfiguration] is not eligible for getting processed by all BeanPostProcessors (for example: not eligible for auto-proxying)
2022-06-01 13:30:04.328 [main] INFO  o.s.boot.web.embedded.tomcat.TomcatWebServer - Tomcat initialized with port(s): 8006 (http)
2022-06-01 13:30:04.346 [main] INFO  org.apache.coyote.http11.Http11NioProtocol - Initializing ProtocolHandler ["http-nio-8006"]
2022-06-01 13:30:04.347 [main] INFO  org.apache.catalina.core.StandardService - Starting service [Tomcat]
2022-06-01 13:30:04.347 [main] INFO  org.apache.catalina.core.StandardEngine - Starting Servlet engine: [Apache Tomcat/9.0.27]
2022-06-01 13:30:04.655 [main] INFO  o.a.c.core.ContainerBase.[Tomcat].[localhost].[/] - Initializing Spring embedded WebApplicationContext
2022-06-01 13:30:04.656 [main] INFO  org.springframework.web.context.ContextLoader - Root WebApplicationContext: initialization completed in 3006 ms
2022-06-01 13:30:05.089 [main] INFO  com.zaxxer.hikari.HikariDataSource - GuliHikariPool - Starting...
2022-06-01 13:30:05.465 [main] INFO  com.zaxxer.hikari.HikariDataSource - GuliHikariPool - Start completed.
2022-06-01 13:30:07.262 [main] INFO  s.d.s.w.PropertySourcedRequestMappingHandlerMapping - Mapped URL path [/v2/api-docs] onto method [springfox.documentation.swagger2.web.Swagger2Controller#getDocumentation(String, HttpServletRequest)]
2022-06-01 13:30:07.309 [main] INFO  com.netflix.config.sources.URLConfigurationSource - To enable URLs as dynamic configuration sources, define System property archaius.configurationSource.additionalUrls or make config.properties available on classpath.
2022-06-01 13:30:07.316 [main] INFO  com.netflix.config.sources.URLConfigurationSource - To enable URLs as dynamic configuration sources, define System property archaius.configurationSource.additionalUrls or make config.properties available on classpath.
2022-06-01 13:30:07.518 [main] INFO  o.s.scheduling.concurrent.ThreadPoolTaskExecutor - Initializing ExecutorService 'applicationTaskExecutor'
2022-06-01 13:30:08.261 [main] INFO  o.s.scheduling.concurrent.ThreadPoolTaskScheduler - Initializing ExecutorService
2022-06-01 13:30:08.859 [main] INFO  s.d.s.web.plugins.DocumentationPluginsBootstrapper - Context refreshed
2022-06-01 13:30:08.893 [main] INFO  s.d.s.web.plugins.DocumentationPluginsBootstrapper - Found 1 custom documentation plugin(s)
2022-06-01 13:30:08.956 [main] INFO  s.d.spring.web.scanners.ApiListingReferenceScanner - Scanning for api listing references
2022-06-01 13:30:09.199 [main] INFO  org.apache.coyote.http11.Http11NioProtocol - Starting ProtocolHandler ["http-nio-8006"]
2022-06-01 13:30:09.237 [main] INFO  o.s.boot.web.embedded.tomcat.TomcatWebServer - Tomcat started on port(s): 8006 (http) with context path ''
2022-06-01 13:30:09.294 [main] INFO  o.s.c.alibaba.nacos.registry.NacosServiceRegistry - nacos registry, service-order 192.168.1.8:8006 register finished
2022-06-01 13:30:09.514 [main] INFO  com.tzl.order.OrderApplication - Started OrderApplication in 9.73 seconds (JVM running for 13.485)
2022-06-01 13:30:15.787 [http-nio-8006-exec-1] INFO  o.a.c.core.ContainerBase.[Tomcat].[localhost].[/] - Initializing Spring DispatcherServlet 'dispatcherServlet'
2022-06-01 13:30:15.788 [http-nio-8006-exec-1] INFO  org.springframework.web.servlet.DispatcherServlet - Initializing Servlet 'dispatcherServlet'
2022-06-01 13:30:15.801 [http-nio-8006-exec-1] INFO  org.springframework.web.servlet.DispatcherServlet - Completed initialization in 12 ms
2022-06-02 20:01:12.178 [main] INFO  com.tzl.order.OrderApplication - The following profiles are active: dev
2022-06-02 20:01:14.595 [main] INFO  o.s.d.r.config.RepositoryConfigurationDelegate - Multiple Spring Data modules found, entering strict repository configuration mode!
2022-06-02 20:01:14.601 [main] INFO  o.s.d.r.config.RepositoryConfigurationDelegate - Bootstrapping Spring Data repositories in DEFAULT mode.
2022-06-02 20:01:14.703 [main] INFO  o.s.d.r.config.RepositoryConfigurationDelegate - Finished Spring Data repository scanning in 26ms. Found 0 repository interfaces.
2022-06-02 20:01:15.727 [main] INFO  o.springframework.cloud.context.scope.GenericScope - BeanFactory id=a2baf67d-7f5a-3413-8d87-d5d79ab5276b
2022-06-02 20:01:16.030 [main] INFO  o.s.c.s.PostProcessorRegistrationDelegate$BeanPostProcessorChecker - Bean 'redisConfig' of type [com.tzl.config.RedisConfig$$EnhancerBySpringCGLIB$$1] is not eligible for getting processed by all BeanPostProcessors (for example: not eligible for auto-proxying)
2022-06-02 20:01:16.127 [main] INFO  o.s.c.s.PostProcessorRegistrationDelegate$BeanPostProcessorChecker - Bean 'org.springframework.transaction.annotation.ProxyTransactionManagementConfiguration' of type [org.springframework.transaction.annotation.ProxyTransactionManagementConfiguration] is not eligible for getting processed by all BeanPostProcessors (for example: not eligible for auto-proxying)
2022-06-02 20:01:16.236 [main] INFO  o.s.c.s.PostProcessorRegistrationDelegate$BeanPostProcessorChecker - Bean 'org.springframework.cloud.autoconfigure.ConfigurationPropertiesRebinderAutoConfiguration' of type [org.springframework.cloud.autoconfigure.ConfigurationPropertiesRebinderAutoConfiguration] is not eligible for getting processed by all BeanPostProcessors (for example: not eligible for auto-proxying)
2022-06-02 20:01:16.927 [main] INFO  o.s.boot.web.embedded.tomcat.TomcatWebServer - Tomcat initialized with port(s): 8006 (http)
2022-06-02 20:01:16.990 [main] INFO  org.apache.coyote.http11.Http11NioProtocol - Initializing ProtocolHandler ["http-nio-8006"]
2022-06-02 20:01:16.991 [main] INFO  org.apache.catalina.core.StandardService - Starting service [Tomcat]
2022-06-02 20:01:16.992 [main] INFO  org.apache.catalina.core.StandardEngine - Starting Servlet engine: [Apache Tomcat/9.0.27]
2022-06-02 20:01:17.359 [main] INFO  o.a.c.core.ContainerBase.[Tomcat].[localhost].[/] - Initializing Spring embedded WebApplicationContext
2022-06-02 20:01:17.360 [main] INFO  org.springframework.web.context.ContextLoader - Root WebApplicationContext: initialization completed in 5115 ms
2022-06-02 20:01:18.188 [main] INFO  com.zaxxer.hikari.HikariDataSource - GuliHikariPool - Starting...
2022-06-02 20:01:18.626 [main] INFO  com.zaxxer.hikari.HikariDataSource - GuliHikariPool - Start completed.
2022-06-02 20:01:21.099 [main] INFO  s.d.s.w.PropertySourcedRequestMappingHandlerMapping - Mapped URL path [/v2/api-docs] onto method [springfox.documentation.swagger2.web.Swagger2Controller#getDocumentation(String, HttpServletRequest)]
2022-06-02 20:01:21.159 [main] INFO  com.netflix.config.sources.URLConfigurationSource - To enable URLs as dynamic configuration sources, define System property archaius.configurationSource.additionalUrls or make config.properties available on classpath.
2022-06-02 20:01:21.169 [main] INFO  com.netflix.config.sources.URLConfigurationSource - To enable URLs as dynamic configuration sources, define System property archaius.configurationSource.additionalUrls or make config.properties available on classpath.
2022-06-02 20:01:21.473 [main] INFO  o.s.scheduling.concurrent.ThreadPoolTaskExecutor - Initializing ExecutorService 'applicationTaskExecutor'
2022-06-02 20:01:22.867 [main] INFO  o.s.scheduling.concurrent.ThreadPoolTaskScheduler - Initializing ExecutorService
2022-06-02 20:01:23.702 [main] INFO  s.d.s.web.plugins.DocumentationPluginsBootstrapper - Context refreshed
2022-06-02 20:01:23.753 [main] INFO  s.d.s.web.plugins.DocumentationPluginsBootstrapper - Found 1 custom documentation plugin(s)
2022-06-02 20:01:23.854 [main] INFO  s.d.spring.web.scanners.ApiListingReferenceScanner - Scanning for api listing references
2022-06-02 20:01:24.302 [main] INFO  org.apache.coyote.http11.Http11NioProtocol - Starting ProtocolHandler ["http-nio-8006"]
2022-06-02 20:01:24.358 [main] INFO  o.s.boot.web.embedded.tomcat.TomcatWebServer - Tomcat started on port(s): 8006 (http) with context path ''
2022-06-02 20:01:24.383 [main] INFO  o.s.c.alibaba.nacos.registry.NacosServiceRegistry - nacos registry, service-order 192.168.1.8:8006 register finished
2022-06-02 20:01:24.664 [main] INFO  com.tzl.order.OrderApplication - Started OrderApplication in 16.996 seconds (JVM running for 23.196)
2022-06-03 14:35:05.402 [main] INFO  com.tzl.order.OrderApplication - The following profiles are active: dev
2022-06-03 14:35:07.802 [main] INFO  o.s.d.r.config.RepositoryConfigurationDelegate - Multiple Spring Data modules found, entering strict repository configuration mode!
2022-06-03 14:35:07.808 [main] INFO  o.s.d.r.config.RepositoryConfigurationDelegate - Bootstrapping Spring Data repositories in DEFAULT mode.
2022-06-03 14:35:07.919 [main] INFO  o.s.d.r.config.RepositoryConfigurationDelegate - Finished Spring Data repository scanning in 30ms. Found 0 repository interfaces.
2022-06-03 14:35:08.634 [main] INFO  o.springframework.cloud.context.scope.GenericScope - BeanFactory id=a2baf67d-7f5a-3413-8d87-d5d79ab5276b
2022-06-03 14:35:08.866 [main] INFO  o.s.c.s.PostProcessorRegistrationDelegate$BeanPostProcessorChecker - Bean 'redisConfig' of type [com.tzl.config.RedisConfig$$EnhancerBySpringCGLIB$$1] is not eligible for getting processed by all BeanPostProcessors (for example: not eligible for auto-proxying)
2022-06-03 14:35:08.950 [main] INFO  o.s.c.s.PostProcessorRegistrationDelegate$BeanPostProcessorChecker - Bean 'org.springframework.transaction.annotation.ProxyTransactionManagementConfiguration' of type [org.springframework.transaction.annotation.ProxyTransactionManagementConfiguration] is not eligible for getting processed by all BeanPostProcessors (for example: not eligible for auto-proxying)
2022-06-03 14:35:09.064 [main] INFO  o.s.c.s.PostProcessorRegistrationDelegate$BeanPostProcessorChecker - Bean 'org.springframework.cloud.autoconfigure.ConfigurationPropertiesRebinderAutoConfiguration' of type [org.springframework.cloud.autoconfigure.ConfigurationPropertiesRebinderAutoConfiguration] is not eligible for getting processed by all BeanPostProcessors (for example: not eligible for auto-proxying)
2022-06-03 14:35:09.719 [main] INFO  o.s.boot.web.embedded.tomcat.TomcatWebServer - Tomcat initialized with port(s): 8006 (http)
2022-06-03 14:35:09.775 [main] INFO  org.apache.coyote.http11.Http11NioProtocol - Initializing ProtocolHandler ["http-nio-8006"]
2022-06-03 14:35:09.776 [main] INFO  org.apache.catalina.core.StandardService - Starting service [Tomcat]
2022-06-03 14:35:09.776 [main] INFO  org.apache.catalina.core.StandardEngine - Starting Servlet engine: [Apache Tomcat/9.0.27]
2022-06-03 14:35:10.068 [main] INFO  o.a.c.core.ContainerBase.[Tomcat].[localhost].[/] - Initializing Spring embedded WebApplicationContext
2022-06-03 14:35:10.069 [main] INFO  org.springframework.web.context.ContextLoader - Root WebApplicationContext: initialization completed in 4616 ms
2022-06-03 14:35:10.641 [main] INFO  com.zaxxer.hikari.HikariDataSource - GuliHikariPool - Starting...
2022-06-03 14:35:11.091 [main] INFO  com.zaxxer.hikari.HikariDataSource - GuliHikariPool - Start completed.
2022-06-03 14:35:13.164 [main] INFO  s.d.s.w.PropertySourcedRequestMappingHandlerMapping - Mapped URL path [/v2/api-docs] onto method [springfox.documentation.swagger2.web.Swagger2Controller#getDocumentation(String, HttpServletRequest)]
2022-06-03 14:35:13.205 [main] INFO  com.netflix.config.sources.URLConfigurationSource - To enable URLs as dynamic configuration sources, define System property archaius.configurationSource.additionalUrls or make config.properties available on classpath.
2022-06-03 14:35:13.214 [main] INFO  com.netflix.config.sources.URLConfigurationSource - To enable URLs as dynamic configuration sources, define System property archaius.configurationSource.additionalUrls or make config.properties available on classpath.
2022-06-03 14:35:13.426 [main] INFO  o.s.scheduling.concurrent.ThreadPoolTaskExecutor - Initializing ExecutorService 'applicationTaskExecutor'
2022-06-03 14:35:14.393 [main] INFO  o.s.scheduling.concurrent.ThreadPoolTaskScheduler - Initializing ExecutorService
2022-06-03 14:35:15.237 [main] INFO  s.d.s.web.plugins.DocumentationPluginsBootstrapper - Context refreshed
2022-06-03 14:35:15.282 [main] INFO  s.d.s.web.plugins.DocumentationPluginsBootstrapper - Found 1 custom documentation plugin(s)
2022-06-03 14:35:15.401 [main] INFO  s.d.spring.web.scanners.ApiListingReferenceScanner - Scanning for api listing references
2022-06-03 14:35:15.741 [main] INFO  org.apache.coyote.http11.Http11NioProtocol - Starting ProtocolHandler ["http-nio-8006"]
2022-06-03 14:35:15.790 [main] INFO  o.s.boot.web.embedded.tomcat.TomcatWebServer - Tomcat started on port(s): 8006 (http) with context path ''
2022-06-03 14:35:15.813 [main] INFO  o.s.c.alibaba.nacos.registry.NacosServiceRegistry - nacos registry, service-order 192.168.1.8:8006 register finished
2022-06-03 14:35:16.151 [main] INFO  com.tzl.order.OrderApplication - Started OrderApplication in 15.539 seconds (JVM running for 21.007)
2022-06-03 14:36:19.489 [http-nio-8006-exec-1] INFO  o.a.c.core.ContainerBase.[Tomcat].[localhost].[/] - Initializing Spring DispatcherServlet 'dispatcherServlet'
2022-06-03 14:36:19.490 [http-nio-8006-exec-1] INFO  org.springframework.web.servlet.DispatcherServlet - Initializing Servlet 'dispatcherServlet'
2022-06-03 14:36:19.505 [http-nio-8006-exec-1] INFO  org.springframework.web.servlet.DispatcherServlet - Completed initialization in 14 ms
2022-06-03 14:36:20.794 [hystrix-service-user-1] INFO  com.netflix.config.ChainedDynamicProperty - Flipping property: service-user.ribbon.ActiveConnectionsLimit to use NEXT property: niws.loadbalancer.availabilityFilteringRule.activeConnectionsLimit = 2147483647
2022-06-03 14:36:20.827 [hystrix-service-user-1] INFO  com.netflix.loadbalancer.BaseLoadBalancer - Client: service-user instantiated a LoadBalancer: DynamicServerListLoadBalancer:{NFLoadBalancer:name=service-user,current list of Servers=[],Load balancer stats=Zone stats: {},Server stats: []}ServerList:null
2022-06-03 14:36:20.842 [hystrix-service-user-1] INFO  c.n.loadbalancer.DynamicServerListLoadBalancer - Using serverListUpdater PollingServerListUpdater
2022-06-03 14:36:20.865 [hystrix-service-user-1] INFO  com.netflix.config.ChainedDynamicProperty - Flipping property: service-user.ribbon.ActiveConnectionsLimit to use NEXT property: niws.loadbalancer.availabilityFilteringRule.activeConnectionsLimit = 2147483647
2022-06-03 14:36:20.869 [hystrix-service-user-1] INFO  c.n.loadbalancer.DynamicServerListLoadBalancer - DynamicServerListLoadBalancer for client service-user initialized: DynamicServerListLoadBalancer:{NFLoadBalancer:name=service-user,current list of Servers=[192.168.1.8:8160],Load balancer stats=Zone stats: {unknown=[Zone:unknown;	Instance count:1;	Active connections count: 0;	Circuit breaker tripped count: 0;	Active connections per server: 0.0;]
},Server stats: [[Server:192.168.1.8:8160;	Zone:UNKNOWN;	Total Requests:0;	Successive connection failure:0;	Total blackout seconds:0;	Last connection made:Thu Jan 01 08:00:00 CST 1970;	First connection made: Thu Jan 01 08:00:00 CST 1970;	Active Connections:0;	total failure count in last (1000) msecs:0;	average resp time:0.0;	90 percentile resp time:0.0;	95 percentile resp time:0.0;	min resp time:0.0;	max resp time:0.0;	stddev resp time:0.0]
]}ServerList:org.springframework.cloud.alibaba.nacos.ribbon.NacosServerList@6253a72a
2022-06-03 14:36:21.315 [hystrix-service-edu-1] INFO  com.netflix.config.ChainedDynamicProperty - Flipping property: service-edu.ribbon.ActiveConnectionsLimit to use NEXT property: niws.loadbalancer.availabilityFilteringRule.activeConnectionsLimit = 2147483647
2022-06-03 14:36:21.318 [hystrix-service-edu-1] INFO  com.netflix.loadbalancer.BaseLoadBalancer - Client: service-edu instantiated a LoadBalancer: DynamicServerListLoadBalancer:{NFLoadBalancer:name=service-edu,current list of Servers=[],Load balancer stats=Zone stats: {},Server stats: []}ServerList:null
2022-06-03 14:36:21.319 [hystrix-service-edu-1] INFO  c.n.loadbalancer.DynamicServerListLoadBalancer - Using serverListUpdater PollingServerListUpdater
2022-06-03 14:36:21.321 [hystrix-service-edu-1] INFO  com.netflix.config.ChainedDynamicProperty - Flipping property: service-edu.ribbon.ActiveConnectionsLimit to use NEXT property: niws.loadbalancer.availabilityFilteringRule.activeConnectionsLimit = 2147483647
2022-06-03 14:36:21.322 [hystrix-service-edu-1] INFO  c.n.loadbalancer.DynamicServerListLoadBalancer - DynamicServerListLoadBalancer for client service-edu initialized: DynamicServerListLoadBalancer:{NFLoadBalancer:name=service-edu,current list of Servers=[192.168.1.8:8001],Load balancer stats=Zone stats: {unknown=[Zone:unknown;	Instance count:1;	Active connections count: 0;	Circuit breaker tripped count: 0;	Active connections per server: 0.0;]
},Server stats: [[Server:192.168.1.8:8001;	Zone:UNKNOWN;	Total Requests:0;	Successive connection failure:0;	Total blackout seconds:0;	Last connection made:Thu Jan 01 08:00:00 CST 1970;	First connection made: Thu Jan 01 08:00:00 CST 1970;	Active Connections:0;	total failure count in last (1000) msecs:0;	average resp time:0.0;	90 percentile resp time:0.0;	95 percentile resp time:0.0;	min resp time:0.0;	max resp time:0.0;	stddev resp time:0.0]
]}ServerList:org.springframework.cloud.alibaba.nacos.ribbon.NacosServerList@599e6796
2022-06-03 14:36:21.852 [PollingServerListUpdater-0] INFO  com.netflix.config.ChainedDynamicProperty - Flipping property: service-user.ribbon.ActiveConnectionsLimit to use NEXT property: niws.loadbalancer.availabilityFilteringRule.activeConnectionsLimit = 2147483647
2022-06-03 14:36:22.366 [PollingServerListUpdater-1] INFO  com.netflix.config.ChainedDynamicProperty - Flipping property: service-edu.ribbon.ActiveConnectionsLimit to use NEXT property: niws.loadbalancer.availabilityFilteringRule.activeConnectionsLimit = 2147483647
2022-06-03 16:19:14.086 [http-nio-8006-exec-2] INFO  o.s.d.r.config.RepositoryConfigurationDelegate - Bootstrapping Spring Data repositories in DEFAULT mode.
2022-06-03 16:19:14.109 [http-nio-8006-exec-2] INFO  o.s.d.r.config.RepositoryConfigurationDelegate - Finished Spring Data repository scanning in 22ms. Found 0 repository interfaces.
