2022-06-10 14:31:03.884 [main] WARN  o.s.c.a.ClassPathScanningCandidateComponentProvider - No MyBatis mapper was found in '[com.tzl.edu.mapper]' package. Please check your configuration.
2022-06-10 14:31:11.641 [main] WARN  com.netflix.config.sources.URLConfigurationSource - No URLs will be polled as dynamic configuration sources.
2022-06-10 14:31:11.652 [main] WARN  com.netflix.config.sources.URLConfigurationSource - No URLs will be polled as dynamic configuration sources.
2022-06-10 15:22:42.940 [main] WARN  o.s.c.a.ClassPathScanningCandidateComponentProvider - No MyBatis mapper was found in '[com.tzl.edu.mapper]' package. Please check your configuration.
2022-06-10 15:22:46.354 [main] WARN  o.s.b.w.s.c.AnnotationConfigServletWebServerApplicationContext - Exception encountered during context initialization - cancelling refresh attempt: org.springframework.beans.factory.UnsatisfiedDependencyException: Error creating bean with name 'statisticsDailyController': Unsatisfied dependency expressed through field 'statisticsDailyService'; nested exception is org.springframework.beans.factory.BeanCreationException: Error creating bean with name 'statisticsDailyServiceImpl' defined in file [C:\Users\tzl\Desktop\学习内容\谷粒学苑\project\guli_parent\service\service_statistics\target\classes\com\tzl\statistics\service\impl\StatisticsDailyServiceImpl.class]: Initialization of bean failed; nested exception is java.lang.IllegalStateException: Encountered invalid @Scheduled method 'countRegister': Only no-arg methods may be annotated with @Scheduled
2022-06-10 15:23:19.068 [main] WARN  o.s.c.a.ClassPathScanningCandidateComponentProvider - No MyBatis mapper was found in '[com.tzl.edu.mapper]' package. Please check your configuration.
2022-06-10 15:23:22.394 [main] WARN  o.s.b.w.s.c.AnnotationConfigServletWebServerApplicationContext - Exception encountered during context initialization - cancelling refresh attempt: org.springframework.beans.factory.BeanCreationException: Error creating bean with name 'scheduledTask' defined in file [C:\Users\tzl\Desktop\学习内容\谷粒学苑\project\guli_parent\service\service_statistics\target\classes\com\tzl\statistics\scheduled\ScheduledTask.class]: Initialization of bean failed; nested exception is java.lang.IllegalStateException: Encountered invalid @Scheduled method 'task01': Cron expression must consist of 6 fields (found 7 in "0/5 * * * * ? *")
2022-06-10 15:24:12.396 [main] WARN  o.s.c.a.ClassPathScanningCandidateComponentProvider - No MyBatis mapper was found in '[com.tzl.edu.mapper]' package. Please check your configuration.
2022-06-10 15:24:16.869 [main] WARN  com.netflix.config.sources.URLConfigurationSource - No URLs will be polled as dynamic configuration sources.
2022-06-10 15:24:16.876 [main] WARN  com.netflix.config.sources.URLConfigurationSource - No URLs will be polled as dynamic configuration sources.
2022-06-10 15:24:40.806 [main] WARN  o.s.c.a.ClassPathScanningCandidateComponentProvider - No MyBatis mapper was found in '[com.tzl.edu.mapper]' package. Please check your configuration.
2022-06-10 15:24:45.175 [main] WARN  com.netflix.config.sources.URLConfigurationSource - No URLs will be polled as dynamic configuration sources.
2022-06-10 15:24:45.184 [main] WARN  com.netflix.config.sources.URLConfigurationSource - No URLs will be polled as dynamic configuration sources.
2022-06-10 15:24:58.282 [rebel-change-detector-thread] WARN  o.s.c.a.ClassPathScanningCandidateComponentProvider - No MyBatis mapper was found in '[com.tzl.edu.mapper]' package. Please check your configuration.
2022-06-10 15:30:31.145 [rebel-change-detector-thread] WARN  o.s.c.a.ClassPathScanningCandidateComponentProvider - No MyBatis mapper was found in '[com.tzl.edu.mapper]' package. Please check your configuration.
2022-06-10 15:31:24.446 [rebel-change-detector-thread] WARN  o.s.c.a.ClassPathScanningCandidateComponentProvider - No MyBatis mapper was found in '[com.tzl.edu.mapper]' package. Please check your configuration.
2022-06-10 15:32:45.964 [rebel-change-detector-thread] WARN  o.s.c.a.ClassPathScanningCandidateComponentProvider - No MyBatis mapper was found in '[com.tzl.edu.mapper]' package. Please check your configuration.
2022-06-10 15:34:32.801 [rebel-change-detector-thread] WARN  o.s.c.a.ClassPathScanningCandidateComponentProvider - No MyBatis mapper was found in '[com.tzl.edu.mapper]' package. Please check your configuration.
2022-06-10 16:14:13.465 [rebel-change-detector-thread] WARN  o.s.c.a.ClassPathScanningCandidateComponentProvider - No MyBatis mapper was found in '[com.tzl.edu.mapper]' package. Please check your configuration.
2022-06-10 16:30:50.467 [http-nio-8007-exec-3] WARN  o.s.c.a.ClassPathScanningCandidateComponentProvider - No MyBatis mapper was found in '[com.tzl.edu.mapper]' package. Please check your configuration.
2022-06-10 16:31:46.520 [http-nio-8007-exec-2] WARN  o.s.c.a.ClassPathScanningCandidateComponentProvider - No MyBatis mapper was found in '[com.tzl.edu.mapper]' package. Please check your configuration.
