2022-05-22 17:46:19.634 [main] INFO  com.tzl.oss.OssApplication - The following profiles are active: dev
2022-05-22 17:46:20.920 [main] INFO  o.s.d.r.config.RepositoryConfigurationDelegate - Multiple Spring Data modules found, entering strict repository configuration mode!
2022-05-22 17:46:20.925 [main] INFO  o.s.d.r.config.RepositoryConfigurationDelegate - Bootstrapping Spring Data repositories in DEFAULT mode.
2022-05-22 17:46:20.972 [main] INFO  o.s.d.r.config.RepositoryConfigurationDelegate - Finished Spring Data repository scanning in 21ms. Found 0 repository interfaces.
2022-05-22 17:46:21.282 [main] INFO  o.springframework.cloud.context.scope.GenericScope - BeanFactory id=cb26105e-76bd-386b-9305-34bbaad4d692
2022-05-22 17:46:21.425 [main] INFO  o.s.c.s.PostProcessorRegistrationDelegate$BeanPostProcessorChecker - Bean 'org.springframework.transaction.annotation.ProxyTransactionManagementConfiguration' of type [org.springframework.transaction.annotation.ProxyTransactionManagementConfiguration] is not eligible for getting processed by all BeanPostProcessors (for example: not eligible for auto-proxying)
2022-05-22 17:46:21.480 [main] INFO  o.s.c.s.PostProcessorRegistrationDelegate$BeanPostProcessorChecker - Bean 'org.springframework.cloud.autoconfigure.ConfigurationPropertiesRebinderAutoConfiguration' of type [org.springframework.cloud.autoconfigure.ConfigurationPropertiesRebinderAutoConfiguration] is not eligible for getting processed by all BeanPostProcessors (for example: not eligible for auto-proxying)
2022-05-22 17:46:21.835 [main] INFO  o.s.boot.web.embedded.tomcat.TomcatWebServer - Tomcat initialized with port(s): 8002 (http)
2022-05-22 17:46:21.854 [main] INFO  org.apache.coyote.http11.Http11NioProtocol - Initializing ProtocolHandler ["http-nio-8002"]
2022-05-22 17:46:21.855 [main] INFO  org.apache.catalina.core.StandardService - Starting service [Tomcat]
2022-05-22 17:46:21.855 [main] INFO  org.apache.catalina.core.StandardEngine - Starting Servlet engine: [Apache Tomcat/9.0.27]
2022-05-22 17:46:22.107 [main] INFO  o.a.c.core.ContainerBase.[Tomcat].[localhost].[/] - Initializing Spring embedded WebApplicationContext
2022-05-22 17:46:22.108 [main] INFO  org.springframework.web.context.ContextLoader - Root WebApplicationContext: initialization completed in 2449 ms
2022-05-22 17:46:22.722 [main] INFO  s.d.s.w.PropertySourcedRequestMappingHandlerMapping - Mapped URL path [/v2/api-docs] onto method [springfox.documentation.swagger2.web.Swagger2Controller#getDocumentation(String, HttpServletRequest)]
2022-05-22 17:46:22.751 [main] INFO  com.netflix.config.sources.URLConfigurationSource - To enable URLs as dynamic configuration sources, define System property archaius.configurationSource.additionalUrls or make config.properties available on classpath.
2022-05-22 17:46:22.756 [main] INFO  com.netflix.config.sources.URLConfigurationSource - To enable URLs as dynamic configuration sources, define System property archaius.configurationSource.additionalUrls or make config.properties available on classpath.
2022-05-22 17:46:22.903 [main] INFO  o.s.scheduling.concurrent.ThreadPoolTaskExecutor - Initializing ExecutorService 'applicationTaskExecutor'
2022-05-22 17:46:23.857 [main] INFO  o.s.scheduling.concurrent.ThreadPoolTaskScheduler - Initializing ExecutorService
2022-05-22 17:46:24.532 [main] INFO  s.d.s.web.plugins.DocumentationPluginsBootstrapper - Context refreshed
2022-05-22 17:46:24.566 [main] INFO  s.d.s.web.plugins.DocumentationPluginsBootstrapper - Found 1 custom documentation plugin(s)
2022-05-22 17:46:24.625 [main] INFO  s.d.spring.web.scanners.ApiListingReferenceScanner - Scanning for api listing references
2022-05-22 17:46:24.847 [main] INFO  org.apache.coyote.http11.Http11NioProtocol - Starting ProtocolHandler ["http-nio-8002"]
2022-05-22 17:46:24.875 [main] INFO  o.s.boot.web.embedded.tomcat.TomcatWebServer - Tomcat started on port(s): 8002 (http) with context path ''
2022-05-22 17:46:24.918 [main] INFO  o.s.c.alibaba.nacos.registry.NacosServiceRegistry - nacos registry, service-oss 192.168.1.8:8002 register finished
2022-05-22 17:46:25.177 [main] INFO  com.tzl.oss.OssApplication - Started OssApplication in 7.955 seconds (JVM running for 10.13)
2022-05-22 17:55:12.098 [main] INFO  com.tzl.oss.OssApplication - The following profiles are active: dev
2022-05-22 17:55:14.841 [main] INFO  o.s.d.r.config.RepositoryConfigurationDelegate - Multiple Spring Data modules found, entering strict repository configuration mode!
2022-05-22 17:55:14.851 [main] INFO  o.s.d.r.config.RepositoryConfigurationDelegate - Bootstrapping Spring Data repositories in DEFAULT mode.
2022-05-22 17:55:15.011 [main] INFO  o.s.d.r.config.RepositoryConfigurationDelegate - Finished Spring Data repository scanning in 54ms. Found 0 repository interfaces.
2022-05-22 17:55:15.962 [main] INFO  o.springframework.cloud.context.scope.GenericScope - BeanFactory id=cb26105e-76bd-386b-9305-34bbaad4d692
2022-05-22 17:55:16.276 [main] INFO  o.s.c.s.PostProcessorRegistrationDelegate$BeanPostProcessorChecker - Bean 'org.springframework.transaction.annotation.ProxyTransactionManagementConfiguration' of type [org.springframework.transaction.annotation.ProxyTransactionManagementConfiguration] is not eligible for getting processed by all BeanPostProcessors (for example: not eligible for auto-proxying)
2022-05-22 17:55:16.403 [main] INFO  o.s.c.s.PostProcessorRegistrationDelegate$BeanPostProcessorChecker - Bean 'org.springframework.cloud.autoconfigure.ConfigurationPropertiesRebinderAutoConfiguration' of type [org.springframework.cloud.autoconfigure.ConfigurationPropertiesRebinderAutoConfiguration] is not eligible for getting processed by all BeanPostProcessors (for example: not eligible for auto-proxying)
2022-05-22 17:55:17.290 [main] INFO  o.s.boot.web.embedded.tomcat.TomcatWebServer - Tomcat initialized with port(s): 8002 (http)
2022-05-22 17:55:17.368 [main] INFO  org.apache.coyote.http11.Http11NioProtocol - Initializing ProtocolHandler ["http-nio-8002"]
2022-05-22 17:55:17.370 [main] INFO  org.apache.catalina.core.StandardService - Starting service [Tomcat]
2022-05-22 17:55:17.371 [main] INFO  org.apache.catalina.core.StandardEngine - Starting Servlet engine: [Apache Tomcat/9.0.27]
2022-05-22 17:55:17.844 [main] INFO  o.a.c.core.ContainerBase.[Tomcat].[localhost].[/] - Initializing Spring embedded WebApplicationContext
2022-05-22 17:55:17.845 [main] INFO  org.springframework.web.context.ContextLoader - Root WebApplicationContext: initialization completed in 5697 ms
2022-05-22 17:55:19.055 [main] INFO  s.d.s.w.PropertySourcedRequestMappingHandlerMapping - Mapped URL path [/v2/api-docs] onto method [springfox.documentation.swagger2.web.Swagger2Controller#getDocumentation(String, HttpServletRequest)]
2022-05-22 17:55:19.124 [main] INFO  com.netflix.config.sources.URLConfigurationSource - To enable URLs as dynamic configuration sources, define System property archaius.configurationSource.additionalUrls or make config.properties available on classpath.
2022-05-22 17:55:19.142 [main] INFO  com.netflix.config.sources.URLConfigurationSource - To enable URLs as dynamic configuration sources, define System property archaius.configurationSource.additionalUrls or make config.properties available on classpath.
2022-05-22 17:55:19.432 [main] INFO  o.s.scheduling.concurrent.ThreadPoolTaskExecutor - Initializing ExecutorService 'applicationTaskExecutor'
2022-05-22 17:55:21.175 [main] INFO  o.s.scheduling.concurrent.ThreadPoolTaskScheduler - Initializing ExecutorService
2022-05-22 17:55:22.070 [main] INFO  s.d.s.web.plugins.DocumentationPluginsBootstrapper - Context refreshed
2022-05-22 17:55:22.124 [main] INFO  s.d.s.web.plugins.DocumentationPluginsBootstrapper - Found 1 custom documentation plugin(s)
2022-05-22 17:55:22.244 [main] INFO  s.d.spring.web.scanners.ApiListingReferenceScanner - Scanning for api listing references
2022-05-22 17:55:22.683 [main] INFO  org.apache.coyote.http11.Http11NioProtocol - Starting ProtocolHandler ["http-nio-8002"]
2022-05-22 17:55:22.742 [main] INFO  o.s.boot.web.embedded.tomcat.TomcatWebServer - Tomcat started on port(s): 8002 (http) with context path ''
2022-05-22 17:55:22.761 [main] INFO  o.s.c.alibaba.nacos.registry.NacosServiceRegistry - nacos registry, service-oss 192.168.1.8:8002 register finished
2022-05-22 17:55:23.066 [main] INFO  com.tzl.oss.OssApplication - Started OssApplication in 15.863 seconds (JVM running for 24.385)
2022-05-24 18:07:25.443 [main] INFO  com.tzl.oss.OssApplication - The following profiles are active: dev
2022-05-24 18:07:27.453 [main] INFO  o.s.d.r.config.RepositoryConfigurationDelegate - Multiple Spring Data modules found, entering strict repository configuration mode!
2022-05-24 18:07:27.464 [main] INFO  o.s.d.r.config.RepositoryConfigurationDelegate - Bootstrapping Spring Data repositories in DEFAULT mode.
2022-05-24 18:07:27.550 [main] INFO  o.s.d.r.config.RepositoryConfigurationDelegate - Finished Spring Data repository scanning in 43ms. Found 0 repository interfaces.
2022-05-24 18:07:28.049 [main] INFO  o.springframework.cloud.context.scope.GenericScope - BeanFactory id=cb26105e-76bd-386b-9305-34bbaad4d692
2022-05-24 18:07:28.352 [main] INFO  o.s.c.s.PostProcessorRegistrationDelegate$BeanPostProcessorChecker - Bean 'org.springframework.transaction.annotation.ProxyTransactionManagementConfiguration' of type [org.springframework.transaction.annotation.ProxyTransactionManagementConfiguration] is not eligible for getting processed by all BeanPostProcessors (for example: not eligible for auto-proxying)
2022-05-24 18:07:28.440 [main] INFO  o.s.c.s.PostProcessorRegistrationDelegate$BeanPostProcessorChecker - Bean 'org.springframework.cloud.autoconfigure.ConfigurationPropertiesRebinderAutoConfiguration' of type [org.springframework.cloud.autoconfigure.ConfigurationPropertiesRebinderAutoConfiguration] is not eligible for getting processed by all BeanPostProcessors (for example: not eligible for auto-proxying)
2022-05-24 18:07:29.054 [main] INFO  o.s.boot.web.embedded.tomcat.TomcatWebServer - Tomcat initialized with port(s): 8002 (http)
2022-05-24 18:07:29.087 [main] INFO  org.apache.coyote.http11.Http11NioProtocol - Initializing ProtocolHandler ["http-nio-8002"]
2022-05-24 18:07:29.089 [main] INFO  org.apache.catalina.core.StandardService - Starting service [Tomcat]
2022-05-24 18:07:29.092 [main] INFO  org.apache.catalina.core.StandardEngine - Starting Servlet engine: [Apache Tomcat/9.0.27]
2022-05-24 18:07:29.465 [main] INFO  o.a.c.core.ContainerBase.[Tomcat].[localhost].[/] - Initializing Spring embedded WebApplicationContext
2022-05-24 18:07:29.466 [main] INFO  org.springframework.web.context.ContextLoader - Root WebApplicationContext: initialization completed in 3975 ms
2022-05-24 18:07:30.526 [main] INFO  s.d.s.w.PropertySourcedRequestMappingHandlerMapping - Mapped URL path [/v2/api-docs] onto method [springfox.documentation.swagger2.web.Swagger2Controller#getDocumentation(String, HttpServletRequest)]
2022-05-24 18:07:30.633 [main] INFO  com.netflix.config.sources.URLConfigurationSource - To enable URLs as dynamic configuration sources, define System property archaius.configurationSource.additionalUrls or make config.properties available on classpath.
2022-05-24 18:07:30.650 [main] INFO  com.netflix.config.sources.URLConfigurationSource - To enable URLs as dynamic configuration sources, define System property archaius.configurationSource.additionalUrls or make config.properties available on classpath.
2022-05-24 18:07:30.931 [main] INFO  o.s.scheduling.concurrent.ThreadPoolTaskExecutor - Initializing ExecutorService 'applicationTaskExecutor'
2022-05-24 18:07:33.139 [main] INFO  o.s.scheduling.concurrent.ThreadPoolTaskScheduler - Initializing ExecutorService
2022-05-24 18:07:34.229 [main] INFO  s.d.s.web.plugins.DocumentationPluginsBootstrapper - Context refreshed
2022-05-24 18:07:34.273 [main] INFO  s.d.s.web.plugins.DocumentationPluginsBootstrapper - Found 1 custom documentation plugin(s)
2022-05-24 18:07:34.362 [main] INFO  s.d.spring.web.scanners.ApiListingReferenceScanner - Scanning for api listing references
2022-05-24 18:07:34.613 [main] INFO  org.apache.coyote.http11.Http11NioProtocol - Starting ProtocolHandler ["http-nio-8002"]
2022-05-24 18:07:34.647 [main] INFO  o.s.boot.web.embedded.tomcat.TomcatWebServer - Tomcat started on port(s): 8002 (http) with context path ''
2022-05-24 18:07:34.665 [main] INFO  o.s.c.alibaba.nacos.registry.NacosServiceRegistry - nacos registry, service-oss 192.168.1.8:8002 register finished
2022-05-24 18:07:34.984 [main] INFO  com.tzl.oss.OssApplication - Started OssApplication in 11.822 seconds (JVM running for 13.173)
2022-05-24 18:49:25.607 [http-nio-8002-exec-1] INFO  o.a.c.core.ContainerBase.[Tomcat].[localhost].[/] - Initializing Spring DispatcherServlet 'dispatcherServlet'
2022-05-24 18:49:25.610 [http-nio-8002-exec-1] INFO  org.springframework.web.servlet.DispatcherServlet - Initializing Servlet 'dispatcherServlet'
2022-05-24 18:49:25.636 [http-nio-8002-exec-1] INFO  org.springframework.web.servlet.DispatcherServlet - Completed initialization in 25 ms
2022-05-24 18:49:27.119 [http-nio-8002-exec-2] INFO  com.tzl.oss.serivce.impl.OssServiceImpl - fileName => cover/2022/05/24/8b6a9607078b41ad96c82b682f8d5c90avatar.jpg
2022-05-24 18:49:27.120 [http-nio-8002-exec-2] INFO  com.tzl.oss.serivce.impl.OssServiceImpl - url =>http://guli-tzl.oss-cn-shanghai.aliyuncs.com/cover/2022/05/24/8b6a9607078b41ad96c82b682f8d5c90avatar.jpg
2022-05-24 18:49:57.544 [http-nio-8002-exec-3] INFO  com.tzl.oss.serivce.impl.OssServiceImpl - fileName => cover/2022/05/24/1ea9d0282381c14154417e7c77e951ec - 副本.jpg
2022-05-24 18:49:57.545 [http-nio-8002-exec-3] INFO  com.tzl.oss.serivce.impl.OssServiceImpl - url =>http://guli-tzl.oss-cn-shanghai.aliyuncs.com/cover/2022/05/24/1ea9d0282381c14154417e7c77e951ec - 副本.jpg
2022-05-24 18:51:34.525 [http-nio-8002-exec-5] INFO  com.tzl.oss.serivce.impl.OssServiceImpl - fileName => cover/2022/05/24/4f9ba98c882c446bac76687d9bcb3489aaaa.jpg
2022-05-24 18:51:34.526 [http-nio-8002-exec-5] INFO  com.tzl.oss.serivce.impl.OssServiceImpl - url =>http://guli-tzl.oss-cn-shanghai.aliyuncs.com/cover/2022/05/24/4f9ba98c882c446bac76687d9bcb3489aaaa.jpg
2022-05-24 18:56:42.027 [http-nio-8002-exec-4] INFO  com.tzl.oss.serivce.impl.OssServiceImpl - fileName => cover/2022/05/24/1ea9d0282381c14154417e7c77e951ec.jpg
2022-05-24 18:56:42.028 [http-nio-8002-exec-4] INFO  com.tzl.oss.serivce.impl.OssServiceImpl - url =>http://guli-tzl.oss-cn-shanghai.aliyuncs.com/cover/2022/05/24/1ea9d0282381c14154417e7c77e951ec.jpg
2022-05-24 18:56:55.797 [http-nio-8002-exec-6] INFO  com.tzl.oss.serivce.impl.OssServiceImpl - fileName => cover/2022/05/24/1ea9d0282381c14154417e7c77e951ec - 副本.jpg
2022-05-24 18:56:55.798 [http-nio-8002-exec-6] INFO  com.tzl.oss.serivce.impl.OssServiceImpl - url =>http://guli-tzl.oss-cn-shanghai.aliyuncs.com/cover/2022/05/24/1ea9d0282381c14154417e7c77e951ec - 副本.jpg
2022-05-31 13:25:24.377 [main] INFO  com.tzl.oss.OssApplication - The following profiles are active: dev
2022-05-31 13:25:25.473 [main] INFO  o.s.d.r.config.RepositoryConfigurationDelegate - Multiple Spring Data modules found, entering strict repository configuration mode!
2022-05-31 13:25:25.476 [main] INFO  o.s.d.r.config.RepositoryConfigurationDelegate - Bootstrapping Spring Data repositories in DEFAULT mode.
2022-05-31 13:25:25.507 [main] INFO  o.s.d.r.config.RepositoryConfigurationDelegate - Finished Spring Data repository scanning in 15ms. Found 0 repository interfaces.
2022-05-31 13:25:25.730 [main] INFO  o.springframework.cloud.context.scope.GenericScope - BeanFactory id=fb775d8f-2096-381e-be08-8aa1dfb2b052
2022-05-31 13:25:25.842 [main] INFO  o.s.c.s.PostProcessorRegistrationDelegate$BeanPostProcessorChecker - Bean 'redisConfig' of type [com.tzl.config.RedisConfig$$EnhancerBySpringCGLIB$$cf23a79f] is not eligible for getting processed by all BeanPostProcessors (for example: not eligible for auto-proxying)
2022-05-31 13:25:25.877 [main] INFO  o.s.c.s.PostProcessorRegistrationDelegate$BeanPostProcessorChecker - Bean 'org.springframework.transaction.annotation.ProxyTransactionManagementConfiguration' of type [org.springframework.transaction.annotation.ProxyTransactionManagementConfiguration] is not eligible for getting processed by all BeanPostProcessors (for example: not eligible for auto-proxying)
2022-05-31 13:25:25.962 [main] INFO  o.s.c.s.PostProcessorRegistrationDelegate$BeanPostProcessorChecker - Bean 'org.springframework.cloud.autoconfigure.ConfigurationPropertiesRebinderAutoConfiguration' of type [org.springframework.cloud.autoconfigure.ConfigurationPropertiesRebinderAutoConfiguration] is not eligible for getting processed by all BeanPostProcessors (for example: not eligible for auto-proxying)
2022-05-31 13:25:26.221 [main] INFO  o.s.boot.web.embedded.tomcat.TomcatWebServer - Tomcat initialized with port(s): 8002 (http)
2022-05-31 13:25:26.234 [main] INFO  org.apache.coyote.http11.Http11NioProtocol - Initializing ProtocolHandler ["http-nio-8002"]
2022-05-31 13:25:26.234 [main] INFO  org.apache.catalina.core.StandardService - Starting service [Tomcat]
2022-05-31 13:25:26.235 [main] INFO  org.apache.catalina.core.StandardEngine - Starting Servlet engine: [Apache Tomcat/9.0.27]
2022-05-31 13:25:26.435 [main] INFO  o.a.c.core.ContainerBase.[Tomcat].[localhost].[/] - Initializing Spring embedded WebApplicationContext
2022-05-31 13:25:26.435 [main] INFO  org.springframework.web.context.ContextLoader - Root WebApplicationContext: initialization completed in 2012 ms
2022-05-31 13:25:27.187 [main] INFO  s.d.s.w.PropertySourcedRequestMappingHandlerMapping - Mapped URL path [/v2/api-docs] onto method [springfox.documentation.swagger2.web.Swagger2Controller#getDocumentation(String, HttpServletRequest)]
2022-05-31 13:25:27.209 [main] INFO  com.netflix.config.sources.URLConfigurationSource - To enable URLs as dynamic configuration sources, define System property archaius.configurationSource.additionalUrls or make config.properties available on classpath.
2022-05-31 13:25:27.215 [main] INFO  com.netflix.config.sources.URLConfigurationSource - To enable URLs as dynamic configuration sources, define System property archaius.configurationSource.additionalUrls or make config.properties available on classpath.
2022-05-31 13:25:27.337 [main] INFO  o.s.scheduling.concurrent.ThreadPoolTaskExecutor - Initializing ExecutorService 'applicationTaskExecutor'
2022-05-31 13:25:27.927 [main] INFO  o.s.scheduling.concurrent.ThreadPoolTaskScheduler - Initializing ExecutorService
2022-05-31 13:25:28.534 [main] INFO  s.d.s.web.plugins.DocumentationPluginsBootstrapper - Context refreshed
2022-05-31 13:25:28.558 [main] INFO  s.d.s.web.plugins.DocumentationPluginsBootstrapper - Found 1 custom documentation plugin(s)
2022-05-31 13:25:28.605 [main] INFO  s.d.spring.web.scanners.ApiListingReferenceScanner - Scanning for api listing references
2022-05-31 13:25:28.777 [main] INFO  org.apache.coyote.http11.Http11NioProtocol - Starting ProtocolHandler ["http-nio-8002"]
2022-05-31 13:25:28.802 [main] INFO  o.s.boot.web.embedded.tomcat.TomcatWebServer - Tomcat started on port(s): 8002 (http) with context path ''
2022-05-31 13:25:28.837 [main] INFO  o.s.c.alibaba.nacos.registry.NacosServiceRegistry - nacos registry, service-oss 192.168.1.8:8002 register finished
2022-05-31 13:25:29.058 [main] INFO  com.tzl.oss.OssApplication - Started OssApplication in 6.156 seconds (JVM running for 7.063)
2022-05-31 13:25:46.673 [http-nio-8002-exec-6] INFO  o.a.c.core.ContainerBase.[Tomcat].[localhost].[/] - Initializing Spring DispatcherServlet 'dispatcherServlet'
2022-05-31 13:25:46.673 [http-nio-8002-exec-6] INFO  org.springframework.web.servlet.DispatcherServlet - Initializing Servlet 'dispatcherServlet'
2022-05-31 13:25:46.680 [http-nio-8002-exec-6] INFO  org.springframework.web.servlet.DispatcherServlet - Completed initialization in 6 ms
2022-05-31 13:26:30.319 [http-nio-8002-exec-7] INFO  com.tzl.oss.serivce.impl.OssServiceImpl - fileName => banner/2022/05/31/7e531e0aee3fac056b88f877ec36748b.jpg
2022-05-31 13:26:30.320 [http-nio-8002-exec-7] INFO  com.tzl.oss.serivce.impl.OssServiceImpl - url =>https://guli-tzl.oss-cn-shanghai.aliyuncs.com/banner/2022/05/31/7e531e0aee3fac056b88f877ec36748b.jpg
2022-06-02 20:01:19.267 [main] INFO  com.tzl.oss.OssApplication - The following profiles are active: dev
2022-06-02 20:01:21.771 [main] INFO  o.s.d.r.config.RepositoryConfigurationDelegate - Multiple Spring Data modules found, entering strict repository configuration mode!
2022-06-02 20:01:21.779 [main] INFO  o.s.d.r.config.RepositoryConfigurationDelegate - Bootstrapping Spring Data repositories in DEFAULT mode.
2022-06-02 20:01:21.905 [main] INFO  o.s.d.r.config.RepositoryConfigurationDelegate - Finished Spring Data repository scanning in 42ms. Found 0 repository interfaces.
2022-06-02 20:01:22.867 [main] INFO  o.springframework.cloud.context.scope.GenericScope - BeanFactory id=fb775d8f-2096-381e-be08-8aa1dfb2b052
2022-06-02 20:01:23.160 [main] INFO  o.s.c.s.PostProcessorRegistrationDelegate$BeanPostProcessorChecker - Bean 'redisConfig' of type [com.tzl.config.RedisConfig$$EnhancerBySpringCGLIB$$1] is not eligible for getting processed by all BeanPostProcessors (for example: not eligible for auto-proxying)
2022-06-02 20:01:23.251 [main] INFO  o.s.c.s.PostProcessorRegistrationDelegate$BeanPostProcessorChecker - Bean 'org.springframework.transaction.annotation.ProxyTransactionManagementConfiguration' of type [org.springframework.transaction.annotation.ProxyTransactionManagementConfiguration] is not eligible for getting processed by all BeanPostProcessors (for example: not eligible for auto-proxying)
2022-06-02 20:01:23.357 [main] INFO  o.s.c.s.PostProcessorRegistrationDelegate$BeanPostProcessorChecker - Bean 'org.springframework.cloud.autoconfigure.ConfigurationPropertiesRebinderAutoConfiguration' of type [org.springframework.cloud.autoconfigure.ConfigurationPropertiesRebinderAutoConfiguration] is not eligible for getting processed by all BeanPostProcessors (for example: not eligible for auto-proxying)
2022-06-02 20:01:24.101 [main] INFO  o.s.boot.web.embedded.tomcat.TomcatWebServer - Tomcat initialized with port(s): 8002 (http)
2022-06-02 20:01:24.165 [main] INFO  org.apache.coyote.http11.Http11NioProtocol - Initializing ProtocolHandler ["http-nio-8002"]
2022-06-02 20:01:24.166 [main] INFO  org.apache.catalina.core.StandardService - Starting service [Tomcat]
2022-06-02 20:01:24.166 [main] INFO  org.apache.catalina.core.StandardEngine - Starting Servlet engine: [Apache Tomcat/9.0.27]
2022-06-02 20:01:24.577 [main] INFO  o.a.c.core.ContainerBase.[Tomcat].[localhost].[/] - Initializing Spring embedded WebApplicationContext
2022-06-02 20:01:24.578 [main] INFO  org.springframework.web.context.ContextLoader - Root WebApplicationContext: initialization completed in 5260 ms
2022-06-02 20:01:26.138 [main] INFO  s.d.s.w.PropertySourcedRequestMappingHandlerMapping - Mapped URL path [/v2/api-docs] onto method [springfox.documentation.swagger2.web.Swagger2Controller#getDocumentation(String, HttpServletRequest)]
2022-06-02 20:01:26.195 [main] INFO  com.netflix.config.sources.URLConfigurationSource - To enable URLs as dynamic configuration sources, define System property archaius.configurationSource.additionalUrls or make config.properties available on classpath.
2022-06-02 20:01:26.209 [main] INFO  com.netflix.config.sources.URLConfigurationSource - To enable URLs as dynamic configuration sources, define System property archaius.configurationSource.additionalUrls or make config.properties available on classpath.
2022-06-02 20:01:26.480 [main] INFO  o.s.scheduling.concurrent.ThreadPoolTaskExecutor - Initializing ExecutorService 'applicationTaskExecutor'
2022-06-02 20:01:27.528 [main] INFO  o.s.scheduling.concurrent.ThreadPoolTaskScheduler - Initializing ExecutorService
2022-06-02 20:01:28.573 [main] INFO  s.d.s.web.plugins.DocumentationPluginsBootstrapper - Context refreshed
2022-06-02 20:01:28.634 [main] INFO  s.d.s.web.plugins.DocumentationPluginsBootstrapper - Found 1 custom documentation plugin(s)
2022-06-02 20:01:28.742 [main] INFO  s.d.spring.web.scanners.ApiListingReferenceScanner - Scanning for api listing references
2022-06-02 20:01:29.185 [main] INFO  org.apache.coyote.http11.Http11NioProtocol - Starting ProtocolHandler ["http-nio-8002"]
2022-06-02 20:01:29.251 [main] INFO  o.s.boot.web.embedded.tomcat.TomcatWebServer - Tomcat started on port(s): 8002 (http) with context path ''
2022-06-02 20:01:29.278 [main] INFO  o.s.c.alibaba.nacos.registry.NacosServiceRegistry - nacos registry, service-oss 192.168.1.8:8002 register finished
2022-06-02 20:01:29.544 [main] INFO  com.tzl.oss.OssApplication - Started OssApplication in 13.967 seconds (JVM running for 19.646)
2022-06-02 20:03:24.813 [http-nio-8002-exec-2] INFO  o.a.c.core.ContainerBase.[Tomcat].[localhost].[/] - Initializing Spring DispatcherServlet 'dispatcherServlet'
2022-06-02 20:03:24.814 [http-nio-8002-exec-2] INFO  org.springframework.web.servlet.DispatcherServlet - Initializing Servlet 'dispatcherServlet'
2022-06-02 20:03:24.838 [http-nio-8002-exec-2] INFO  org.springframework.web.servlet.DispatcherServlet - Completed initialization in 22 ms
2022-06-06 10:22:08.787 [main] INFO  com.tzl.oss.OssApplication - The following profiles are active: dev
2022-06-06 10:22:09.871 [main] INFO  o.s.d.r.config.RepositoryConfigurationDelegate - Multiple Spring Data modules found, entering strict repository configuration mode!
2022-06-06 10:22:09.875 [main] INFO  o.s.d.r.config.RepositoryConfigurationDelegate - Bootstrapping Spring Data repositories in DEFAULT mode.
2022-06-06 10:22:09.903 [main] INFO  o.s.d.r.config.RepositoryConfigurationDelegate - Finished Spring Data repository scanning in 13ms. Found 0 repository interfaces.
2022-06-06 10:22:10.146 [main] INFO  o.springframework.cloud.context.scope.GenericScope - BeanFactory id=fb775d8f-2096-381e-be08-8aa1dfb2b052
2022-06-06 10:22:10.263 [main] INFO  o.s.c.s.PostProcessorRegistrationDelegate$BeanPostProcessorChecker - Bean 'redisConfig' of type [com.tzl.config.RedisConfig$$EnhancerBySpringCGLIB$$cf23a79f] is not eligible for getting processed by all BeanPostProcessors (for example: not eligible for auto-proxying)
2022-06-06 10:22:10.314 [main] INFO  o.s.c.s.PostProcessorRegistrationDelegate$BeanPostProcessorChecker - Bean 'org.springframework.transaction.annotation.ProxyTransactionManagementConfiguration' of type [org.springframework.transaction.annotation.ProxyTransactionManagementConfiguration] is not eligible for getting processed by all BeanPostProcessors (for example: not eligible for auto-proxying)
2022-06-06 10:22:10.365 [main] INFO  o.s.c.s.PostProcessorRegistrationDelegate$BeanPostProcessorChecker - Bean 'org.springframework.cloud.autoconfigure.ConfigurationPropertiesRebinderAutoConfiguration' of type [org.springframework.cloud.autoconfigure.ConfigurationPropertiesRebinderAutoConfiguration] is not eligible for getting processed by all BeanPostProcessors (for example: not eligible for auto-proxying)
2022-06-06 10:22:10.641 [main] INFO  o.s.boot.web.embedded.tomcat.TomcatWebServer - Tomcat initialized with port(s): 8002 (http)
2022-06-06 10:22:10.652 [main] INFO  org.apache.coyote.http11.Http11NioProtocol - Initializing ProtocolHandler ["http-nio-8002"]
2022-06-06 10:22:10.653 [main] INFO  org.apache.catalina.core.StandardService - Starting service [Tomcat]
2022-06-06 10:22:10.653 [main] INFO  org.apache.catalina.core.StandardEngine - Starting Servlet engine: [Apache Tomcat/9.0.27]
2022-06-06 10:22:10.911 [main] INFO  o.a.c.core.ContainerBase.[Tomcat].[localhost].[/] - Initializing Spring embedded WebApplicationContext
2022-06-06 10:22:10.911 [main] INFO  org.springframework.web.context.ContextLoader - Root WebApplicationContext: initialization completed in 2089 ms
2022-06-06 10:22:11.640 [main] INFO  s.d.s.w.PropertySourcedRequestMappingHandlerMapping - Mapped URL path [/v2/api-docs] onto method [springfox.documentation.swagger2.web.Swagger2Controller#getDocumentation(String, HttpServletRequest)]
2022-06-06 10:22:11.701 [main] INFO  com.netflix.config.sources.URLConfigurationSource - To enable URLs as dynamic configuration sources, define System property archaius.configurationSource.additionalUrls or make config.properties available on classpath.
2022-06-06 10:22:11.706 [main] INFO  com.netflix.config.sources.URLConfigurationSource - To enable URLs as dynamic configuration sources, define System property archaius.configurationSource.additionalUrls or make config.properties available on classpath.
2022-06-06 10:22:11.841 [main] INFO  o.s.scheduling.concurrent.ThreadPoolTaskExecutor - Initializing ExecutorService 'applicationTaskExecutor'
2022-06-06 10:22:12.522 [main] INFO  o.s.scheduling.concurrent.ThreadPoolTaskScheduler - Initializing ExecutorService
2022-06-06 10:22:13.337 [main] INFO  s.d.s.web.plugins.DocumentationPluginsBootstrapper - Context refreshed
2022-06-06 10:22:13.375 [main] INFO  s.d.s.web.plugins.DocumentationPluginsBootstrapper - Found 1 custom documentation plugin(s)
2022-06-06 10:22:13.430 [main] INFO  s.d.spring.web.scanners.ApiListingReferenceScanner - Scanning for api listing references
2022-06-06 10:22:13.627 [main] INFO  org.apache.coyote.http11.Http11NioProtocol - Starting ProtocolHandler ["http-nio-8002"]
2022-06-06 10:22:13.653 [main] INFO  o.s.boot.web.embedded.tomcat.TomcatWebServer - Tomcat started on port(s): 8002 (http) with context path ''
2022-06-06 10:22:13.667 [main] INFO  o.s.c.alibaba.nacos.registry.NacosServiceRegistry - nacos registry, service-oss 192.168.1.159:8002 register finished
2022-06-06 10:22:13.793 [http-nio-8002-exec-4] INFO  o.a.c.core.ContainerBase.[Tomcat].[localhost].[/] - Initializing Spring DispatcherServlet 'dispatcherServlet'
2022-06-06 10:22:13.793 [http-nio-8002-exec-4] INFO  org.springframework.web.servlet.DispatcherServlet - Initializing Servlet 'dispatcherServlet'
2022-06-06 10:22:13.801 [http-nio-8002-exec-4] INFO  org.springframework.web.servlet.DispatcherServlet - Completed initialization in 8 ms
2022-06-06 10:22:14.049 [main] INFO  com.tzl.oss.OssApplication - Started OssApplication in 7.028 seconds (JVM running for 8.151)
2022-06-08 14:55:18.054 [main] INFO  com.tzl.oss.OssApplication - The following profiles are active: dev
2022-06-08 14:55:20.382 [main] INFO  o.s.d.r.config.RepositoryConfigurationDelegate - Multiple Spring Data modules found, entering strict repository configuration mode!
2022-06-08 14:55:20.387 [main] INFO  o.s.d.r.config.RepositoryConfigurationDelegate - Bootstrapping Spring Data repositories in DEFAULT mode.
2022-06-08 14:55:20.445 [main] INFO  o.s.d.r.config.RepositoryConfigurationDelegate - Finished Spring Data repository scanning in 23ms. Found 0 repository interfaces.
2022-06-08 14:55:20.897 [main] INFO  o.springframework.cloud.context.scope.GenericScope - BeanFactory id=13eb2604-f56a-305d-a2bf-16f7e631ce1f
2022-06-08 14:55:21.114 [main] INFO  o.s.c.s.PostProcessorRegistrationDelegate$BeanPostProcessorChecker - Bean 'redisConfig' of type [com.tzl.config.RedisConfig$$EnhancerBySpringCGLIB$$b10c9370] is not eligible for getting processed by all BeanPostProcessors (for example: not eligible for auto-proxying)
2022-06-08 14:55:21.172 [main] INFO  o.s.c.s.PostProcessorRegistrationDelegate$BeanPostProcessorChecker - Bean 'org.springframework.transaction.annotation.ProxyTransactionManagementConfiguration' of type [org.springframework.transaction.annotation.ProxyTransactionManagementConfiguration] is not eligible for getting processed by all BeanPostProcessors (for example: not eligible for auto-proxying)
2022-06-08 14:55:21.231 [main] INFO  o.s.c.s.PostProcessorRegistrationDelegate$BeanPostProcessorChecker - Bean 'org.springframework.cloud.autoconfigure.ConfigurationPropertiesRebinderAutoConfiguration' of type [org.springframework.cloud.autoconfigure.ConfigurationPropertiesRebinderAutoConfiguration] is not eligible for getting processed by all BeanPostProcessors (for example: not eligible for auto-proxying)
2022-06-08 14:55:21.620 [main] INFO  o.s.boot.web.embedded.tomcat.TomcatWebServer - Tomcat initialized with port(s): 8002 (http)
2022-06-08 14:55:21.641 [main] INFO  org.apache.coyote.http11.Http11NioProtocol - Initializing ProtocolHandler ["http-nio-8002"]
2022-06-08 14:55:21.642 [main] INFO  org.apache.catalina.core.StandardService - Starting service [Tomcat]
2022-06-08 14:55:21.643 [main] INFO  org.apache.catalina.core.StandardEngine - Starting Servlet engine: [Apache Tomcat/9.0.27]
2022-06-08 14:55:21.857 [main] INFO  o.a.c.core.ContainerBase.[Tomcat].[localhost].[/] - Initializing Spring embedded WebApplicationContext
2022-06-08 14:55:21.858 [main] INFO  org.springframework.web.context.ContextLoader - Root WebApplicationContext: initialization completed in 3723 ms
2022-06-08 14:55:23.083 [main] INFO  s.d.s.w.PropertySourcedRequestMappingHandlerMapping - Mapped URL path [/v2/api-docs] onto method [springfox.documentation.swagger2.web.Swagger2Controller#getDocumentation(String, HttpServletRequest)]
2022-06-08 14:55:23.127 [main] INFO  com.netflix.config.sources.URLConfigurationSource - To enable URLs as dynamic configuration sources, define System property archaius.configurationSource.additionalUrls or make config.properties available on classpath.
2022-06-08 14:55:23.135 [main] INFO  com.netflix.config.sources.URLConfigurationSource - To enable URLs as dynamic configuration sources, define System property archaius.configurationSource.additionalUrls or make config.properties available on classpath.
2022-06-08 14:55:23.336 [main] INFO  o.s.scheduling.concurrent.ThreadPoolTaskExecutor - Initializing ExecutorService 'applicationTaskExecutor'
2022-06-08 14:55:24.705 [main] INFO  o.s.scheduling.concurrent.ThreadPoolTaskScheduler - Initializing ExecutorService
2022-06-08 14:55:26.165 [main] INFO  s.d.s.web.plugins.DocumentationPluginsBootstrapper - Context refreshed
2022-06-08 14:55:26.209 [main] INFO  s.d.s.web.plugins.DocumentationPluginsBootstrapper - Found 1 custom documentation plugin(s)
2022-06-08 14:55:26.281 [main] INFO  s.d.spring.web.scanners.ApiListingReferenceScanner - Scanning for api listing references
2022-06-08 14:55:26.543 [main] INFO  org.apache.coyote.http11.Http11NioProtocol - Starting ProtocolHandler ["http-nio-8002"]
2022-06-08 14:55:26.579 [main] INFO  o.s.boot.web.embedded.tomcat.TomcatWebServer - Tomcat started on port(s): 8002 (http) with context path ''
2022-06-08 14:55:26.597 [main] INFO  o.s.c.alibaba.nacos.registry.NacosServiceRegistry - nacos registry, service-oss 192.168.1.159:8002 register finished
2022-06-08 14:55:27.186 [main] INFO  com.tzl.oss.OssApplication - Started OssApplication in 12.78 seconds (JVM running for 15.608)
2022-06-08 15:14:00.666 [main] INFO  com.tzl.oss.OssApplication - The following profiles are active: dev
2022-06-08 15:14:01.899 [main] INFO  o.s.d.r.config.RepositoryConfigurationDelegate - Multiple Spring Data modules found, entering strict repository configuration mode!
2022-06-08 15:14:01.903 [main] INFO  o.s.d.r.config.RepositoryConfigurationDelegate - Bootstrapping Spring Data repositories in DEFAULT mode.
2022-06-08 15:14:01.934 [main] INFO  o.s.d.r.config.RepositoryConfigurationDelegate - Finished Spring Data repository scanning in 14ms. Found 0 repository interfaces.
2022-06-08 15:14:02.198 [main] INFO  o.springframework.cloud.context.scope.GenericScope - BeanFactory id=fb775d8f-2096-381e-be08-8aa1dfb2b052
2022-06-08 15:14:02.334 [main] INFO  o.s.c.s.PostProcessorRegistrationDelegate$BeanPostProcessorChecker - Bean 'redisConfig' of type [com.tzl.config.RedisConfig$$EnhancerBySpringCGLIB$$a0278cb9] is not eligible for getting processed by all BeanPostProcessors (for example: not eligible for auto-proxying)
2022-06-08 15:14:02.383 [main] INFO  o.s.c.s.PostProcessorRegistrationDelegate$BeanPostProcessorChecker - Bean 'org.springframework.transaction.annotation.ProxyTransactionManagementConfiguration' of type [org.springframework.transaction.annotation.ProxyTransactionManagementConfiguration] is not eligible for getting processed by all BeanPostProcessors (for example: not eligible for auto-proxying)
2022-06-08 15:14:02.435 [main] INFO  o.s.c.s.PostProcessorRegistrationDelegate$BeanPostProcessorChecker - Bean 'org.springframework.cloud.autoconfigure.ConfigurationPropertiesRebinderAutoConfiguration' of type [org.springframework.cloud.autoconfigure.ConfigurationPropertiesRebinderAutoConfiguration] is not eligible for getting processed by all BeanPostProcessors (for example: not eligible for auto-proxying)
2022-06-08 15:14:02.805 [main] INFO  o.s.boot.web.embedded.tomcat.TomcatWebServer - Tomcat initialized with port(s): 8002 (http)
2022-06-08 15:14:02.826 [main] INFO  org.apache.coyote.http11.Http11NioProtocol - Initializing ProtocolHandler ["http-nio-8002"]
2022-06-08 15:14:02.827 [main] INFO  org.apache.catalina.core.StandardService - Starting service [Tomcat]
2022-06-08 15:14:02.828 [main] INFO  org.apache.catalina.core.StandardEngine - Starting Servlet engine: [Apache Tomcat/9.0.27]
2022-06-08 15:14:03.027 [main] INFO  o.a.c.core.ContainerBase.[Tomcat].[localhost].[/] - Initializing Spring embedded WebApplicationContext
2022-06-08 15:14:03.028 [main] INFO  org.springframework.web.context.ContextLoader - Root WebApplicationContext: initialization completed in 2340 ms
2022-06-08 15:14:04.043 [main] INFO  s.d.s.w.PropertySourcedRequestMappingHandlerMapping - Mapped URL path [/v2/api-docs] onto method [springfox.documentation.swagger2.web.Swagger2Controller#getDocumentation(String, HttpServletRequest)]
2022-06-08 15:14:04.086 [main] INFO  com.netflix.config.sources.URLConfigurationSource - To enable URLs as dynamic configuration sources, define System property archaius.configurationSource.additionalUrls or make config.properties available on classpath.
2022-06-08 15:14:04.096 [main] INFO  com.netflix.config.sources.URLConfigurationSource - To enable URLs as dynamic configuration sources, define System property archaius.configurationSource.additionalUrls or make config.properties available on classpath.
2022-06-08 15:14:04.288 [main] INFO  o.s.scheduling.concurrent.ThreadPoolTaskExecutor - Initializing ExecutorService 'applicationTaskExecutor'
2022-06-08 15:14:05.265 [main] INFO  o.s.scheduling.concurrent.ThreadPoolTaskScheduler - Initializing ExecutorService
2022-06-08 15:14:06.524 [main] INFO  s.d.s.web.plugins.DocumentationPluginsBootstrapper - Context refreshed
2022-06-08 15:14:06.561 [main] INFO  s.d.s.web.plugins.DocumentationPluginsBootstrapper - Found 1 custom documentation plugin(s)
2022-06-08 15:14:06.643 [main] INFO  s.d.spring.web.scanners.ApiListingReferenceScanner - Scanning for api listing references
2022-06-08 15:14:06.918 [main] INFO  org.apache.coyote.http11.Http11NioProtocol - Starting ProtocolHandler ["http-nio-8002"]
2022-06-08 15:14:06.962 [main] INFO  o.s.boot.web.embedded.tomcat.TomcatWebServer - Tomcat started on port(s): 8002 (http) with context path ''
2022-06-08 15:14:06.995 [main] INFO  o.s.c.alibaba.nacos.registry.NacosServiceRegistry - nacos registry, service-oss 192.168.1.159:8002 register finished
2022-06-08 15:14:07.518 [main] INFO  com.tzl.oss.OssApplication - Started OssApplication in 9.123 seconds (JVM running for 10.197)
