2022-05-29 10:38:53.615 [main] WARN  o.s.c.a.ClassPathScanningCandidateComponentProvider - No MyBatis mapper was found in '[com.tzl.edu.mapper]' package. Please check your configuration.
2022-05-29 10:39:00.321 [main] WARN  o.s.b.w.s.c.AnnotationConfigServletWebServerApplicationContext - Exception encountered during context initialization - cancelling refresh attempt: org.springframework.beans.factory.UnsatisfiedDependencyException: Error creating bean with name 'userLogin': Unsatisfied dependency expressed through field 'ucenterMemberService'; nested exception is org.springframework.beans.factory.UnsatisfiedDependencyException: Error creating bean with name 'ucenterMemberServiceImpl': Unsatisfied dependency expressed through field 'baseMapper'; nested exception is org.springframework.beans.factory.UnsatisfiedDependencyException: Error creating bean with name 'ucenterMemberMapper' defined in file [C:\Users\tzl\Desktop\学习内容\谷粒学苑\project\guli_parent\service\service_user\target\classes\com\tzl\user\mapper\UcenterMemberMapper.class]: Unsatisfied dependency expressed through bean property 'sqlSessionFactory'; nested exception is org.springframework.beans.factory.BeanCreationException: Error creating bean with name 'sqlSessionFactory' defined in class path resource [com/baomidou/mybatisplus/autoconfigure/MybatisPlusAutoConfiguration.class]: Bean instantiation via factory method failed; nested exception is org.springframework.beans.BeanInstantiationException: Failed to instantiate [org.apache.ibatis.session.SqlSessionFactory]: Factory method 'sqlSessionFactory' threw exception; nested exception is com.baomidou.mybatisplus.core.exceptions.MybatisPlusException: Error: GlobalConfigUtils setMetaData Fail !  Cause:com.mysql.cj.jdbc.exceptions.CommunicationsException: Communications link failure

The last packet sent successfully to the server was 0 milliseconds ago. The driver has not received any packets from the server.
2022-05-29 10:39:51.450 [main] WARN  o.s.c.a.ClassPathScanningCandidateComponentProvider - No MyBatis mapper was found in '[com.tzl.edu.mapper]' package. Please check your configuration.
2022-05-29 10:39:55.387 [main] WARN  com.netflix.config.sources.URLConfigurationSource - No URLs will be polled as dynamic configuration sources.
2022-05-29 10:39:55.395 [main] WARN  com.netflix.config.sources.URLConfigurationSource - No URLs will be polled as dynamic configuration sources.
2022-05-29 10:48:19.754 [main] WARN  o.s.c.a.ClassPathScanningCandidateComponentProvider - No MyBatis mapper was found in '[com.tzl.edu.mapper]' package. Please check your configuration.
2022-05-29 10:48:23.331 [main] WARN  com.netflix.config.sources.URLConfigurationSource - No URLs will be polled as dynamic configuration sources.
2022-05-29 10:48:23.337 [main] WARN  com.netflix.config.sources.URLConfigurationSource - No URLs will be polled as dynamic configuration sources.
2022-05-29 14:02:18.432 [GuliHikariPool housekeeper] WARN  com.zaxxer.hikari.pool.HikariPool - GuliHikariPool - Thread starvation or clock leap detected (housekeeper delta=2m23s12ms150µs100ns).
2022-05-29 16:04:35.840 [main] WARN  org.mybatis.spring.mapper.ClassPathMapperScanner - No MyBatis mapper was found in '[com.tzl.edu.mapper]' package. Please check your configuration.
2022-05-29 16:04:38.894 [main] WARN  com.netflix.config.sources.URLConfigurationSource - No URLs will be polled as dynamic configuration sources.
2022-05-29 16:04:38.900 [main] WARN  com.netflix.config.sources.URLConfigurationSource - No URLs will be polled as dynamic configuration sources.
2022-05-29 17:35:28.983 [main] WARN  org.mybatis.spring.mapper.ClassPathMapperScanner - No MyBatis mapper was found in '[com.tzl.edu.mapper]' package. Please check your configuration.
2022-05-29 17:35:32.083 [main] WARN  com.netflix.config.sources.URLConfigurationSource - No URLs will be polled as dynamic configuration sources.
2022-05-29 17:35:32.090 [main] WARN  com.netflix.config.sources.URLConfigurationSource - No URLs will be polled as dynamic configuration sources.
2022-05-30 14:53:24.904 [main] WARN  org.mybatis.spring.mapper.ClassPathMapperScanner - No MyBatis mapper was found in '[com.tzl.edu.mapper]' package. Please check your configuration.
2022-05-30 14:53:28.280 [main] WARN  com.netflix.config.sources.URLConfigurationSource - No URLs will be polled as dynamic configuration sources.
2022-05-30 14:53:28.285 [main] WARN  com.netflix.config.sources.URLConfigurationSource - No URLs will be polled as dynamic configuration sources.
2022-05-30 20:23:26.582 [main] WARN  org.mybatis.spring.mapper.ClassPathMapperScanner - No MyBatis mapper was found in '[com.tzl.edu.mapper]' package. Please check your configuration.
2022-05-30 20:23:29.385 [main] WARN  com.netflix.config.sources.URLConfigurationSource - No URLs will be polled as dynamic configuration sources.
2022-05-30 20:23:29.390 [main] WARN  com.netflix.config.sources.URLConfigurationSource - No URLs will be polled as dynamic configuration sources.
2022-05-30 20:25:46.910 [main] WARN  org.mybatis.spring.mapper.ClassPathMapperScanner - No MyBatis mapper was found in '[com.tzl.edu.mapper]' package. Please check your configuration.
2022-05-30 20:25:49.755 [main] WARN  com.netflix.config.sources.URLConfigurationSource - No URLs will be polled as dynamic configuration sources.
2022-05-30 20:25:49.760 [main] WARN  com.netflix.config.sources.URLConfigurationSource - No URLs will be polled as dynamic configuration sources.
2022-05-31 14:25:13.185 [main] WARN  org.mybatis.spring.mapper.ClassPathMapperScanner - No MyBatis mapper was found in '[com.tzl.edu.mapper]' package. Please check your configuration.
2022-05-31 14:25:16.297 [main] WARN  com.netflix.config.sources.URLConfigurationSource - No URLs will be polled as dynamic configuration sources.
2022-05-31 14:25:16.302 [main] WARN  com.netflix.config.sources.URLConfigurationSource - No URLs will be polled as dynamic configuration sources.
2022-06-01 12:58:34.523 [main] WARN  org.mybatis.spring.mapper.ClassPathMapperScanner - No MyBatis mapper was found in '[com.tzl.edu.mapper]' package. Please check your configuration.
2022-06-01 12:58:38.003 [main] WARN  com.netflix.config.sources.URLConfigurationSource - No URLs will be polled as dynamic configuration sources.
2022-06-01 12:58:38.008 [main] WARN  com.netflix.config.sources.URLConfigurationSource - No URLs will be polled as dynamic configuration sources.
